#
# There is insufficient memory for the Java Runtime Environment to continue.
# Native memory allocation (mmap) failed to map 51904512 bytes for committing reserved memory.
# Possible reasons:
#   The system is out of physical RAM or swap space
#   In 32 bit mode, the process size limit was hit
# Possible solutions:
#   Reduce memory load on the system
#   Increase physical memory or swap space
#   Check if swap backing store is full
#   Use 64 bit Java on a 64 bit OS
#   Decrease Java heap size (-Xmx/-Xms)
#   Decrease number of Java threads
#   Decrease Java thread stack sizes (-Xss)
#   Set larger code cache with -XX:ReservedCodeCacheSize=
# This output file may be truncated or incomplete.
#
#  Out of Memory Error (os_linux.cpp:2640), pid=5030, tid=0x00007fae21bfb700
#
# JRE version: Java(TM) SE Runtime Environment (8.0_171-b11) (build 1.8.0_171-b11)
# Java VM: Java HotSpot(TM) 64-Bit Server VM (25.171-b11 mixed mode linux-amd64 compressed oops)
# Failed to write core dump. Core dumps have been disabled. To enable core dumping, try "ulimit -c unlimited" before starting Java again
#

---------------  T H R E A D  ---------------

Current thread (0x00007fae38143000):  VMThread [stack: 0x00007fae21afb000,0x00007fae21bfc000] [id=5038]

Stack: [0x00007fae21afb000,0x00007fae21bfc000],  sp=0x00007fae21bfa220,  free space=1020k
Native frames: (J=compiled Java code, j=interpreted, Vv=VM code, C=native code)
V  [libjvm.so+0xacfffa]  VMError::report_and_die()+0x2ba
V  [libjvm.so+0x5005cb]  report_vm_out_of_memory(char const*, int, unsigned long, VMErrorType, char const*)+0x8b
V  [libjvm.so+0x92dd93]  os::Linux::commit_memory_impl(char*, unsigned long, bool)+0x123
V  [libjvm.so+0x92dfb9]  os::pd_commit_memory(char*, unsigned long, unsigned long, bool)+0x29
V  [libjvm.so+0x92527a]  os::commit_memory(char*, unsigned long, unsigned long, bool)+0x2a
V  [libjvm.so+0x99b223]  PSVirtualSpace::expand_by(unsigned long)+0x53
V  [libjvm.so+0x99c628]  PSYoungGen::resize_generation(unsigned long, unsigned long)+0xf8
V  [libjvm.so+0x99b782]  PSYoungGen::resize(unsigned long, unsigned long)+0x22
V  [libjvm.so+0x998a5b]  PSScavenge::invoke_no_policy()+0xf3b
V  [libjvm.so+0x9991e1]  PSScavenge::invoke()+0x41
V  [libjvm.so+0x94fcb0]  ParallelScavengeHeap::failed_mem_allocate(unsigned long)+0x70
V  [libjvm.so+0xad1a77]  VM_ParallelGCFailedAllocation::doit()+0x97
V  [libjvm.so+0xad9595]  VM_Operation::evaluate()+0x55
V  [libjvm.so+0xad795a]  VMThread::evaluate_operation(VM_Operation*)+0xba
V  [libjvm.so+0xad7cde]  VMThread::loop()+0x1ce
V  [libjvm.so+0xad8150]  VMThread::run()+0x70
V  [libjvm.so+0x92e0f8]  java_start(Thread*)+0x108

VM_Operation (0x00007fadd2666000): ParallelGCFailedAllocation, mode: safepoint, requested by thread 0x00007fae3b92d800


---------------  P R O C E S S  ---------------

Java Threads: ( => current thread )
  0x00007fada8003800 JavaThread "scala-execution-context-global-45" daemon [_thread_blocked, id=5142, stack(0x00007fadd2066000,0x00007fadd2167000)]
  0x00007fad9c003000 JavaThread "scala-execution-context-global-44" daemon [_thread_blocked, id=5141, stack(0x00007fadd1449000,0x00007fadd154a000)]
  0x00007fadc0012000 JavaThread "pool-5-thread-6" [_thread_blocked, id=5139, stack(0x00007fadd1f65000,0x00007fadd2066000)]
  0x00007fae3bf35000 JavaThread "pool-5-thread-5" [_thread_blocked, id=5138, stack(0x00007fadd266a000,0x00007fadd276b000)]
  0x00007fae3b930800 JavaThread "pool-5-thread-4" [_thread_blocked, id=5137, stack(0x00007fadd2468000,0x00007fadd2569000)]
  0x00007fae3b92f800 JavaThread "pool-5-thread-3" [_thread_blocked, id=5136, stack(0x00007fadd184b000,0x00007fadd194c000)]
  0x00007fae3b92e800 JavaThread "pool-5-thread-2" [_thread_blocked, id=5135, stack(0x00007fadd2367000,0x00007fadd2468000)]
  0x00007fae3b92d800 JavaThread "pool-5-thread-1" [_thread_blocked, id=5134, stack(0x00007fadd2569000,0x00007fadd266a000)]
  0x00007fada4001800 JavaThread "scala-execution-context-global-32" daemon [_thread_blocked, id=5120, stack(0x00007fadd1247000,0x00007fadd1348000)]
  0x00007fae3abbe800 JavaThread "process reaper" daemon [_thread_blocked, id=5089, stack(0x00007fae180c5000,0x00007fae180fe000)]
  0x00007fae3ab6d000 JavaThread "process reaper" daemon [_thread_blocked, id=5087, stack(0x00007fae20006000,0x00007fae2003f000)]
  0x00007fae3a46a000 JavaThread "Log4j2-TF-1-AsyncLogger[AsyncContext@7ee955a8]-1" daemon [_thread_blocked, id=5085, stack(0x00007fae18afe000,0x00007fae18bff000)]
  0x00007fae381f7800 JavaThread "Service Thread" daemon [_thread_blocked, id=5082, stack(0x00007fae20eed000,0x00007fae20fee000)]
  0x00007fae381ec000 JavaThread "C1 CompilerThread2" daemon [_thread_blocked, id=5081, stack(0x00007fae20fee000,0x00007fae210ef000)]
  0x00007fae381e8000 JavaThread "C2 CompilerThread1" daemon [_thread_blocked, id=5080, stack(0x00007fae210ef000,0x00007fae211f0000)]
  0x00007fae381e5800 JavaThread "C2 CompilerThread0" daemon [_thread_blocked, id=5079, stack(0x00007fae211f0000,0x00007fae212f1000)]
  0x00007fae00001000 JavaThread "JDWP Command Reader" daemon [_thread_in_native, id=5045, stack(0x00007fae212f1000,0x00007fae213f2000)]
  0x00007fae38191000 JavaThread "JDWP Event Helper Thread" daemon [_thread_blocked, id=5044, stack(0x00007fae213f2000,0x00007fae214f3000)]
  0x00007fae3818d000 JavaThread "JDWP Transport Listener: dt_socket" daemon [_thread_blocked, id=5043, stack(0x00007fae214f3000,0x00007fae215f4000)]
  0x00007fae38181000 JavaThread "Signal Dispatcher" daemon [_thread_blocked, id=5042, stack(0x00007fae217f8000,0x00007fae218f9000)]
  0x00007fae3814f000 JavaThread "Finalizer" daemon [_thread_blocked, id=5040, stack(0x00007fae218f9000,0x00007fae219fa000)]
  0x00007fae3814a800 JavaThread "Reference Handler" daemon [_thread_blocked, id=5039, stack(0x00007fae219fa000,0x00007fae21afb000)]
  0x00007fae3800d800 JavaThread "main" [_thread_blocked, id=5033, stack(0x00007fae409eb000,0x00007fae40aec000)]

Other Threads:
=>0x00007fae38143000 VMThread [stack: 0x00007fae21afb000,0x00007fae21bfc000] [id=5038]
  0x00007fae381fc800 WatcherThread [stack: 0x00007fae20dec000,0x00007fae20eed000] [id=5083]

VM state:at safepoint (normal execution)

VM Mutex/Monitor currently owned by a thread:  ([mutex/lock_event])
[0x00007fae38009ff0] Threads_lock - owner thread: 0x00007fae38143000
[0x00007fae3800a4f0] Heap_lock - owner thread: 0x00007fae3b92d800

Heap:
 PSYoungGen      total 267776K, used 16865K [0x00000000eab00000, 0x00000000fce80000, 0x0000000100000000)
  eden space 237056K, 0% used [0x00000000eab00000,0x00000000eab00000,0x00000000f9280000)
  from space 30720K, 54% used [0x00000000fb080000,0x00000000fc0f8738,0x00000000fce80000)
  to   space 28672K, 0% used [0x00000000f9280000,0x00000000f9280000,0x00000000fae80000)
 ParOldGen       total 349696K, used 36758K [0x00000000c0000000, 0x00000000d5580000, 0x00000000eab00000)
  object space 349696K, 10% used [0x00000000c0000000,0x00000000c23e58f0,0x00000000d5580000)
 Metaspace       used 71904K, capacity 80458K, committed 80792K, reserved 1120256K
  class space    used 9839K, capacity 10306K, committed 10408K, reserved 1048576K

Card table byte_map: [0x00007fae3cdcf000,0x00007fae3cfd0000] byte_map_base: 0x00007fae3c7cf000

Marking Bits: (ParMarkBitMap*) 0x00007fae3fee4280
 Begin Bits: [0x00007fae22000000, 0x00007fae23000000)
 End Bits:   [0x00007fae23000000, 0x00007fae24000000)

Polling page: 0x00007fae40b06000

CodeCache: size=245760Kb used=18665Kb max_used=19572Kb free=227094Kb
 bounds [0x00007fae29000000, 0x00007fae2a340000, 0x00007fae38000000]
 total_blobs=7174 nmethods=6570 adapters=522
 compilation: enabled

Compilation events (10 events):
Event: 31,095 Thread 0x00007fae381e5800 nmethod 7602 0x00007fae29191a10 code [0x00007fae29191ba0, 0x00007fae29191fe8]
Event: 31,117 Thread 0x00007fae381e8000 nmethod 7603 0x00007fae29acfd10 code [0x00007fae29acff00, 0x00007fae29ad1038]
Event: 31,454 Thread 0x00007fae381ec000 7604       3       sun.nio.cs.UTF_8$Decoder::isNotContinuation (17 bytes)
Event: 31,455 Thread 0x00007fae381ec000 nmethod 7604 0x00007fae29e14f50 code [0x00007fae29e150c0, 0x00007fae29e15250]
Event: 33,861 Thread 0x00007fae381ec000 7607       3       com.sun.jna.Function::invoke (548 bytes)
Event: 33,865 Thread 0x00007fae381ec000 nmethod 7607 0x00007fae29639050 code [0x00007fae29639520, 0x00007fae2963ccb8]
Event: 33,865 Thread 0x00007fae381ec000 7605   !   3       com.sun.jna.Native::getBytes (75 bytes)
Event: 33,867 Thread 0x00007fae381ec000 nmethod 7605 0x00007fae29e7fe50 code [0x00007fae29e801c0, 0x00007fae29e81b98]
Event: 33,867 Thread 0x00007fae381ec000 7606       3       com.sun.jna.Memory::<init> (93 bytes)
Event: 33,868 Thread 0x00007fae381ec000 nmethod 7606 0x00007fae29640390 code [0x00007fae29640640, 0x00007fae29641798]

GC Heap History (10 events):
Event: 17,508 GC heap after
Heap after GC invocations=8 (full 3):
 PSYoungGen      total 183296K, used 8965K [0x00000000eab00000, 0x00000000fcb80000, 0x0000000100000000)
  eden space 161792K, 0% used [0x00000000eab00000,0x00000000eab00000,0x00000000f4900000)
  from space 21504K, 41% used [0x00000000f4900000,0x00000000f51c14a8,0x00000000f5e00000)
  to   space 29184K, 0% used [0x00000000faf00000,0x00000000faf00000,0x00000000fcb80000)
 ParOldGen       total 349696K, used 31153K [0x00000000c0000000, 0x00000000d5580000, 0x00000000eab00000)
  object space 349696K, 8% used [0x00000000c0000000,0x00000000c1e6c680,0x00000000d5580000)
 Metaspace       used 60579K, capacity 67488K, committed 67864K, reserved 1107968K
  class space    used 8478K, capacity 8878K, committed 9000K, reserved 1048576K
}
Event: 22,790 GC heap before
{Heap before GC invocations=9 (full 3):
 PSYoungGen      total 183296K, used 83908K [0x00000000eab00000, 0x00000000fcb80000, 0x0000000100000000)
  eden space 161792K, 46% used [0x00000000eab00000,0x00000000ef42fc00,0x00000000f4900000)
  from space 21504K, 41% used [0x00000000f4900000,0x00000000f51c14a8,0x00000000f5e00000)
  to   space 29184K, 0% used [0x00000000faf00000,0x00000000faf00000,0x00000000fcb80000)
 ParOldGen       total 349696K, used 31153K [0x00000000c0000000, 0x00000000d5580000, 0x00000000eab00000)
  object space 349696K, 8% used [0x00000000c0000000,0x00000000c1e6c680,0x00000000d5580000)
 Metaspace       used 67113K, capacity 74834K, committed 75160K, reserved 1114112K
  class space    used 9394K, capacity 9821K, committed 9896K, reserved 1048576K
Event: 22,806 GC heap after
Heap after GC invocations=9 (full 3):
 PSYoungGen      total 265216K, used 11060K [0x00000000eab00000, 0x00000000fca80000, 0x0000000100000000)
  eden space 237056K, 0% used [0x00000000eab00000,0x00000000eab00000,0x00000000f9280000)
  from space 28160K, 39% used [0x00000000faf00000,0x00000000fb9cd018,0x00000000fca80000)
  to   space 28672K, 0% used [0x00000000f9280000,0x00000000f9280000,0x00000000fae80000)
 ParOldGen       total 349696K, used 31161K [0x00000000c0000000, 0x00000000d5580000, 0x00000000eab00000)
  object space 349696K, 8% used [0x00000000c0000000,0x00000000c1e6e680,0x00000000d5580000)
 Metaspace       used 67113K, capacity 74834K, committed 75160K, reserved 1114112K
  class space    used 9394K, capacity 9821K, committed 9896K, reserved 1048576K
}
Event: 22,806 GC heap before
{Heap before GC invocations=10 (full 4):
 PSYoungGen      total 265216K, used 11060K [0x00000000eab00000, 0x00000000fca80000, 0x0000000100000000)
  eden space 237056K, 0% used [0x00000000eab00000,0x00000000eab00000,0x00000000f9280000)
  from space 28160K, 39% used [0x00000000faf00000,0x00000000fb9cd018,0x00000000fca80000)
  to   space 28672K, 0% used [0x00000000f9280000,0x00000000f9280000,0x00000000fae80000)
 ParOldGen       total 349696K, used 31161K [0x00000000c0000000, 0x00000000d5580000, 0x00000000eab00000)
  object space 349696K, 8% used [0x00000000c0000000,0x00000000c1e6e680,0x00000000d5580000)
 Metaspace       used 67113K, capacity 74834K, committed 75160K, reserved 1114112K
  class space    used 9394K, capacity 9821K, committed 9896K, reserved 1048576K
Event: 23,028 GC heap after
Heap after GC invocations=10 (full 4):
 PSYoungGen      total 265216K, used 0K [0x00000000eab00000, 0x00000000fca80000, 0x0000000100000000)
  eden space 237056K, 0% used [0x00000000eab00000,0x00000000eab00000,0x00000000f9280000)
  from space 28160K, 0% used [0x00000000faf00000,0x00000000faf00000,0x00000000fca80000)
  to   space 28672K, 0% used [0x00000000f9280000,0x00000000f9280000,0x00000000fae80000)
 ParOldGen       total 349696K, used 40020K [0x00000000c0000000, 0x00000000d5580000, 0x00000000eab00000)
  object space 349696K, 11% used [0x00000000c0000000,0x00000000c27150c8,0x00000000d5580000)
 Metaspace       used 66982K, capacity 74576K, committed 75160K, reserved 1114112K
  class space    used 9347K, capacity 9767K, committed 9896K, reserved 1048576K
}
Event: 23,059 GC heap before
{Heap before GC invocations=11 (full 4):
 PSYoungGen      total 265216K, used 4112K [0x00000000eab00000, 0x00000000fca80000, 0x0000000100000000)
  eden space 237056K, 1% used [0x00000000eab00000,0x00000000eaf04228,0x00000000f9280000)
  from space 28160K, 0% used [0x00000000faf00000,0x00000000faf00000,0x00000000fca80000)
  to   space 28672K, 0% used [0x00000000f9280000,0x00000000f9280000,0x00000000fae80000)
 ParOldGen       total 349696K, used 40020K [0x00000000c0000000, 0x00000000d5580000, 0x00000000eab00000)
  object space 349696K, 11% used [0x00000000c0000000,0x00000000c27150c8,0x00000000d5580000)
 Metaspace       used 66984K, capacity 74576K, committed 75160K, reserved 1114112K
  class space    used 9348K, capacity 9767K, committed 9896K, reserved 1048576K
Event: 23,061 GC heap after
Heap after GC invocations=11 (full 4):
 PSYoungGen      total 265728K, used 64K [0x00000000eab00000, 0x00000000fce80000, 0x0000000100000000)
  eden space 237056K, 0% used [0x00000000eab00000,0x00000000eab00000,0x00000000f9280000)
  from space 28672K, 0% used [0x00000000f9280000,0x00000000f9290000,0x00000000fae80000)
  to   space 30720K, 0% used [0x00000000fb080000,0x00000000fb080000,0x00000000fce80000)
 ParOldGen       total 349696K, used 40020K [0x00000000c0000000, 0x00000000d5580000, 0x00000000eab00000)
  object space 349696K, 11% used [0x00000000c0000000,0x00000000c27150c8,0x00000000d5580000)
 Metaspace       used 66984K, capacity 74576K, committed 75160K, reserved 1114112K
  class space    used 9348K, capacity 9767K, committed 9896K, reserved 1048576K
}
Event: 23,061 GC heap before
{Heap before GC invocations=12 (full 5):
 PSYoungGen      total 265728K, used 64K [0x00000000eab00000, 0x00000000fce80000, 0x0000000100000000)
  eden space 237056K, 0% used [0x00000000eab00000,0x00000000eab00000,0x00000000f9280000)
  from space 28672K, 0% used [0x00000000f9280000,0x00000000f9290000,0x00000000fae80000)
  to   space 30720K, 0% used [0x00000000fb080000,0x00000000fb080000,0x00000000fce80000)
 ParOldGen       total 349696K, used 40020K [0x00000000c0000000, 0x00000000d5580000, 0x00000000eab00000)
  object space 349696K, 11% used [0x00000000c0000000,0x00000000c27150c8,0x00000000d5580000)
 Metaspace       used 66984K, capacity 74576K, committed 75160K, reserved 1114112K
  class space    used 9348K, capacity 9767K, committed 9896K, reserved 1048576K
Event: 23,165 GC heap after
Heap after GC invocations=12 (full 5):
 PSYoungGen      total 265728K, used 0K [0x00000000eab00000, 0x00000000fce80000, 0x0000000100000000)
  eden space 237056K, 0% used [0x00000000eab00000,0x00000000eab00000,0x00000000f9280000)
  from space 28672K, 0% used [0x00000000f9280000,0x00000000f9280000,0x00000000fae80000)
  to   space 30720K, 0% used [0x00000000fb080000,0x00000000fb080000,0x00000000fce80000)
 ParOldGen       total 349696K, used 36750K [0x00000000c0000000, 0x00000000d5580000, 0x00000000eab00000)
  object space 349696K, 10% used [0x00000000c0000000,0x00000000c23e38f0,0x00000000d5580000)
 Metaspace       used 66984K, capacity 74576K, committed 75160K, reserved 1114112K
  class space    used 9348K, capacity 9767K, committed 9896K, reserved 1048576K
}
Event: 34,385 GC heap before
{Heap before GC invocations=13 (full 5):
 PSYoungGen      total 265728K, used 237056K [0x00000000eab00000, 0x00000000fce80000, 0x0000000100000000)
  eden space 237056K, 100% used [0x00000000eab00000,0x00000000f9280000,0x00000000f9280000)
  from space 28672K, 0% used [0x00000000f9280000,0x00000000f9280000,0x00000000fae80000)
  to   space 30720K, 0% used [0x00000000fb080000,0x00000000fb080000,0x00000000fce80000)
 ParOldGen       total 349696K, used 36750K [0x00000000c0000000, 0x00000000d5580000, 0x00000000eab00000)
  object space 349696K, 10% used [0x00000000c0000000,0x00000000c23e38f0,0x00000000d5580000)
 Metaspace       used 71904K, capacity 80458K, committed 80792K, reserved 1120256K
  class space    used 9839K, capacity 10306K, committed 10408K, reserved 1048576K

Deoptimization events (10 events):
Event: 24,191 Thread 0x00007fae3bf35000 Uncommon trap: reason=class_check action=maybe_recompile pc=0x00007fae2a040ef4 method=sjsonnew.Builder.addFieldName(Ljava/lang/String;)V @ 41
Event: 24,194 Thread 0x00007fae3bf35000 Uncommon trap: reason=class_check action=maybe_recompile pc=0x00007fae29424b20 method=sjsonnew.Builder.writeBoolean(Z)V @ 25
Event: 24,194 Thread 0x00007fae3bf35000 Uncommon trap: reason=class_check action=maybe_recompile pc=0x00007fae2a01c57c method=sjsonnew.Builder.addFieldName(Ljava/lang/String;)V @ 41
Event: 24,195 Thread 0x00007fae3bf35000 Uncommon trap: reason=class_check action=maybe_recompile pc=0x00007fae2a042a4c method=sjsonnew.Builder.addFieldName(Ljava/lang/String;)V @ 41
Event: 24,251 Thread 0x00007fae3bf35000 Uncommon trap: reason=unstable_if action=reinterpret pc=0x00007fae29f48878 method=jawn.Parser.rparse(IILscala/collection/immutable/List;Ljawn/Facade;)Lscala/Tuple2; @ 2077
Event: 24,680 Thread 0x00007fae3bf35000 Uncommon trap: reason=speculate_class_check action=maybe_recompile pc=0x00007fae29f7f7b0 method=sjsonnew.Unbuilder.endObject()V @ 33
Event: 27,344 Thread 0x00007fae3b92d800 Uncommon trap: reason=class_check action=maybe_recompile pc=0x00007fae293dc5ec method=java.util.zip.InflaterInputStream.read([BII)I @ 100
Event: 27,512 Thread 0x00007fae3b92d800 Uncommon trap: reason=class_check action=maybe_recompile pc=0x00007fae293dc5ec method=java.util.zip.InflaterInputStream.read([BII)I @ 100
Event: 27,610 Thread 0x00007fae3b92d800 Uncommon trap: reason=class_check action=maybe_recompile pc=0x00007fae293dc5ec method=java.util.zip.InflaterInputStream.read([BII)I @ 100
Event: 27,610 Thread 0x00007fae3b92d800 Uncommon trap: reason=class_check action=maybe_recompile pc=0x00007fae293dc5ec method=java.util.zip.InflaterInputStream.read([BII)I @ 100

Classes redefined (0 events):
No events

Internal exceptions (10 events):
Event: 27,667 Thread 0x00007fae3b92d800 Exception <a 'java/lang/NoSuchMethodError': java.lang.Object.$anonfun$foreach$4(Lscala/Function1;Ljava/lang/Object;)Ljava/lang/Object;> (0x00000000f5e13610) thrown at [/HUDSON/workspace/8-2-build-linux-amd64/jdk8u171/10807/hotspot/src/share/vm/interpreter
Event: 27,668 Thread 0x00007fae3b92d800 Exception <a 'java/lang/NoSuchMethodError': java.lang.Object.$anonfun$foreach$2(Lscala/collection/TraversableViewLike$Mapped;Lscala/Function1;Ljava/lang/Object;)Ljava/lang/Object;> (0x00000000f5e17968) thrown at [/HUDSON/workspace/8-2-build-linux-amd64/jd
Event: 28,710 Thread 0x00007fae3b92d800 Exception <a 'java/lang/NoSuchMethodError': java.lang.Object.$anonfun$JBooleanFormat$1$adapted(Lsjsonnew/shaded/scalajson/ast/unsafe/JBoolean;)Ljava/lang/Object;> (0x00000000f67802e0) thrown at [/HUDSON/workspace/8-2-build-linux-amd64/jdk8u171/10807/hotsp
Event: 28,712 Thread 0x00007fae3b92d800 Exception <a 'java/lang/NoSuchMethodError': java.lang.Object.$anonfun$JBooleanFormat$2$adapted(Ljava/lang/Object;)Lsjsonnew/shaded/scalajson/ast/unsafe/JBoolean;> (0x00000000f6785388) thrown at [/HUDSON/workspace/8-2-build-linux-amd64/jdk8u171/10807/hotsp
Event: 28,713 Thread 0x00007fae3b92d800 Exception <a 'java/lang/NoSuchMethodError': java.lang.Object.$anonfun$JStringFormat$1(Lsjsonnew/shaded/scalajson/ast/unsafe/JString;)Ljava/lang/String;> (0x00000000f678ce30) thrown at [/HUDSON/workspace/8-2-build-linux-amd64/jdk8u171/10807/hotspot/src/sha
Event: 28,714 Thread 0x00007fae3b92d800 Exception <a 'java/lang/NoSuchMethodError': java.lang.Object.$anonfun$JStringFormat$2(Ljava/lang/String;)Lsjsonnew/shaded/scalajson/ast/unsafe/JString;> (0x00000000f679df88) thrown at [/HUDSON/workspace/8-2-build-linux-amd64/jdk8u171/10807/hotspot/src/sha
Event: 28,715 Thread 0x00007fae3b92d800 Exception <a 'java/lang/NoSuchMethodError': java.lang.Object.$anonfun$JNumberFormat$1(Lsjsonnew/shaded/scalajson/ast/unsafe/JNumber;)Lscala/math/BigDecimal;> (0x00000000f67a5f98) thrown at [/HUDSON/workspace/8-2-build-linux-amd64/jdk8u171/10807/hotspot/sr
Event: 28,716 Thread 0x00007fae3b92d800 Exception <a 'java/lang/NoSuchMethodError': java.lang.Object.$anonfun$JNumberFormat$2(Lscala/math/BigDecimal;)Lsjsonnew/shaded/scalajson/ast/unsafe/JNumber;> (0x00000000f67aae60) thrown at [/HUDSON/workspace/8-2-build-linux-amd64/jdk8u171/10807/hotspot/sr
Event: 28,717 Thread 0x00007fae3b92d800 Exception <a 'java/lang/NoSuchMethodError': java.lang.Object.$anonfun$JArrayFormat$1(Lsjsonnew/shaded/scalajson/ast/unsafe/JArray;)[Lsjsonnew/shaded/scalajson/ast/unsafe/JValue;> (0x00000000f67b2e18) thrown at [/HUDSON/workspace/8-2-build-linux-amd64/jdk8
Event: 28,718 Thread 0x00007fae3b92d800 Exception <a 'java/lang/NoSuchMethodError': java.lang.Object.$anonfun$JArrayFormat$2([Lsjsonnew/shaded/scalajson/ast/unsafe/JValue;)Lsjsonnew/shaded/scalajson/ast/unsafe/JArray;> (0x00000000f67b7fa0) thrown at [/HUDSON/workspace/8-2-build-linux-amd64/jdk8

Events (10 events):
Event: 34,345 Thread 0x00007fae3a46a000 DEOPT UNPACKING pc=0x00007fae29047784 sp=0x00007fae18bfd270 mode 1
Event: 34,355 Thread 0x00007fae3a46a000 DEOPT PACKING pc=0x00007fae29939842 sp=0x00007fae18bfd450
Event: 34,355 Thread 0x00007fae3a46a000 DEOPT UNPACKING pc=0x00007fae29047784 sp=0x00007fae18bfd1a8 mode 1
Event: 34,355 Thread 0x00007fae3a46a000 DEOPT PACKING pc=0x00007fae297e08e4 sp=0x00007fae18bfd4f0
Event: 34,355 Thread 0x00007fae3a46a000 DEOPT UNPACKING pc=0x00007fae29047784 sp=0x00007fae18bfd270 mode 1
Event: 34,365 Thread 0x00007fae3a46a000 DEOPT PACKING pc=0x00007fae29939842 sp=0x00007fae18bfd450
Event: 34,365 Thread 0x00007fae3a46a000 DEOPT UNPACKING pc=0x00007fae29047784 sp=0x00007fae18bfd1a8 mode 1
Event: 34,366 Thread 0x00007fae3a46a000 DEOPT PACKING pc=0x00007fae297e08e4 sp=0x00007fae18bfd4f0
Event: 34,366 Thread 0x00007fae3a46a000 DEOPT UNPACKING pc=0x00007fae29047784 sp=0x00007fae18bfd270 mode 1
Event: 34,374 Executing VM operation: ParallelGCFailedAllocation


Dynamic libraries:
00400000-00401000 r-xp 00000000 08:06 401093                             /usr/lib/jvm/java-8-oracle/bin/java
00600000-00601000 rw-p 00000000 08:06 401093                             /usr/lib/jvm/java-8-oracle/bin/java
015a4000-015c5000 rw-p 00000000 00:00 0                                  [heap]
c0000000-d5580000 rw-p 00000000 00:00 0 
d5580000-eab00000 ---p 00000000 00:00 0 
eab00000-fce80000 rw-p 00000000 00:00 0 
100000000-100a2a000 rw-p 00000000 00:00 0 
100a2a000-140000000 ---p 00000000 00:00 0 
7fad9c000000-7fad9c021000 rw-p 00000000 00:00 0 
7fad9c021000-7fada0000000 ---p 00000000 00:00 0 
7fada4000000-7fada4021000 rw-p 00000000 00:00 0 
7fada4021000-7fada8000000 ---p 00000000 00:00 0 
7fada8000000-7fada8021000 rw-p 00000000 00:00 0 
7fada8021000-7fadac000000 ---p 00000000 00:00 0 
7fadac000000-7fadac803000 rw-p 00000000 00:00 0 
7fadac803000-7fadb0000000 ---p 00000000 00:00 0 
7fadb0000000-7fadb0021000 rw-p 00000000 00:00 0 
7fadb0021000-7fadb4000000 ---p 00000000 00:00 0 
7fadb4000000-7fadb4083000 rw-p 00000000 00:00 0 
7fadb4083000-7fadb8000000 ---p 00000000 00:00 0 
7fadb8000000-7fadb8021000 rw-p 00000000 00:00 0 
7fadb8021000-7fadbc000000 ---p 00000000 00:00 0 
7fadbc000000-7fadbc057000 rw-p 00000000 00:00 0 
7fadbc057000-7fadc0000000 ---p 00000000 00:00 0 
7fadc0000000-7fadc00ea000 rw-p 00000000 00:00 0 
7fadc00ea000-7fadc4000000 ---p 00000000 00:00 0 
7fadc4000000-7fadc435c000 rw-p 00000000 00:00 0 
7fadc435c000-7fadc8000000 ---p 00000000 00:00 0 
7fadc8000000-7fadc856b000 rw-p 00000000 00:00 0 
7fadc856b000-7fadcc000000 ---p 00000000 00:00 0 
7fadcc000000-7fadcc6dc000 rw-p 00000000 00:00 0 
7fadcc6dc000-7fadd0000000 ---p 00000000 00:00 0 
7fadd07e3000-7fadd08a3000 rw-p 00000000 00:00 0 
7fadd08a3000-7fadd09e3000 ---p 00000000 00:00 0 
7fadd09e3000-7fadd0be3000 rw-p 00000000 00:00 0 
7fadd0be3000-7fadd0de3000 rw-p 00000000 00:00 0 
7fadd0de3000-7fadd0e47000 r--s 00988000 08:06 1928208                    /home/a1/.ivy2/cache/scala_2.12/sbt_1.0/org.ensime/sbt-ensime/jars/sbt-ensime-2.5.1.jar
7fadd0e47000-7fadd1047000 rw-p 00000000 00:00 0 
7fadd1047000-7fadd1247000 rw-p 00000000 00:00 0 
7fadd1247000-7fadd124a000 ---p 00000000 00:00 0 
7fadd124a000-7fadd1348000 rw-p 00000000 00:00 0 
7fadd1348000-7fadd134b000 ---p 00000000 00:00 0 
7fadd134b000-7fadd1449000 rw-p 00000000 00:00 0 
7fadd1449000-7fadd144c000 ---p 00000000 00:00 0 
7fadd144c000-7fadd154a000 rw-p 00000000 00:00 0 
7fadd154a000-7fadd154d000 ---p 00000000 00:00 0 
7fadd154d000-7fadd164b000 rw-p 00000000 00:00 0 
7fadd164b000-7fadd184b000 rw-p 00000000 00:00 0 
7fadd184b000-7fadd184e000 ---p 00000000 00:00 0 
7fadd184e000-7fadd194c000 rw-p 00000000 00:00 0 
7fadd194c000-7fadd1964000 r-xp 00000000 08:06 2257404                    /tmp/jna-3056/jna3478220696677603364.tmp (deleted)
7fadd1964000-7fadd1b64000 ---p 00018000 08:06 2257404                    /tmp/jna-3056/jna3478220696677603364.tmp (deleted)
7fadd1b64000-7fadd1b65000 rw-p 00018000 08:06 2257404                    /tmp/jna-3056/jna3478220696677603364.tmp (deleted)
7fadd1b65000-7fadd1d65000 rw-p 00000000 00:00 0 
7fadd1d65000-7fadd1f65000 rw-p 00000000 00:00 0 
7fadd1f65000-7fadd1f68000 ---p 00000000 00:00 0 
7fadd1f68000-7fadd2066000 rw-p 00000000 00:00 0 
7fadd2066000-7fadd2069000 ---p 00000000 00:00 0 
7fadd2069000-7fadd2167000 rw-p 00000000 00:00 0 
7fadd2167000-7fadd2367000 rw-p 00000000 00:00 0 
7fadd2367000-7fadd236a000 ---p 00000000 00:00 0 
7fadd236a000-7fadd2468000 rw-p 00000000 00:00 0 
7fadd2468000-7fadd246b000 ---p 00000000 00:00 0 
7fadd246b000-7fadd2569000 rw-p 00000000 00:00 0 
7fadd2569000-7fadd256c000 ---p 00000000 00:00 0 
7fadd256c000-7fadd266a000 rw-p 00000000 00:00 0 
7fadd266a000-7fadd266d000 ---p 00000000 00:00 0 
7fadd266d000-7fadd276b000 rw-p 00000000 00:00 0 
7fadd276b000-7fadd2967000 rw-p 00000000 00:00 0 
7fadd2967000-7fadd296b000 ---p 00000000 00:00 0 
7fadd296b000-7fadd2b6b000 rw-p 00000000 00:00 0 
7fadd2b6b000-7fadd2d6b000 rw-p 00000000 00:00 0 
7fadd2d6b000-7fadd2f6b000 rw-p 00000000 00:00 0 
7fadd2f6b000-7fadd316b000 rw-p 00000000 00:00 0 
7fadd316b000-7fadd3200000 r--s 0110b000 08:06 403394                     /usr/lib/jvm/java-8-oracle/jre/lib/ext/jfxrt.jar
7fadd3200000-7fadd3400000 rw-p 00000000 00:00 0 
7fadd3400000-7fadd3600000 rw-p 00000000 00:00 0 
7fadd3600000-7fadd3800000 rw-p 00000000 00:00 0 
7fadd3800000-7fadd3a00000 rw-p 00000000 00:00 0 
7fadd3a00000-7fadd3c00000 rw-p 00000000 00:00 0 
7fadd3c00000-7fadd3e00000 rw-p 00000000 00:00 0 
7fadd3e00000-7fadd4000000 rw-p 00000000 00:00 0 
7fadd4000000-7fadd4028000 rw-p 00000000 00:00 0 
7fadd4028000-7fadd8000000 ---p 00000000 00:00 0 
7fadd8000000-7fadd8021000 rw-p 00000000 00:00 0 
7fadd8021000-7faddc000000 ---p 00000000 00:00 0 
7faddc000000-7faddc021000 rw-p 00000000 00:00 0 
7faddc021000-7fade0000000 ---p 00000000 00:00 0 
7fade0000000-7fade00a1000 rw-p 00000000 00:00 0 
7fade00a1000-7fade4000000 ---p 00000000 00:00 0 
7fade4000000-7fade5058000 rw-p 00000000 00:00 0 
7fade5058000-7fade8000000 ---p 00000000 00:00 0 
7fade8000000-7fade8021000 rw-p 00000000 00:00 0 
7fade8021000-7fadec000000 ---p 00000000 00:00 0 
7fadec000000-7fadeefe3000 rw-p 00000000 00:00 0 
7fadeefe3000-7fadf0000000 ---p 00000000 00:00 0 
7fadf0000000-7fadf30e2000 rw-p 00000000 00:00 0 
7fadf30e2000-7fadf4000000 ---p 00000000 00:00 0 
7fadf4000000-7fadf40d1000 rw-p 00000000 00:00 0 
7fadf40d1000-7fadf8000000 ---p 00000000 00:00 0 
7fadf8000000-7fadf8021000 rw-p 00000000 00:00 0 
7fadf8021000-7fadfc000000 ---p 00000000 00:00 0 
7fadfc000000-7fadfc021000 rw-p 00000000 00:00 0 
7fadfc021000-7fae00000000 ---p 00000000 00:00 0 
7fae00000000-7fae00021000 rw-p 00000000 00:00 0 
7fae00021000-7fae04000000 ---p 00000000 00:00 0 
7fae04000000-7fae04021000 rw-p 00000000 00:00 0 
7fae04021000-7fae08000000 ---p 00000000 00:00 0 
7fae08000000-7fae0803f000 rw-p 00000000 00:00 0 
7fae0803f000-7fae0c000000 ---p 00000000 00:00 0 
7fae0c000000-7fae0c021000 rw-p 00000000 00:00 0 
7fae0c021000-7fae10000000 ---p 00000000 00:00 0 
7fae10000000-7fae102ea000 rw-p 00000000 00:00 0 
7fae102ea000-7fae14000000 ---p 00000000 00:00 0 
7fae14000000-7fae1402a000 rw-p 00000000 00:00 0 
7fae1402a000-7fae18000000 ---p 00000000 00:00 0 
7fae1801b000-7fae1801c000 r--p 00000000 00:00 0 
7fae1801c000-7fae18022000 r--s 00080000 08:06 1753365                    /home/a1/.ivy2/cache/org.scala-lang.modules/scala-xml_2.12/bundles/scala-xml_2.12-1.0.6.jar
7fae18022000-7fae18024000 r--s 00001000 08:06 403392                     /usr/lib/jvm/java-8-oracle/jre/lib/ext/dnsns.jar
7fae18024000-7fae18026000 r--s 00009000 08:06 403391                     /usr/lib/jvm/java-8-oracle/jre/lib/ext/sunec.jar
7fae18026000-7fae1802b000 r--s 0003f000 08:06 403401                     /usr/lib/jvm/java-8-oracle/jre/lib/ext/sunjce_provider.jar
7fae1802b000-7fae1802f000 r--s 0003a000 08:06 403398                     /usr/lib/jvm/java-8-oracle/jre/lib/ext/sunpkcs11.jar
7fae1802f000-7fae18034000 r--s 00084000 08:06 403290                     /usr/lib/jvm/java-8-oracle/jre/lib/jfr.jar
7fae18034000-7fae18039000 r--s 002f9000 08:06 403339                     /usr/lib/jvm/java-8-oracle/jre/lib/charsets.jar
7fae18039000-7fae1804c000 r--s 00345000 08:06 403376                     /usr/lib/jvm/java-8-oracle/jre/lib/resources.jar
7fae1804c000-7fae180c5000 r--s 010f9000 08:06 402064                     /usr/lib/jvm/java-8-oracle/lib/tools.jar
7fae180c5000-7fae180c8000 ---p 00000000 00:00 0 
7fae180c8000-7fae180fe000 rw-p 00000000 00:00 0 
7fae180fe000-7fae182fe000 rw-p 00000000 00:00 0 
7fae182fe000-7fae184fe000 rw-p 00000000 00:00 0 
7fae184fe000-7fae186fe000 rw-p 00000000 00:00 0 
7fae186fe000-7fae188fe000 rw-p 00000000 00:00 0 
7fae188fe000-7fae18afe000 rw-p 00000000 00:00 0 
7fae18afe000-7fae18b01000 ---p 00000000 00:00 0 
7fae18b01000-7fae18bff000 rw-p 00000000 00:00 0 
7fae18bff000-7fae18dff000 rw-p 00000000 00:00 0 
7fae18dff000-7fae18fff000 rw-p 00000000 00:00 0 
7fae18fff000-7fae1c000000 rw-p 00000000 00:00 0 
7fae1c000000-7fae1c028000 rw-p 00000000 00:00 0 
7fae1c028000-7fae20000000 ---p 00000000 00:00 0 
7fae20000000-7fae20001000 r--s 00000000 08:06 1928209                    /home/a1/.ivy2/cache/scala_2.12/sbt_1.0/com.dwijnand/sbt-compat/jars/sbt-compat-1.0.0.jar
7fae20001000-7fae20002000 r--s 0000a000 08:06 403395                     /usr/lib/jvm/java-8-oracle/jre/lib/ext/jaccess.jar
7fae20002000-7fae20003000 r--s 00010000 08:06 403397                     /usr/lib/jvm/java-8-oracle/jre/lib/ext/zipfs.jar
7fae20003000-7fae20006000 r--s 0001a000 08:06 430425                     /usr/lib/jvm/java-8-oracle/jre/lib/jce.jar
7fae20006000-7fae20009000 ---p 00000000 00:00 0 
7fae20009000-7fae2003f000 rw-p 00000000 00:00 0 
7fae2003f000-7fae20046000 r--s 00000000 08:06 2930995                    /usr/lib/x86_64-linux-gnu/gconv/gconv-modules.cache
7fae20046000-7fae20076000 r--p 00000000 08:06 2902531                    /usr/share/locale/ru/LC_MESSAGES/libc.mo
7fae20076000-7fae2007b000 r--s 0009d000 08:06 403390                     /usr/lib/jvm/java-8-oracle/jre/lib/jsse.jar
7fae2007b000-7fae20096000 r--s 001d4000 08:06 403396                     /usr/lib/jvm/java-8-oracle/jre/lib/ext/nashorn.jar
7fae20096000-7fae2009f000 r-xp 00000000 08:06 430417                     /usr/lib/jvm/java-8-oracle/jre/lib/amd64/libmanagement.so
7fae2009f000-7fae2029e000 ---p 00009000 08:06 430417                     /usr/lib/jvm/java-8-oracle/jre/lib/amd64/libmanagement.so
7fae2029e000-7fae2029f000 rw-p 00008000 08:06 430417                     /usr/lib/jvm/java-8-oracle/jre/lib/amd64/libmanagement.so
7fae2029f000-7fae202a1000 r--s 00009000 08:06 1940585                    /home/a1/.sbt/boot/scala-2.12.6/org.scala-sbt/sbt/1.1.6/slf4j-api-1.7.25.jar
7fae202a1000-7fae202a2000 r--s 00011000 08:06 1937493                    /home/a1/.sbt/boot/scala-2.12.6/org.scala-sbt/sbt/1.1.6/run_2.12-1.1.6.jar
7fae202a2000-7fae204a2000 rw-p 00000000 00:00 0 
7fae204a2000-7fae204ac000 r--s 00116000 08:06 403400                     /usr/lib/jvm/java-8-oracle/jre/lib/ext/localedata.jar
7fae204ac000-7fae204c8000 r--s 00393000 08:06 403393                     /usr/lib/jvm/java-8-oracle/jre/lib/ext/cldrdata.jar
7fae204c8000-7fae206c8000 rw-p 00000000 00:00 0 
7fae206c8000-7fae208c8000 rw-p 00000000 00:00 0 
7fae208c8000-7fae208cb000 r--s 0003f000 08:06 1931660                    /home/a1/.sbt/boot/scala-2.12.6/org.scala-sbt/sbt/1.1.6/command_2.12-1.1.6.jar
7fae208cb000-7fae208d0000 r--s 00048000 08:06 1932156                    /home/a1/.sbt/boot/scala-2.12.6/org.scala-sbt/sbt/1.1.6/io_2.12-1.1.10.jar
7fae208d0000-7fae208d2000 r--s 00007000 08:06 1940442                    /home/a1/.sbt/boot/scala-2.12.6/org.scala-sbt/sbt/1.1.6/lenses_2.12-0.4.12.jar
7fae208d2000-7fae208d3000 r--s 00009000 08:06 1928846                    /home/a1/.sbt/boot/scala-2.12.6/org.scala-sbt/sbt/1.1.6/gigahorse-okhttp_2.12-0.3.0.jar
7fae208d3000-7fae208de000 r--s 0019b000 08:06 1940447                    /home/a1/.sbt/boot/scala-2.12.6/org.scala-sbt/sbt/1.1.6/main_2.12-1.1.6.jar
7fae208de000-7fae208e1000 r--s 00022000 08:06 1939984                    /home/a1/.sbt/boot/scala-2.12.6/org.scala-sbt/sbt/1.1.6/sbinary_2.12-0.4.4.jar
7fae208e1000-7fae208e3000 r--s 00032000 08:06 1940595                    /home/a1/.sbt/boot/scala-2.12.6/org.scala-sbt/sbt/1.1.6/actions_2.12-1.1.6.jar
7fae208e3000-7fae208e5000 r--s 0000e000 08:06 1934125                    /home/a1/.sbt/boot/scala-2.12.6/org.scala-sbt/sbt/1.1.6/sbt-1.1.6.jar
7fae208e5000-7fae208e6000 r--s 00007000 08:06 1940438                    /home/a1/.sbt/boot/scala-2.12.6/org.scala-sbt/sbt/1.1.6/okhttp-urlconnection-3.7.0.jar
7fae208e6000-7fae208ea000 r--s 00013000 08:06 1935462                    /home/a1/.sbt/boot/scala-2.12.6/org.scala-sbt/sbt/1.1.6/compiler-interface-1.1.7.jar
7fae208ea000-7fae208eb000 r--s 0000b000 08:06 1940427                    /home/a1/.sbt/boot/scala-2.12.6/org.scala-sbt/sbt/1.1.6/zinc-ivy-integration_2.12-1.1.7.jar
7fae208eb000-7fae208ed000 r--s 0000e000 08:06 1940596                    /home/a1/.sbt/boot/scala-2.12.6/org.scala-sbt/sbt/1.1.6/fastparse-utils_2.12-0.4.2.jar
7fae208ed000-7fae208ef000 r--s 00012000 08:06 1940441                    /home/a1/.sbt/boot/scala-2.12.6/org.scala-sbt/sbt/1.1.6/core-macros_2.12-1.1.6.jar
7fae208ef000-7fae208f3000 r--s 00030000 08:06 1939982                    /home/a1/.sbt/boot/scala-2.12.6/org.scala-sbt/sbt/1.1.6/scala-parser-combinators_2.12-1.0.5.jar
7fae208f3000-7fae208f5000 r--s 00008000 08:06 1934134                    /home/a1/.sbt/boot/scala-2.12.6/org.scala-sbt/sbt/1.1.6/sjson-new-scalajson_2.12-0.8.2.jar
7fae208f5000-7fae208f6000 r--s 00003000 08:06 1932147                    /home/a1/.sbt/boot/scala-2.12.6/org.scala-sbt/sbt/1.1.6/zinc-compile_2.12-1.1.7.jar
7fae208f6000-7fae208f7000 r--s 00003000 08:06 1940516                    /home/a1/.sbt/boot/scala-2.12.6/org.scala-sbt/sbt/1.1.6/util-relation_2.12-1.1.3.jar
7fae208f7000-7fae208f8000 r--s 00000000 08:06 1933065                    /home/a1/.sbt/boot/scala-2.12.6/org.scala-sbt/sbt/1.1.6/util-interface-1.1.3.jar
7fae208f8000-7fae208fa000 r--s 00024000 08:06 1932151                    /home/a1/.sbt/boot/scala-2.12.6/org.scala-sbt/sbt/1.1.6/zinc-apiinfo_2.12-1.1.7.jar
7fae208fa000-7fae208fe000 r--s 00039000 08:06 1939997                    /home/a1/.sbt/boot/scala-2.12.6/org.scala-sbt/sbt/1.1.6/util-logging_2.12-1.1.3.jar
7fae208fe000-7fae20901000 r--s 0003d000 08:06 1932162                    /home/a1/.sbt/boot/scala-2.12.6/org.scala-sbt/sbt/1.1.6/completion_2.12-1.1.6.jar
7fae20901000-7fae20906000 r--s 00031000 08:06 1940446                    /home/a1/.sbt/boot/scala-2.12.6/org.scala-sbt/sbt/1.1.6/config-1.2.0.jar
7fae20906000-7fae20908000 r--s 0000b000 08:06 1932159                    /home/a1/.sbt/boot/scala-2.12.6/org.scala-sbt/sbt/1.1.6/logic_2.12-1.1.6.jar
7fae20908000-7fae2090a000 r--s 0002d000 08:06 1940448                    /home/a1/.sbt/boot/scala-2.12.6/org.scala-sbt/sbt/1.1.6/util-cache_2.12-1.1.3.jar
7fae2090a000-7fae2090c000 r--s 00012000 08:06 1937974                    /home/a1/.sbt/boot/scala-2.12.6/org.scala-sbt/sbt/1.1.6/tasks_2.12-1.1.6.jar
7fae2090c000-7fae20912000 r--s 00093000 08:06 1940582                    /home/a1/.sbt/boot/scala-2.12.6/org.scala-sbt/sbt/1.1.6/librarymanagement-ivy_2.12-1.1.5.jar
7fae20912000-7fae20916000 r--s 0015c000 08:06 1940434                    /home/a1/.sbt/boot/scala-2.12.6/org.scala-sbt/sbt/1.1.6/jna-4.5.0.jar
7fae20916000-7fae20919000 r--s 00033000 08:06 1940586                    /home/a1/.sbt/boot/scala-2.12.6/org.scala-sbt/sbt/1.1.6/zinc-compile-core_2.12-1.1.7.jar
7fae20919000-7fae2091b000 r--s 00019000 08:06 1940552                    /home/a1/.sbt/boot/scala-2.12.6/org.scala-sbt/sbt/1.1.6/task-system_2.12-1.1.6.jar
7fae2091b000-7fae20920000 r--s 0004c000 08:06 1940590                    /home/a1/.sbt/boot/scala-2.12.6/org.scala-sbt/sbt/1.1.6/collections_2.12-1.1.6.jar
7fae20920000-7fae20921000 r--s 0000e000 08:06 1940591                    /home/a1/.sbt/boot/scala-2.12.6/org.scala-sbt/sbt/1.1.6/zinc_2.12-1.1.7.jar
7fae20921000-7fae20925000 r--s 0004f000 08:06 1928860                    /home/a1/.sbt/boot/scala-2.12.6/org.scala-sbt/sbt/1.1.6/zinc-core_2.12-1.1.7.jar
7fae20925000-7fae20926000 r--s 00005000 08:06 1933066                    /home/a1/.sbt/boot/scala-2.12.6/org.scala-sbt/sbt/1.1.6/log4j-slf4j-impl-2.8.1.jar
7fae20926000-7fae20927000 r--s 00002000 08:06 1932078                    /home/a1/.sbt/boot/scala-2.12.6/org.scala-sbt/sbt/1.1.6/launcher-interface-1.0.4.jar
7fae20927000-7fae2092b000 r--s 0003e000 08:06 1940426                    /home/a1/.sbt/boot/scala-2.12.6/org.scala-sbt/sbt/1.1.6/jline-2.14.6.jar
7fae2092b000-7fae2092d000 r--s 00011000 08:06 1934987                    /home/a1/.sbt/boot/scala-2.12.6/org.scala-sbt/sbt/1.1.6/jawn-parser_2.12-0.10.4.jar
7fae2092d000-7fae20933000 r--s 000bb000 08:06 1940589                    /home/a1/.sbt/boot/scala-2.12.6/org.scala-sbt/sbt/1.1.6/sjson-new-core_2.12-0.8.2.jar
7fae20933000-7fae2094d000 r--s 0021e000 08:06 1932148                    /home/a1/.sbt/boot/scala-2.12.6/org.scala-sbt/sbt/1.1.6/jna-platform-4.5.0.jar
7fae2094d000-7fae20951000 r--s 00047000 08:06 1940587                    /home/a1/.sbt/boot/scala-2.12.6/org.scala-sbt/sbt/1.1.6/fastparse_2.12-0.4.2.jar
7fae20951000-7fae20956000 r--s 00062000 08:06 1940594                    /home/a1/.sbt/boot/scala-2.12.6/org.scala-sbt/sbt/1.1.6/protocol_2.12-1.1.6.jar
7fae20956000-7fae20958000 r--s 00004000 08:06 1940439                    /home/a1/.sbt/boot/scala-2.12.6/org.scala-sbt/sbt/1.1.6/ipcsocket-1.0.0.jar
7fae20958000-7fae20959000 r--s 00001000 08:06 1932155                    /home/a1/.sbt/boot/scala-2.12.6/org.scala-sbt/sbt/1.1.6/scalacache-caffeine_2.12-0.20.0.jar
7fae20959000-7fae20966000 r--s 001ae000 08:06 1940440                    /home/a1/.sbt/boot/scala-2.12.6/org.scala-sbt/sbt/1.1.6/zinc-persist_2.12-1.1.7.jar
7fae20966000-7fae2096c000 r--s 00080000 08:06 1930906                    /home/a1/.sbt/boot/scala-2.12.6/org.scala-sbt/sbt/1.1.6/scala-xml_2.12-1.0.6.jar
7fae2096c000-7fae2096d000 r--s 00000000 08:06 1939995                    /home/a1/.sbt/boot/scala-2.12.6/org.scala-sbt/sbt/1.1.6/reactive-streams-1.0.0.jar
7fae2096d000-7fae2096f000 r--s 00007000 08:06 1939988                    /home/a1/.sbt/boot/scala-2.12.6/org.scala-sbt/sbt/1.1.6/util-tracking_2.12-1.1.3.jar
7fae2096f000-7fae2097e000 r--s 0013d000 08:06 1928842                    /home/a1/.sbt/boot/scala-2.12.6/org.scala-sbt/sbt/1.1.6/protobuf-java-3.3.1.jar
7fae2097e000-7fae20982000 r--s 00038000 08:06 1931785                    /home/a1/.sbt/boot/scala-2.12.6/org.scala-sbt/sbt/1.1.6/ssl-config-core_2.12-0.2.2.jar
7fae20982000-7fae20989000 r--s 00095000 08:06 1938717                    /home/a1/.sbt/boot/scala-2.12.6/org.scala-sbt/sbt/1.1.6/main-settings_2.12-1.1.6.jar
7fae20989000-7fae20993000 r--s 000ac000 08:06 1932152                    /home/a1/.sbt/boot/scala-2.12.6/org.scala-sbt/sbt/1.1.6/librarymanagement-core_2.12-1.1.5.jar
7fae20993000-7fae209a8000 r--s 00101000 08:06 1934120                    /home/a1/.sbt/boot/scala-2.12.6/org.scala-sbt/sbt/1.1.6/ivy-2.3.0-sbt-b18f59ea3bc914a297bb6f1a4f7fb0ace399e310.jar
7fae209a8000-7fae209c4000 r--s 0013b000 08:06 1928831                    /home/a1/.sbt/boot/scala-2.12.6/org.scala-sbt/sbt/1.1.6/log4j-core-2.8.1.jar
7fae209c4000-7fae209d5000 r-xp 00000000 08:06 430412                     /usr/lib/jvm/java-8-oracle/jre/lib/amd64/libnio.so
7fae209d5000-7fae20bd4000 ---p 00011000 08:06 430412                     /usr/lib/jvm/java-8-oracle/jre/lib/amd64/libnio.so
7fae20bd4000-7fae20bd5000 rw-p 00010000 08:06 430412                     /usr/lib/jvm/java-8-oracle/jre/lib/amd64/libnio.so
7fae20bd5000-7fae20beb000 r-xp 00000000 08:06 403512                     /usr/lib/jvm/java-8-oracle/jre/lib/amd64/libnet.so
7fae20beb000-7fae20deb000 ---p 00016000 08:06 403512                     /usr/lib/jvm/java-8-oracle/jre/lib/amd64/libnet.so
7fae20deb000-7fae20dec000 rw-p 00016000 08:06 403512                     /usr/lib/jvm/java-8-oracle/jre/lib/amd64/libnet.so
7fae20dec000-7fae20ded000 ---p 00000000 00:00 0 
7fae20ded000-7fae20eed000 rw-p 00000000 00:00 0 
7fae20eed000-7fae20ef0000 ---p 00000000 00:00 0 
7fae20ef0000-7fae20fee000 rw-p 00000000 00:00 0 
7fae20fee000-7fae20ff1000 ---p 00000000 00:00 0 
7fae20ff1000-7fae210ef000 rw-p 00000000 00:00 0 
7fae210ef000-7fae210f2000 ---p 00000000 00:00 0 
7fae210f2000-7fae211f0000 rw-p 00000000 00:00 0 
7fae211f0000-7fae211f3000 ---p 00000000 00:00 0 
7fae211f3000-7fae212f1000 rw-p 00000000 00:00 0 
7fae212f1000-7fae212f4000 ---p 00000000 00:00 0 
7fae212f4000-7fae213f2000 rw-p 00000000 00:00 0 
7fae213f2000-7fae213f5000 ---p 00000000 00:00 0 
7fae213f5000-7fae214f3000 rw-p 00000000 00:00 0 
7fae214f3000-7fae214f6000 ---p 00000000 00:00 0 
7fae214f6000-7fae215f4000 rw-p 00000000 00:00 0 
7fae215f4000-7fae215f8000 r-xp 00000000 08:06 403477                     /usr/lib/jvm/java-8-oracle/jre/lib/amd64/libdt_socket.so
7fae215f8000-7fae217f7000 ---p 00004000 08:06 403477                     /usr/lib/jvm/java-8-oracle/jre/lib/amd64/libdt_socket.so
7fae217f7000-7fae217f8000 rw-p 00003000 08:06 403477                     /usr/lib/jvm/java-8-oracle/jre/lib/amd64/libdt_socket.so
7fae217f8000-7fae217fb000 ---p 00000000 00:00 0 
7fae217fb000-7fae218f9000 rw-p 00000000 00:00 0 
7fae218f9000-7fae218fc000 ---p 00000000 00:00 0 
7fae218fc000-7fae219fa000 rw-p 00000000 00:00 0 
7fae219fa000-7fae219fd000 ---p 00000000 00:00 0 
7fae219fd000-7fae21afb000 rw-p 00000000 00:00 0 
7fae21afb000-7fae21afc000 ---p 00000000 00:00 0 
7fae21afc000-7fae22000000 rw-p 00000000 00:00 0 
7fae22000000-7fae24000000 rw-p 00000000 00:00 0 
7fae24000000-7fae24021000 rw-p 00000000 00:00 0 
7fae24021000-7fae28000000 ---p 00000000 00:00 0 
7fae28000000-7fae28001000 r--s 00000000 08:06 1938335                    /home/a1/.sbt/boot/scala-2.12.6/org.scala-sbt/sbt/1.1.6/template-resolver-0.1.jar
7fae28001000-7fae28002000 r--s 0000c000 08:06 1940592                    /home/a1/.sbt/boot/scala-2.12.6/org.scala-sbt/sbt/1.1.6/zinc-classfile_2.12-1.1.7.jar
7fae28002000-7fae28003000 r--s 00003000 08:06 1940507                    /home/a1/.sbt/boot/scala-2.12.6/org.scala-sbt/sbt/1.1.6/util-position_2.12-1.1.3.jar
7fae28003000-7fae28008000 r--s 00040000 08:06 1938367                    /home/a1/.sbt/boot/scala-2.12.6/org.scala-sbt/sbt/1.1.6/jsch-0.1.54.jar
7fae28008000-7fae28009000 r--s 00005000 08:06 1935796                    /home/a1/.sbt/boot/scala-2.12.6/org.scala-sbt/sbt/1.1.6/apple-file-events-1.3.2.jar
7fae28009000-7fae2800c000 r--s 00026000 08:06 1940445                    /home/a1/.sbt/boot/scala-2.12.6/org.scala-sbt/sbt/1.1.6/gigahorse-core_2.12-0.3.0.jar
7fae2800c000-7fae2800e000 r--s 00002000 08:06 1940444                    /home/a1/.sbt/boot/scala-2.12.6/org.scala-sbt/sbt/1.1.6/test-interface-1.0.jar
7fae2800e000-7fae28011000 r--s 00012000 08:06 1934988                    /home/a1/.sbt/boot/scala-2.12.6/org.scala-sbt/sbt/1.1.6/disruptor-3.3.6.jar
7fae28011000-7fae28013000 r--s 00011000 08:06 1932142                    /home/a1/.sbt/boot/scala-2.12.6/org.scala-sbt/sbt/1.1.6/zinc-classpath_2.12-1.1.7.jar
7fae28013000-7fae28015000 r--s 00019000 08:06 1932150                    /home/a1/.sbt/boot/scala-2.12.6/org.scala-sbt/sbt/1.1.6/sourcecode_2.12-0.1.3.jar
7fae28015000-7fae28018000 r--s 0001c000 08:06 1940048                    /home/a1/.sbt/boot/scala-2.12.6/org.scala-sbt/sbt/1.1.6/scalacache-core_2.12-0.20.0.jar
7fae28018000-7fae2802e000 r--s 000e0000 08:06 1934137                    /home/a1/.sbt/boot/scala-2.12.6/org.scala-sbt/sbt/1.1.6/caffeine-2.5.6.jar
7fae2802e000-7fae28051000 r--s 0034e000 08:06 1938714                    /home/a1/.sbt/boot/scala-2.12.6/org.scala-sbt/sbt/1.1.6/scala-reflect-2.12.6.jar
7fae28051000-7fae28074000 r--s 0034e000 08:06 1895456                    /home/a1/.sbt/boot/scala-2.12.6/lib/scala-reflect.jar
7fae28074000-7fae280c2000 r--s 009a1000 08:06 1895455                    /home/a1/.sbt/boot/scala-2.12.6/lib/scala-compiler.jar
7fae280c2000-7fae280f9000 r--s 004cf000 08:06 1895295                    /home/a1/.sbt/boot/scala-2.12.6/lib/scala-library.jar
7fae280f9000-7fae28800000 rw-p 00000000 00:00 0 
7fae28800000-7fae29000000 rw-p 00000000 00:00 0 
7fae29000000-7fae2a340000 rwxp 00000000 00:00 0 
7fae2a340000-7fae38000000 ---p 00000000 00:00 0 
7fae38000000-7fae3bffe000 rw-p 00000000 00:00 0 
7fae3bffe000-7fae3c000000 ---p 00000000 00:00 0 
7fae3c000000-7fae3c002000 r--s 0000f000 08:06 1940553                    /home/a1/.sbt/boot/scala-2.12.6/org.scala-sbt/sbt/1.1.6/shaded-scalajson_2.12-1.0.0-M4.jar
7fae3c002000-7fae3c00f000 r--s 001a6000 08:06 1940437                    /home/a1/.sbt/boot/scala-2.12.6/org.scala-sbt/sbt/1.1.6/scalapb-runtime_2.12-0.6.0.jar
7fae3c00f000-7fae3c015000 r--s 0005b000 08:06 1939985                    /home/a1/.sbt/boot/scala-2.12.6/org.scala-sbt/sbt/1.1.6/okhttp-3.7.0.jar
7fae3c015000-7fae3c017000 r--s 00012000 08:06 1940593                    /home/a1/.sbt/boot/scala-2.12.6/org.scala-sbt/sbt/1.1.6/okio-1.12.0.jar
7fae3c017000-7fae3c01a000 r--s 0002d000 08:06 1940443                    /home/a1/.sbt/boot/scala-2.12.6/org.scala-sbt/sbt/1.1.6/testing_2.12-1.1.6.jar
7fae3c01a000-7fae3c01c000 r--s 00002000 08:06 1928830                    /home/a1/.sbt/boot/scala-2.12.6/org.scala-sbt/sbt/1.1.6/util-control_2.12-1.1.3.jar
7fae3c01c000-7fae3c021000 r--s 00033000 08:06 1931871                    /home/a1/.sbt/boot/scala-2.12.6/org.scala-sbt/sbt/1.1.6/log4j-api-2.8.1.jar
7fae3c021000-7fae3c425000 rw-p 00000000 00:00 0 
7fae3c425000-7fae3c5ff000 r--s 03d68000 08:06 403341                     /usr/lib/jvm/java-8-oracle/jre/lib/rt.jar
7fae3c5ff000-7fae3c675000 rw-p 00000000 00:00 0 
7fae3c675000-7fae3c875000 rw-p 00000000 00:00 0 
7fae3c875000-7fae3c876000 ---p 00000000 00:00 0 
7fae3c876000-7fae3c976000 rw-p 00000000 00:00 0 
7fae3c976000-7fae3c977000 ---p 00000000 00:00 0 
7fae3c977000-7fae3ca77000 rw-p 00000000 00:00 0 
7fae3ca77000-7fae3ca78000 ---p 00000000 00:00 0 
7fae3ca78000-7fae3cb78000 rw-p 00000000 00:00 0 
7fae3cb78000-7fae3cb79000 ---p 00000000 00:00 0 
7fae3cb79000-7fae3cc79000 rw-p 00000000 00:00 0 
7fae3cc79000-7fae3cd24000 rw-p 00000000 00:00 0 
7fae3cd24000-7fae3cdcf000 ---p 00000000 00:00 0 
7fae3cdcf000-7fae3ce7a000 rw-p 00000000 00:00 0 
7fae3ce7a000-7fae3cf24000 ---p 00000000 00:00 0 
7fae3cf24000-7fae3cfb7000 rw-p 00000000 00:00 0 
7fae3cfb7000-7fae3cfcf000 ---p 00000000 00:00 0 
7fae3cfcf000-7fae3d01d000 rw-p 00000000 00:00 0 
7fae3d01d000-7fae3d390000 ---p 00000000 00:00 0 
7fae3d390000-7fae3d3ab000 r-xp 00000000 08:06 403508                     /usr/lib/jvm/java-8-oracle/jre/lib/amd64/libzip.so
7fae3d3ab000-7fae3d5ab000 ---p 0001b000 08:06 403508                     /usr/lib/jvm/java-8-oracle/jre/lib/amd64/libzip.so
7fae3d5ab000-7fae3d5ac000 rw-p 0001b000 08:06 403508                     /usr/lib/jvm/java-8-oracle/jre/lib/amd64/libzip.so
7fae3d5ac000-7fae3d5b6000 r-xp 00000000 08:06 1576648                    /lib/x86_64-linux-gnu/libnss_files-2.24.so
7fae3d5b6000-7fae3d7b6000 ---p 0000a000 08:06 1576648                    /lib/x86_64-linux-gnu/libnss_files-2.24.so
7fae3d7b6000-7fae3d7b7000 r--p 0000a000 08:06 1576648                    /lib/x86_64-linux-gnu/libnss_files-2.24.so
7fae3d7b7000-7fae3d7b8000 rw-p 0000b000 08:06 1576648                    /lib/x86_64-linux-gnu/libnss_files-2.24.so
7fae3d7b8000-7fae3d7be000 rw-p 00000000 00:00 0 
7fae3d7be000-7fae3d7c9000 r-xp 00000000 08:06 1576650                    /lib/x86_64-linux-gnu/libnss_nis-2.24.so
7fae3d7c9000-7fae3d9c8000 ---p 0000b000 08:06 1576650                    /lib/x86_64-linux-gnu/libnss_nis-2.24.so
7fae3d9c8000-7fae3d9c9000 r--p 0000a000 08:06 1576650                    /lib/x86_64-linux-gnu/libnss_nis-2.24.so
7fae3d9c9000-7fae3d9ca000 rw-p 0000b000 08:06 1576650                    /lib/x86_64-linux-gnu/libnss_nis-2.24.so
7fae3d9ca000-7fae3d9de000 r-xp 00000000 08:06 1576645                    /lib/x86_64-linux-gnu/libnsl-2.24.so
7fae3d9de000-7fae3dbde000 ---p 00014000 08:06 1576645                    /lib/x86_64-linux-gnu/libnsl-2.24.so
7fae3dbde000-7fae3dbdf000 r--p 00014000 08:06 1576645                    /lib/x86_64-linux-gnu/libnsl-2.24.so
7fae3dbdf000-7fae3dbe0000 rw-p 00015000 08:06 1576645                    /lib/x86_64-linux-gnu/libnsl-2.24.so
7fae3dbe0000-7fae3dbe2000 rw-p 00000000 00:00 0 
7fae3dbe2000-7fae3dbe9000 r-xp 00000000 08:06 1576646                    /lib/x86_64-linux-gnu/libnss_compat-2.24.so
7fae3dbe9000-7fae3dde8000 ---p 00007000 08:06 1576646                    /lib/x86_64-linux-gnu/libnss_compat-2.24.so
7fae3dde8000-7fae3dde9000 r--p 00006000 08:06 1576646                    /lib/x86_64-linux-gnu/libnss_compat-2.24.so
7fae3dde9000-7fae3ddea000 rw-p 00007000 08:06 1576646                    /lib/x86_64-linux-gnu/libnss_compat-2.24.so
7fae3ddea000-7fae3ddf4000 r-xp 00000000 08:06 430414                     /usr/lib/jvm/java-8-oracle/jre/lib/amd64/libinstrument.so
7fae3ddf4000-7fae3dff3000 ---p 0000a000 08:06 430414                     /usr/lib/jvm/java-8-oracle/jre/lib/amd64/libinstrument.so
7fae3dff3000-7fae3dff4000 rw-p 00009000 08:06 430414                     /usr/lib/jvm/java-8-oracle/jre/lib/amd64/libinstrument.so
7fae3dff4000-7fae3e18f000 r--p 00000000 08:06 2924692                    /usr/lib/locale/locale-archive
7fae3e18f000-7fae3e191000 r-xp 00000000 08:06 403479                     /usr/lib/jvm/java-8-oracle/jre/lib/amd64/libnpt.so
7fae3e191000-7fae3e391000 ---p 00002000 08:06 403479                     /usr/lib/jvm/java-8-oracle/jre/lib/amd64/libnpt.so
7fae3e391000-7fae3e392000 rw-p 00002000 08:06 403479                     /usr/lib/jvm/java-8-oracle/jre/lib/amd64/libnpt.so
7fae3e392000-7fae3e3cc000 r-xp 00000000 08:06 403495                     /usr/lib/jvm/java-8-oracle/jre/lib/amd64/libjdwp.so
7fae3e3cc000-7fae3e5cb000 ---p 0003a000 08:06 403495                     /usr/lib/jvm/java-8-oracle/jre/lib/amd64/libjdwp.so
7fae3e5cb000-7fae3e5cc000 rw-p 00039000 08:06 403495                     /usr/lib/jvm/java-8-oracle/jre/lib/amd64/libjdwp.so
7fae3e5cc000-7fae3e5cd000 rw-p 00000000 00:00 0 
7fae3e5cd000-7fae3e5f8000 r-xp 00000000 08:06 403502                     /usr/lib/jvm/java-8-oracle/jre/lib/amd64/libjava.so
7fae3e5f8000-7fae3e7f7000 ---p 0002b000 08:06 403502                     /usr/lib/jvm/java-8-oracle/jre/lib/amd64/libjava.so
7fae3e7f7000-7fae3e7f9000 rw-p 0002a000 08:06 403502                     /usr/lib/jvm/java-8-oracle/jre/lib/amd64/libjava.so
7fae3e7f9000-7fae3e806000 r-xp 00000000 08:06 403507                     /usr/lib/jvm/java-8-oracle/jre/lib/amd64/libverify.so
7fae3e806000-7fae3ea06000 ---p 0000d000 08:06 403507                     /usr/lib/jvm/java-8-oracle/jre/lib/amd64/libverify.so
7fae3ea06000-7fae3ea08000 rw-p 0000d000 08:06 403507                     /usr/lib/jvm/java-8-oracle/jre/lib/amd64/libverify.so
7fae3ea08000-7fae3ea0f000 r-xp 00000000 08:06 1576655                    /lib/x86_64-linux-gnu/librt-2.24.so
7fae3ea0f000-7fae3ec0e000 ---p 00007000 08:06 1576655                    /lib/x86_64-linux-gnu/librt-2.24.so
7fae3ec0e000-7fae3ec0f000 r--p 00006000 08:06 1576655                    /lib/x86_64-linux-gnu/librt-2.24.so
7fae3ec0f000-7fae3ec10000 rw-p 00007000 08:06 1576655                    /lib/x86_64-linux-gnu/librt-2.24.so
7fae3ec10000-7fae3ed13000 r-xp 00000000 08:06 1576642                    /lib/x86_64-linux-gnu/libm-2.24.so
7fae3ed13000-7fae3ef12000 ---p 00103000 08:06 1576642                    /lib/x86_64-linux-gnu/libm-2.24.so
7fae3ef12000-7fae3ef13000 r--p 00102000 08:06 1576642                    /lib/x86_64-linux-gnu/libm-2.24.so
7fae3ef13000-7fae3ef14000 rw-p 00103000 08:06 1576642                    /lib/x86_64-linux-gnu/libm-2.24.so
7fae3ef14000-7fae3fbed000 r-xp 00000000 08:06 403484                     /usr/lib/jvm/java-8-oracle/jre/lib/amd64/server/libjvm.so
7fae3fbed000-7fae3fdec000 ---p 00cd9000 08:06 403484                     /usr/lib/jvm/java-8-oracle/jre/lib/amd64/server/libjvm.so
7fae3fdec000-7fae3fec6000 rw-p 00cd8000 08:06 403484                     /usr/lib/jvm/java-8-oracle/jre/lib/amd64/server/libjvm.so
7fae3fec6000-7fae3ff11000 rw-p 00000000 00:00 0 
7fae3ff11000-7fae400a6000 r-xp 00000000 08:06 1576040                    /lib/x86_64-linux-gnu/libc-2.24.so
7fae400a6000-7fae402a6000 ---p 00195000 08:06 1576040                    /lib/x86_64-linux-gnu/libc-2.24.so
7fae402a6000-7fae402aa000 r--p 00195000 08:06 1576040                    /lib/x86_64-linux-gnu/libc-2.24.so
7fae402aa000-7fae402ac000 rw-p 00199000 08:06 1576040                    /lib/x86_64-linux-gnu/libc-2.24.so
7fae402ac000-7fae402b0000 rw-p 00000000 00:00 0 
7fae402b0000-7fae402b3000 r-xp 00000000 08:06 1576641                    /lib/x86_64-linux-gnu/libdl-2.24.so
7fae402b3000-7fae404b2000 ---p 00003000 08:06 1576641                    /lib/x86_64-linux-gnu/libdl-2.24.so
7fae404b2000-7fae404b3000 r--p 00002000 08:06 1576641                    /lib/x86_64-linux-gnu/libdl-2.24.so
7fae404b3000-7fae404b4000 rw-p 00003000 08:06 1576641                    /lib/x86_64-linux-gnu/libdl-2.24.so
7fae404b4000-7fae404ca000 r-xp 00000000 08:06 403211                     /usr/lib/jvm/java-8-oracle/lib/amd64/jli/libjli.so
7fae404ca000-7fae406c9000 ---p 00016000 08:06 403211                     /usr/lib/jvm/java-8-oracle/lib/amd64/jli/libjli.so
7fae406c9000-7fae406ca000 rw-p 00015000 08:06 403211                     /usr/lib/jvm/java-8-oracle/lib/amd64/jli/libjli.so
7fae406ca000-7fae406e2000 r-xp 00000000 08:06 1576653                    /lib/x86_64-linux-gnu/libpthread-2.24.so
7fae406e2000-7fae408e1000 ---p 00018000 08:06 1576653                    /lib/x86_64-linux-gnu/libpthread-2.24.so
7fae408e1000-7fae408e2000 r--p 00017000 08:06 1576653                    /lib/x86_64-linux-gnu/libpthread-2.24.so
7fae408e2000-7fae408e3000 rw-p 00018000 08:06 1576653                    /lib/x86_64-linux-gnu/libpthread-2.24.so
7fae408e3000-7fae408e7000 rw-p 00000000 00:00 0 
7fae408e7000-7fae4090a000 r-xp 00000000 08:06 1576018                    /lib/x86_64-linux-gnu/ld-2.24.so
7fae4090a000-7fae4090b000 r--s 00005000 08:06 1940588                    /home/a1/.sbt/boot/scala-2.12.6/org.scala-sbt/sbt/1.1.6/test-agent-1.1.6.jar
7fae4090b000-7fae40911000 r--s 00080000 08:06 1895296                    /home/a1/.sbt/boot/scala-2.12.6/lib/scala-xml_2.12.jar
7fae40911000-7fae4092d000 r--s 0010e000 08:06 1731504                    /home/a1/.IdeaIC2018.1/config/plugins/Scala/launcher/sbt-launch.jar
7fae4092d000-7fae409d7000 rw-p 00000000 00:00 0 
7fae409d7000-7fae409eb000 rw-p 00000000 00:00 0 
7fae409eb000-7fae409ee000 ---p 00000000 00:00 0 
7fae409ee000-7fae40aee000 rw-p 00000000 00:00 0 
7fae40aee000-7fae40aef000 r--s 00001000 08:06 1938045                    /home/a1/.sbt/boot/scala-2.12.6/org.scala-sbt/sbt/1.1.6/sjson-new-murmurhash_2.12-0.8.2.jar
7fae40aef000-7fae40af3000 r--s 0003e000 08:06 1895457                    /home/a1/.sbt/boot/scala-2.12.6/lib/jline.jar
7fae40af3000-7fae40afa000 r--s 00064000 08:06 2258375                    /opt/idea-IC-181.5087.20/lib/rt/debugger-agent.jar
7fae40afa000-7fae40afc000 r--s 0001a000 08:06 2258305                    /opt/idea-IC-181.5087.20/lib/idea_rt.jar
7fae40afc000-7fae40afd000 r--s 00002000 08:06 2258374                    /opt/idea-IC-181.5087.20/lib/rt/debugger-agent-storage.jar
7fae40afd000-7fae40b05000 rw-s 00000000 08:06 2252679                    /tmp/hsperfdata_a1/5030
7fae40b05000-7fae40b06000 rw-p 00000000 00:00 0 
7fae40b06000-7fae40b07000 ---p 00000000 00:00 0 
7fae40b07000-7fae40b0a000 rw-p 00000000 00:00 0 
7fae40b0a000-7fae40b0b000 r--p 00023000 08:06 1576018                    /lib/x86_64-linux-gnu/ld-2.24.so
7fae40b0b000-7fae40b0c000 rw-p 00024000 08:06 1576018                    /lib/x86_64-linux-gnu/ld-2.24.so
7fae40b0c000-7fae40b0d000 rw-p 00000000 00:00 0 
7ffd4b26a000-7ffd4b28b000 rw-p 00000000 00:00 0                          [stack]
7ffd4b3d3000-7ffd4b3d5000 r--p 00000000 00:00 0                          [vvar]
7ffd4b3d5000-7ffd4b3d7000 r-xp 00000000 00:00 0                          [vdso]
ffffffffff600000-ffffffffff601000 r-xp 00000000 00:00 0                  [vsyscall]

VM Arguments:
jvm_args: -agentlib:jdwp=transport=dt_socket,address=127.0.0.1:39339,suspend=y,server=n -Xms512M -Xmx1024M -Xss1M -XX:+CMSClassUnloadingEnabled -javaagent:/opt/idea-IC-181.5087.20/lib/rt/debugger-agent.jar=file:/tmp/capture.props -Dfile.encoding=UTF-8 
java_command: xsbt.boot.Boot runMain Heap
java_class_path (initial): /home/a1/.IdeaIC2018.1/config/plugins/Scala/launcher/sbt-launch.jar:/opt/idea-IC-181.5087.20/lib/idea_rt.jar:/opt/idea-IC-181.5087.20/lib/rt/debugger-agent.jar
Launcher Type: SUN_STANDARD

Environment Variables:
PATH=/usr/local/bin:/usr/bin:/bin:/usr/local/games:/usr/games
SHELL=/bin/bash
DISPLAY=:0.0

Signal Handlers:
SIGSEGV: [libjvm.so+0xad0890], sa_mask[0]=11111111011111111101111111111110, sa_flags=SA_RESTART|SA_SIGINFO
SIGBUS: [libjvm.so+0xad0890], sa_mask[0]=11111111011111111101111111111110, sa_flags=SA_RESTART|SA_SIGINFO
SIGFPE: [libjvm.so+0x928640], sa_mask[0]=11111111011111111101111111111110, sa_flags=SA_RESTART|SA_SIGINFO
SIGPIPE: [libjvm.so+0x928640], sa_mask[0]=11111111011111111101111111111110, sa_flags=SA_RESTART|SA_SIGINFO
SIGXFSZ: [libjvm.so+0x928640], sa_mask[0]=11111111011111111101111111111110, sa_flags=SA_RESTART|SA_SIGINFO
SIGILL: [libjvm.so+0x928640], sa_mask[0]=11111111011111111101111111111110, sa_flags=SA_RESTART|SA_SIGINFO
SIGUSR1: SIG_DFL, sa_mask[0]=00000000000000000000000000000000, sa_flags=none
SIGUSR2: [libjvm.so+0x929ea0], sa_mask[0]=00100000000000000000000000000000, sa_flags=SA_RESTART|SA_SIGINFO
SIGHUP: [libjvm.so+0x92b2a0], sa_mask[0]=11111111011111111101111111111110, sa_flags=SA_RESTART|SA_SIGINFO
SIGINT: [libjvm.so+0x92b2a0], sa_mask[0]=11111111011111111101111111111110, sa_flags=SA_RESTART|SA_SIGINFO
SIGTERM: [libjvm.so+0x92b2a0], sa_mask[0]=11111111011111111101111111111110, sa_flags=SA_RESTART|SA_SIGINFO
SIGQUIT: [libjvm.so+0x92b2a0], sa_mask[0]=11111111011111111101111111111110, sa_flags=SA_RESTART|SA_SIGINFO


---------------  S Y S T E M  ---------------

OS:PRETTY_NAME="Debian GNU/Linux 9 (stretch)"
NAME="Debian GNU/Linux"
VERSION_ID="9"
VERSION="9 (stretch)"
ID=debian
HOME_URL="https://www.debian.org/"
SUPPORT_URL="https://www.debian.org/support"
BUG_REPORT_URL="https://bugs.debian.org/"

uname:Linux 4.9.0-4-amd64 #1 SMP Debian 4.9.65-3+deb9u1 (2017-12-23) x86_64
libc:glibc 2.24 NPTL 2.24 
rlimit: STACK 8192k, CORE 0k, NPROC 14985, NOFILE 1048576, AS infinity
load average:17,64 5,22 2,57

/proc/meminfo:
MemTotal:        3933408 kB
MemFree:           84504 kB
MemAvailable:          0 kB
Buffers:             216 kB
Cached:            92308 kB
SwapCached:          500 kB
Active:          1796192 kB
Inactive:         489980 kB
Active(anon):    1795524 kB
Inactive(anon):   488660 kB
Active(file):        668 kB
Inactive(file):     1320 kB
Unevictable:     1270676 kB
Mlocked:         1270676 kB
SwapTotal:       4400124 kB
SwapFree:              0 kB
Dirty:                20 kB
Writeback:             0 kB
AnonPages:       3465184 kB
Mapped:            25492 kB
Shmem:             66248 kB
Slab:              98116 kB
SReclaimable:      24596 kB
SUnreclaim:        73520 kB
KernelStack:       17376 kB
PageTables:        91296 kB
NFS_Unstable:          0 kB
Bounce:                0 kB
WritebackTmp:          0 kB
CommitLimit:     6366828 kB
Committed_AS:   16951668 kB
VmallocTotal:   34359738367 kB
VmallocUsed:           0 kB
VmallocChunk:          0 kB
HardwareCorrupted:     0 kB
AnonHugePages:         0 kB
ShmemHugePages:        0 kB
ShmemPmdMapped:        0 kB
HugePages_Total:       0
HugePages_Free:        0
HugePages_Rsvd:        0
HugePages_Surp:        0
Hugepagesize:       2048 kB
DirectMap4k:      376544 kB
DirectMap2M:     3700736 kB
DirectMap1G:           0 kB


CPU:total 4 (initial active 4) (2 cores per cpu, 2 threads per core) family 6 model 142 stepping 9, cmov, cx8, fxsr, mmx, sse, sse2, sse3, ssse3, sse4.1, sse4.2, popcnt, avx, avx2, aes, clmul, erms, 3dnowpref, lzcnt, ht, tsc, tscinvbit, bmi1, bmi2, adx

/proc/cpuinfo:
processor	: 0
vendor_id	: GenuineIntel
cpu family	: 6
model		: 142
model name	: Intel(R) Core(TM) i5-7200U CPU @ 2.50GHz
stepping	: 9
microcode	: 0x4e
cpu MHz		: 3099.957
cache size	: 3072 KB
physical id	: 0
siblings	: 4
core id		: 0
cpu cores	: 2
apicid		: 0
initial apicid	: 0
fpu		: yes
fpu_exception	: yes
cpuid level	: 22
wp		: yes
flags		: fpu vme de pse tsc msr pae mce cx8 apic sep mtrr pge mca cmov pat pse36 clflush dts acpi mmx fxsr sse sse2 ss ht tm pbe syscall nx pdpe1gb rdtscp lm constant_tsc art arch_perfmon pebs bts rep_good nopl xtopology nonstop_tsc aperfmperf eagerfpu pni pclmulqdq dtes64 monitor ds_cpl vmx est tm2 ssse3 sdbg fma cx16 xtpr pdcm pcid sse4_1 sse4_2 x2apic movbe popcnt tsc_deadline_timer aes xsave avx f16c rdrand lahf_lm abm 3dnowprefetch epb intel_pt tpr_shadow vnmi flexpriority ept vpid fsgsbase tsc_adjust bmi1 avx2 smep bmi2 erms invpcid mpx rdseed adx smap clflushopt xsaveopt xsavec xgetbv1 xsaves dtherm ida arat pln pts hwp hwp_notify hwp_act_window hwp_epp
bugs		:
bogomips	: 5424.00
clflush size	: 64
cache_alignment	: 64
address sizes	: 39 bits physical, 48 bits virtual
power management:

processor	: 1
vendor_id	: GenuineIntel
cpu family	: 6
model		: 142
model name	: Intel(R) Core(TM) i5-7200U CPU @ 2.50GHz
stepping	: 9
microcode	: 0x4e
cpu MHz		: 3099.957
cache size	: 3072 KB
physical id	: 0
siblings	: 4
core id		: 1
cpu cores	: 2
apicid		: 2
initial apicid	: 2
fpu		: yes
fpu_exception	: yes
cpuid level	: 22
wp		: yes
flags		: fpu vme de pse tsc msr pae mce cx8 apic sep mtrr pge mca cmov pat pse36 clflush dts acpi mmx fxsr sse sse2 ss ht tm pbe syscall nx pdpe1gb rdtscp lm constant_tsc art arch_perfmon pebs bts rep_good nopl xtopology nonstop_tsc aperfmperf eagerfpu pni pclmulqdq dtes64 monitor ds_cpl vmx est tm2 ssse3 sdbg fma cx16 xtpr pdcm pcid sse4_1 sse4_2 x2apic movbe popcnt tsc_deadline_timer aes xsave avx f16c rdrand lahf_lm abm 3dnowprefetch epb intel_pt tpr_shadow vnmi flexpriority ept vpid fsgsbase tsc_adjust bmi1 avx2 smep bmi2 erms invpcid mpx rdseed adx smap clflushopt xsaveopt xsavec xgetbv1 xsaves dtherm ida arat pln pts hwp hwp_notify hwp_act_window hwp_epp
bugs		:
bogomips	: 5424.00
clflush size	: 64
cache_alignment	: 64
address sizes	: 39 bits physical, 48 bits virtual
power management:

processor	: 2
vendor_id	: GenuineIntel
cpu family	: 6
model		: 142
model name	: Intel(R) Core(TM) i5-7200U CPU @ 2.50GHz
stepping	: 9
microcode	: 0x4e
cpu MHz		: 3099.957
cache size	: 3072 KB
physical id	: 0
siblings	: 4
core id		: 0
cpu cores	: 2
apicid		: 1
initial apicid	: 1
fpu		: yes
fpu_exception	: yes
cpuid level	: 22
wp		: yes
flags		: fpu vme de pse tsc msr pae mce cx8 apic sep mtrr pge mca cmov pat pse36 clflush dts acpi mmx fxsr sse sse2 ss ht tm pbe syscall nx pdpe1gb rdtscp lm constant_tsc art arch_perfmon pebs bts rep_good nopl xtopology nonstop_tsc aperfmperf eagerfpu pni pclmulqdq dtes64 monitor ds_cpl vmx est tm2 ssse3 sdbg fma cx16 xtpr pdcm pcid sse4_1 sse4_2 x2apic movbe popcnt tsc_deadline_timer aes xsave avx f16c rdrand lahf_lm abm 3dnowprefetch epb intel_pt tpr_shadow vnmi flexpriority ept vpid fsgsbase tsc_adjust bmi1 avx2 smep bmi2 erms invpcid mpx rdseed adx smap clflushopt xsaveopt xsavec xgetbv1 xsaves dtherm ida arat pln pts hwp hwp_notify hwp_act_window hwp_epp
bugs		:
bogomips	: 5424.00
clflush size	: 64
cache_alignment	: 64
address sizes	: 39 bits physical, 48 bits virtual
power management:

processor	: 3
vendor_id	: GenuineIntel
cpu family	: 6
model		: 142
model name	: Intel(R) Core(TM) i5-7200U CPU @ 2.50GHz
stepping	: 9
microcode	: 0x4e
cpu MHz		: 3099.957
cache size	: 3072 KB
physical id	: 0
siblings	: 4
core id		: 1
cpu cores	: 2
apicid		: 3
initial apicid	: 3
fpu		: yes
fpu_exception	: yes
cpuid level	: 22
wp		: yes
flags		: fpu vme de pse tsc msr pae mce cx8 apic sep mtrr pge mca cmov pat pse36 clflush dts acpi mmx fxsr sse sse2 ss ht tm pbe syscall nx pdpe1gb rdtscp lm constant_tsc art arch_perfmon pebs bts rep_good nopl xtopology nonstop_tsc aperfmperf eagerfpu pni pclmulqdq dtes64 monitor ds_cpl vmx est tm2 ssse3 sdbg fma cx16 xtpr pdcm pcid sse4_1 sse4_2 x2apic movbe popcnt tsc_deadline_timer aes xsave avx f16c rdrand lahf_lm abm 3dnowprefetch epb intel_pt tpr_shadow vnmi flexpriority ept vpid fsgsbase tsc_adjust bmi1 avx2 smep bmi2 erms invpcid mpx rdseed adx smap clflushopt xsaveopt xsavec xgetbv1 xsaves dtherm ida arat pln pts hwp hwp_notify hwp_act_window hwp_epp
bugs		:
bogomips	: 5424.00
clflush size	: 64
cache_alignment	: 64
address sizes	: 39 bits physical, 48 bits virtual
power management:



Memory: 4k page, physical 3933408k(84504k free), swap 4400124k(0k free)

vm_info: Java HotSpot(TM) 64-Bit Server VM (25.171-b11) for linux-amd64 JRE (1.8.0_171-b11), built on Mar 28 2018 17:07:08 by "java_re" with gcc 4.3.0 20080428 (Red Hat 4.3.0-8)

time: Mon Jul  9 21:13:51 2018
elapsed time: 42 seconds (0d 0h 0m 42s)

