#
# There is insufficient memory for the Java Runtime Environment to continue.
# Native memory allocation (mmap) failed to map 358088704 bytes for committing reserved memory.
# Possible reasons:
#   The system is out of physical RAM or swap space
#   In 32 bit mode, the process size limit was hit
# Possible solutions:
#   Reduce memory load on the system
#   Increase physical memory or swap space
#   Check if swap backing store is full
#   Use 64 bit Java on a 64 bit OS
#   Decrease Java heap size (-Xmx/-Xms)
#   Decrease number of Java threads
#   Decrease Java thread stack sizes (-Xss)
#   Set larger code cache with -XX:ReservedCodeCacheSize=
# This output file may be truncated or incomplete.
#
#  Out of Memory Error (os_linux.cpp:2640), pid=4924, tid=0x00007fd7c2ce3700
#
# JRE version:  (8.0_171-b11) (build )
# Java VM: Java HotSpot(TM) 64-Bit Server VM (25.171-b11 mixed mode linux-amd64 compressed oops)
# Failed to write core dump. Core dumps have been disabled. To enable core dumping, try "ulimit -c unlimited" before starting Java again
#

---------------  T H R E A D  ---------------

Current thread (0x00007fd7bc00b800):  JavaThread "Unknown thread" [_thread_in_vm, id=4927, stack(0x00007fd7c2be3000,0x00007fd7c2ce4000)]

Stack: [0x00007fd7c2be3000,0x00007fd7c2ce4000],  sp=0x00007fd7c2ce23c0,  free space=1020k
Native frames: (J=compiled Java code, j=interpreted, Vv=VM code, C=native code)
V  [libjvm.so+0xacfffa]  VMError::report_and_die()+0x2ba
V  [libjvm.so+0x5005cb]  report_vm_out_of_memory(char const*, int, unsigned long, VMErrorType, char const*)+0x8b
V  [libjvm.so+0x92dd93]  os::Linux::commit_memory_impl(char*, unsigned long, bool)+0x123
V  [libjvm.so+0x92dfb9]  os::pd_commit_memory(char*, unsigned long, unsigned long, bool)+0x29
V  [libjvm.so+0x92527a]  os::commit_memory(char*, unsigned long, unsigned long, bool)+0x2a
V  [libjvm.so+0x99b223]  PSVirtualSpace::expand_by(unsigned long)+0x53
V  [libjvm.so+0x98b337]  PSOldGen::initialize(ReservedSpace, unsigned long, char const*, int)+0xb7
V  [libjvm.so+0x2db31a]  AdjoiningGenerations::AdjoiningGenerations(ReservedSpace, GenerationSizer*, unsigned long)+0x39a
V  [libjvm.so+0x94f366]  ParallelScavengeHeap::initialize()+0x1d6
V  [libjvm.so+0xa98033]  Universe::initialize_heap()+0xf3
V  [libjvm.so+0xa9859e]  universe_init()+0x3e
V  [libjvm.so+0x642105]  init_globals()+0x65
V  [libjvm.so+0xa7cd4e]  Threads::create_vm(JavaVMInitArgs*, bool*)+0x23e
V  [libjvm.so+0x6d6e44]  JNI_CreateJavaVM+0x74
C  [libjli.so+0x797e]  JavaMain+0x9e
C  [libpthread.so.0+0x7494]  start_thread+0xc4


---------------  P R O C E S S  ---------------

Java Threads: ( => current thread )

Other Threads:

=>0x00007fd7bc00b800 (exited) JavaThread "Unknown thread" [_thread_in_vm, id=4927, stack(0x00007fd7c2be3000,0x00007fd7c2ce4000)]

VM state:not at safepoint (not fully initialized)

VM Mutex/Monitor currently owned by a thread: None

GC Heap History (0 events):
No events

Deoptimization events (0 events):
No events

Classes redefined (0 events):
No events

Internal exceptions (0 events):
No events

Events (0 events):
No events


Dynamic libraries:
00400000-00401000 r-xp 00000000 08:06 401093                             /usr/lib/jvm/java-8-oracle/bin/java
00600000-00601000 rw-p 00000000 08:06 401093                             /usr/lib/jvm/java-8-oracle/bin/java
021a8000-021c9000 rw-p 00000000 00:00 0                                  [heap]
d5580000-eab00000 ---p 00000000 00:00 0 
eab00000-f5580000 rw-p 00000000 00:00 0 
f5580000-100000000 ---p 00000000 00:00 0 
7fd7ac26d000-7fd7ac405000 rw-p 00000000 00:00 0 
7fd7ac405000-7fd7ac55a000 ---p 00000000 00:00 0 
7fd7ac55a000-7fd7ac5b0000 rw-p 00000000 00:00 0 
7fd7ac5b0000-7fd7ac605000 ---p 00000000 00:00 0 
7fd7ac605000-7fd7ac610000 rw-p 00000000 00:00 0 
7fd7ac610000-7fd7ac9c6000 ---p 00000000 00:00 0 
7fd7ac9c6000-7fd7acc36000 rwxp 00000000 00:00 0 
7fd7acc36000-7fd7bb9c6000 ---p 00000000 00:00 0 
7fd7bb9c6000-7fd7bb9e1000 r-xp 00000000 08:06 403508                     /usr/lib/jvm/java-8-oracle/jre/lib/amd64/libzip.so
7fd7bb9e1000-7fd7bbbe1000 ---p 0001b000 08:06 403508                     /usr/lib/jvm/java-8-oracle/jre/lib/amd64/libzip.so
7fd7bbbe1000-7fd7bbbe2000 rw-p 0001b000 08:06 403508                     /usr/lib/jvm/java-8-oracle/jre/lib/amd64/libzip.so
7fd7bbbe2000-7fd7bbbec000 r-xp 00000000 08:06 1576648                    /lib/x86_64-linux-gnu/libnss_files-2.24.so
7fd7bbbec000-7fd7bbdec000 ---p 0000a000 08:06 1576648                    /lib/x86_64-linux-gnu/libnss_files-2.24.so
7fd7bbdec000-7fd7bbded000 r--p 0000a000 08:06 1576648                    /lib/x86_64-linux-gnu/libnss_files-2.24.so
7fd7bbded000-7fd7bbdee000 rw-p 0000b000 08:06 1576648                    /lib/x86_64-linux-gnu/libnss_files-2.24.so
7fd7bbdee000-7fd7bbdf4000 rw-p 00000000 00:00 0 
7fd7bbdf4000-7fd7bbdff000 r-xp 00000000 08:06 1576650                    /lib/x86_64-linux-gnu/libnss_nis-2.24.so
7fd7bbdff000-7fd7bbffe000 ---p 0000b000 08:06 1576650                    /lib/x86_64-linux-gnu/libnss_nis-2.24.so
7fd7bbffe000-7fd7bbfff000 r--p 0000a000 08:06 1576650                    /lib/x86_64-linux-gnu/libnss_nis-2.24.so
7fd7bbfff000-7fd7bc000000 rw-p 0000b000 08:06 1576650                    /lib/x86_64-linux-gnu/libnss_nis-2.24.so
7fd7bc000000-7fd7bc036000 rw-p 00000000 00:00 0 
7fd7bc036000-7fd7c0000000 ---p 00000000 00:00 0 
7fd7c00ab000-7fd7c019b000 rw-p 00000000 00:00 0 
7fd7c019b000-7fd7c01af000 r-xp 00000000 08:06 1576645                    /lib/x86_64-linux-gnu/libnsl-2.24.so
7fd7c01af000-7fd7c03af000 ---p 00014000 08:06 1576645                    /lib/x86_64-linux-gnu/libnsl-2.24.so
7fd7c03af000-7fd7c03b0000 r--p 00014000 08:06 1576645                    /lib/x86_64-linux-gnu/libnsl-2.24.so
7fd7c03b0000-7fd7c03b1000 rw-p 00015000 08:06 1576645                    /lib/x86_64-linux-gnu/libnsl-2.24.so
7fd7c03b1000-7fd7c03b3000 rw-p 00000000 00:00 0 
7fd7c03b3000-7fd7c03ba000 r-xp 00000000 08:06 1576646                    /lib/x86_64-linux-gnu/libnss_compat-2.24.so
7fd7c03ba000-7fd7c05b9000 ---p 00007000 08:06 1576646                    /lib/x86_64-linux-gnu/libnss_compat-2.24.so
7fd7c05b9000-7fd7c05ba000 r--p 00006000 08:06 1576646                    /lib/x86_64-linux-gnu/libnss_compat-2.24.so
7fd7c05ba000-7fd7c05bb000 rw-p 00007000 08:06 1576646                    /lib/x86_64-linux-gnu/libnss_compat-2.24.so
7fd7c05bb000-7fd7c05c5000 r-xp 00000000 08:06 430414                     /usr/lib/jvm/java-8-oracle/jre/lib/amd64/libinstrument.so
7fd7c05c5000-7fd7c07c4000 ---p 0000a000 08:06 430414                     /usr/lib/jvm/java-8-oracle/jre/lib/amd64/libinstrument.so
7fd7c07c4000-7fd7c07c5000 rw-p 00009000 08:06 430414                     /usr/lib/jvm/java-8-oracle/jre/lib/amd64/libinstrument.so
7fd7c07c5000-7fd7c07f0000 r-xp 00000000 08:06 403502                     /usr/lib/jvm/java-8-oracle/jre/lib/amd64/libjava.so
7fd7c07f0000-7fd7c09ef000 ---p 0002b000 08:06 403502                     /usr/lib/jvm/java-8-oracle/jre/lib/amd64/libjava.so
7fd7c09ef000-7fd7c09f1000 rw-p 0002a000 08:06 403502                     /usr/lib/jvm/java-8-oracle/jre/lib/amd64/libjava.so
7fd7c09f1000-7fd7c09fe000 r-xp 00000000 08:06 403507                     /usr/lib/jvm/java-8-oracle/jre/lib/amd64/libverify.so
7fd7c09fe000-7fd7c0bfe000 ---p 0000d000 08:06 403507                     /usr/lib/jvm/java-8-oracle/jre/lib/amd64/libverify.so
7fd7c0bfe000-7fd7c0c00000 rw-p 0000d000 08:06 403507                     /usr/lib/jvm/java-8-oracle/jre/lib/amd64/libverify.so
7fd7c0c00000-7fd7c0c07000 r-xp 00000000 08:06 1576655                    /lib/x86_64-linux-gnu/librt-2.24.so
7fd7c0c07000-7fd7c0e06000 ---p 00007000 08:06 1576655                    /lib/x86_64-linux-gnu/librt-2.24.so
7fd7c0e06000-7fd7c0e07000 r--p 00006000 08:06 1576655                    /lib/x86_64-linux-gnu/librt-2.24.so
7fd7c0e07000-7fd7c0e08000 rw-p 00007000 08:06 1576655                    /lib/x86_64-linux-gnu/librt-2.24.so
7fd7c0e08000-7fd7c0f0b000 r-xp 00000000 08:06 1576642                    /lib/x86_64-linux-gnu/libm-2.24.so
7fd7c0f0b000-7fd7c110a000 ---p 00103000 08:06 1576642                    /lib/x86_64-linux-gnu/libm-2.24.so
7fd7c110a000-7fd7c110b000 r--p 00102000 08:06 1576642                    /lib/x86_64-linux-gnu/libm-2.24.so
7fd7c110b000-7fd7c110c000 rw-p 00103000 08:06 1576642                    /lib/x86_64-linux-gnu/libm-2.24.so
7fd7c110c000-7fd7c1de5000 r-xp 00000000 08:06 403484                     /usr/lib/jvm/java-8-oracle/jre/lib/amd64/server/libjvm.so
7fd7c1de5000-7fd7c1fe4000 ---p 00cd9000 08:06 403484                     /usr/lib/jvm/java-8-oracle/jre/lib/amd64/server/libjvm.so
7fd7c1fe4000-7fd7c20be000 rw-p 00cd8000 08:06 403484                     /usr/lib/jvm/java-8-oracle/jre/lib/amd64/server/libjvm.so
7fd7c20be000-7fd7c2109000 rw-p 00000000 00:00 0 
7fd7c2109000-7fd7c229e000 r-xp 00000000 08:06 1576040                    /lib/x86_64-linux-gnu/libc-2.24.so
7fd7c229e000-7fd7c249e000 ---p 00195000 08:06 1576040                    /lib/x86_64-linux-gnu/libc-2.24.so
7fd7c249e000-7fd7c24a2000 r--p 00195000 08:06 1576040                    /lib/x86_64-linux-gnu/libc-2.24.so
7fd7c24a2000-7fd7c24a4000 rw-p 00199000 08:06 1576040                    /lib/x86_64-linux-gnu/libc-2.24.so
7fd7c24a4000-7fd7c24a8000 rw-p 00000000 00:00 0 
7fd7c24a8000-7fd7c24ab000 r-xp 00000000 08:06 1576641                    /lib/x86_64-linux-gnu/libdl-2.24.so
7fd7c24ab000-7fd7c26aa000 ---p 00003000 08:06 1576641                    /lib/x86_64-linux-gnu/libdl-2.24.so
7fd7c26aa000-7fd7c26ab000 r--p 00002000 08:06 1576641                    /lib/x86_64-linux-gnu/libdl-2.24.so
7fd7c26ab000-7fd7c26ac000 rw-p 00003000 08:06 1576641                    /lib/x86_64-linux-gnu/libdl-2.24.so
7fd7c26ac000-7fd7c26c2000 r-xp 00000000 08:06 403211                     /usr/lib/jvm/java-8-oracle/lib/amd64/jli/libjli.so
7fd7c26c2000-7fd7c28c1000 ---p 00016000 08:06 403211                     /usr/lib/jvm/java-8-oracle/lib/amd64/jli/libjli.so
7fd7c28c1000-7fd7c28c2000 rw-p 00015000 08:06 403211                     /usr/lib/jvm/java-8-oracle/lib/amd64/jli/libjli.so
7fd7c28c2000-7fd7c28da000 r-xp 00000000 08:06 1576653                    /lib/x86_64-linux-gnu/libpthread-2.24.so
7fd7c28da000-7fd7c2ad9000 ---p 00018000 08:06 1576653                    /lib/x86_64-linux-gnu/libpthread-2.24.so
7fd7c2ad9000-7fd7c2ada000 r--p 00017000 08:06 1576653                    /lib/x86_64-linux-gnu/libpthread-2.24.so
7fd7c2ada000-7fd7c2adb000 rw-p 00018000 08:06 1576653                    /lib/x86_64-linux-gnu/libpthread-2.24.so
7fd7c2adb000-7fd7c2adf000 rw-p 00000000 00:00 0 
7fd7c2adf000-7fd7c2b02000 r-xp 00000000 08:06 1576018                    /lib/x86_64-linux-gnu/ld-2.24.so
7fd7c2be3000-7fd7c2be6000 ---p 00000000 00:00 0 
7fd7c2be6000-7fd7c2ce6000 rw-p 00000000 00:00 0 
7fd7c2cf5000-7fd7c2cfd000 rw-s 00000000 08:06 2269167                    /tmp/hsperfdata_a1/4924
7fd7c2cfd000-7fd7c2cfe000 rw-p 00000000 00:00 0 
7fd7c2cfe000-7fd7c2cff000 r--p 00000000 00:00 0 
7fd7c2cff000-7fd7c2d02000 rw-p 00000000 00:00 0 
7fd7c2d02000-7fd7c2d03000 r--p 00023000 08:06 1576018                    /lib/x86_64-linux-gnu/ld-2.24.so
7fd7c2d03000-7fd7c2d04000 rw-p 00024000 08:06 1576018                    /lib/x86_64-linux-gnu/ld-2.24.so
7fd7c2d04000-7fd7c2d05000 rw-p 00000000 00:00 0 
7ffc5a043000-7ffc5a064000 rw-p 00000000 00:00 0                          [stack]
7ffc5a103000-7ffc5a105000 r--p 00000000 00:00 0                          [vvar]
7ffc5a105000-7ffc5a107000 r-xp 00000000 00:00 0                          [vdso]
ffffffffff600000-ffffffffff601000 r-xp 00000000 00:00 0                  [vsyscall]

VM Arguments:
jvm_args: -Xms512M -Xmx1024M -Xss1M -XX:+CMSClassUnloadingEnabled -javaagent:/opt/idea-IC-181.5087.20/lib/idea_rt.jar=42397:/opt/idea-IC-181.5087.20/bin -Dfile.encoding=UTF-8 
java_command: xsbt.boot.Boot runMain SortedArraysMerge
java_class_path (initial): /home/a1/.IdeaIC2018.1/config/plugins/Scala/launcher/sbt-launch.jar:/opt/idea-IC-181.5087.20/lib/idea_rt.jar
Launcher Type: SUN_STANDARD

Environment Variables:
PATH=/usr/local/bin:/usr/bin:/bin:/usr/local/games:/usr/games
SHELL=/bin/bash
DISPLAY=:0.0

Signal Handlers:
SIGSEGV: [libjvm.so+0xad0890], sa_mask[0]=11111111011111111101111111111110, sa_flags=SA_RESTART|SA_SIGINFO
SIGBUS: [libjvm.so+0xad0890], sa_mask[0]=11111111011111111101111111111110, sa_flags=SA_RESTART|SA_SIGINFO
SIGFPE: [libjvm.so+0x928640], sa_mask[0]=11111111011111111101111111111110, sa_flags=SA_RESTART|SA_SIGINFO
SIGPIPE: [libjvm.so+0x928640], sa_mask[0]=11111111011111111101111111111110, sa_flags=SA_RESTART|SA_SIGINFO
SIGXFSZ: [libjvm.so+0x928640], sa_mask[0]=11111111011111111101111111111110, sa_flags=SA_RESTART|SA_SIGINFO
SIGILL: [libjvm.so+0x928640], sa_mask[0]=11111111011111111101111111111110, sa_flags=SA_RESTART|SA_SIGINFO
SIGUSR1: SIG_DFL, sa_mask[0]=00000000000000000000000000000000, sa_flags=none
SIGUSR2: [libjvm.so+0x929ea0], sa_mask[0]=00100000000000000000000000000000, sa_flags=SA_RESTART|SA_SIGINFO
SIGHUP: SIG_DFL, sa_mask[0]=00000000000000000000000000000000, sa_flags=none
SIGINT: SIG_DFL, sa_mask[0]=00000000000000000000000000000000, sa_flags=none
SIGTERM: SIG_DFL, sa_mask[0]=00000000000000000000000000000000, sa_flags=none
SIGQUIT: SIG_DFL, sa_mask[0]=00000000000000000000000000000000, sa_flags=none


---------------  S Y S T E M  ---------------

OS:PRETTY_NAME="Debian GNU/Linux 9 (stretch)"
NAME="Debian GNU/Linux"
VERSION_ID="9"
VERSION="9 (stretch)"
ID=debian
HOME_URL="https://www.debian.org/"
SUPPORT_URL="https://www.debian.org/support"
BUG_REPORT_URL="https://bugs.debian.org/"

uname:Linux 4.9.0-4-amd64 #1 SMP Debian 4.9.65-3+deb9u1 (2017-12-23) x86_64
libc:glibc 2.24 NPTL 2.24 
rlimit: STACK 8192k, CORE 0k, NPROC 14985, NOFILE 1048576, AS infinity
load average:1.83 2.28 2.40

/proc/meminfo:
MemTotal:        3933408 kB
MemFree:          114124 kB
MemAvailable:      87760 kB
Buffers:            7492 kB
Cached:           208448 kB
SwapCached:         8532 kB
Active:          2809776 kB
Inactive:         701292 kB
Active(anon):    2732000 kB
Inactive(anon):   620956 kB
Active(file):      77776 kB
Inactive(file):    80336 kB
Unevictable:         112 kB
Mlocked:             112 kB
SwapTotal:       4400124 kB
SwapFree:         105388 kB
Dirty:              1620 kB
Writeback:             0 kB
AnonPages:       3287516 kB
Mapped:           107960 kB
Shmem:             57808 kB
Slab:             102540 kB
SReclaimable:      25816 kB
SUnreclaim:        76724 kB
KernelStack:       16464 kB
PageTables:        84312 kB
NFS_Unstable:          0 kB
Bounce:                0 kB
WritebackTmp:          0 kB
CommitLimit:     6366828 kB
Committed_AS:   15100580 kB
VmallocTotal:   34359738367 kB
VmallocUsed:           0 kB
VmallocChunk:          0 kB
HardwareCorrupted:     0 kB
AnonHugePages:         0 kB
ShmemHugePages:        0 kB
ShmemPmdMapped:        0 kB
HugePages_Total:       0
HugePages_Free:        0
HugePages_Rsvd:        0
HugePages_Surp:        0
Hugepagesize:       2048 kB
DirectMap4k:      771808 kB
DirectMap2M:     3305472 kB
DirectMap1G:           0 kB


CPU:total 4 (initial active 4) (2 cores per cpu, 2 threads per core) family 6 model 142 stepping 9, cmov, cx8, fxsr, mmx, sse, sse2, sse3, ssse3, sse4.1, sse4.2, popcnt, avx, avx2, aes, clmul, erms, 3dnowpref, lzcnt, ht, tsc, tscinvbit, bmi1, bmi2, adx

/proc/cpuinfo:
processor	: 0
vendor_id	: GenuineIntel
cpu family	: 6
model		: 142
model name	: Intel(R) Core(TM) i5-7200U CPU @ 2.50GHz
stepping	: 9
microcode	: 0x4e
cpu MHz		: 3099.957
cache size	: 3072 KB
physical id	: 0
siblings	: 4
core id		: 0
cpu cores	: 2
apicid		: 0
initial apicid	: 0
fpu		: yes
fpu_exception	: yes
cpuid level	: 22
wp		: yes
flags		: fpu vme de pse tsc msr pae mce cx8 apic sep mtrr pge mca cmov pat pse36 clflush dts acpi mmx fxsr sse sse2 ss ht tm pbe syscall nx pdpe1gb rdtscp lm constant_tsc art arch_perfmon pebs bts rep_good nopl xtopology nonstop_tsc aperfmperf eagerfpu pni pclmulqdq dtes64 monitor ds_cpl vmx est tm2 ssse3 sdbg fma cx16 xtpr pdcm pcid sse4_1 sse4_2 x2apic movbe popcnt tsc_deadline_timer aes xsave avx f16c rdrand lahf_lm abm 3dnowprefetch epb intel_pt tpr_shadow vnmi flexpriority ept vpid fsgsbase tsc_adjust bmi1 avx2 smep bmi2 erms invpcid mpx rdseed adx smap clflushopt xsaveopt xsavec xgetbv1 xsaves dtherm ida arat pln pts hwp hwp_notify hwp_act_window hwp_epp
bugs		:
bogomips	: 5424.00
clflush size	: 64
cache_alignment	: 64
address sizes	: 39 bits physical, 48 bits virtual
power management:

processor	: 1
vendor_id	: GenuineIntel
cpu family	: 6
model		: 142
model name	: Intel(R) Core(TM) i5-7200U CPU @ 2.50GHz
stepping	: 9
microcode	: 0x4e
cpu MHz		: 3099.957
cache size	: 3072 KB
physical id	: 0
siblings	: 4
core id		: 1
cpu cores	: 2
apicid		: 2
initial apicid	: 2
fpu		: yes
fpu_exception	: yes
cpuid level	: 22
wp		: yes
flags		: fpu vme de pse tsc msr pae mce cx8 apic sep mtrr pge mca cmov pat pse36 clflush dts acpi mmx fxsr sse sse2 ss ht tm pbe syscall nx pdpe1gb rdtscp lm constant_tsc art arch_perfmon pebs bts rep_good nopl xtopology nonstop_tsc aperfmperf eagerfpu pni pclmulqdq dtes64 monitor ds_cpl vmx est tm2 ssse3 sdbg fma cx16 xtpr pdcm pcid sse4_1 sse4_2 x2apic movbe popcnt tsc_deadline_timer aes xsave avx f16c rdrand lahf_lm abm 3dnowprefetch epb intel_pt tpr_shadow vnmi flexpriority ept vpid fsgsbase tsc_adjust bmi1 avx2 smep bmi2 erms invpcid mpx rdseed adx smap clflushopt xsaveopt xsavec xgetbv1 xsaves dtherm ida arat pln pts hwp hwp_notify hwp_act_window hwp_epp
bugs		:
bogomips	: 5424.00
clflush size	: 64
cache_alignment	: 64
address sizes	: 39 bits physical, 48 bits virtual
power management:

processor	: 2
vendor_id	: GenuineIntel
cpu family	: 6
model		: 142
model name	: Intel(R) Core(TM) i5-7200U CPU @ 2.50GHz
stepping	: 9
microcode	: 0x4e
cpu MHz		: 3099.957
cache size	: 3072 KB
physical id	: 0
siblings	: 4
core id		: 0
cpu cores	: 2
apicid		: 1
initial apicid	: 1
fpu		: yes
fpu_exception	: yes
cpuid level	: 22
wp		: yes
flags		: fpu vme de pse tsc msr pae mce cx8 apic sep mtrr pge mca cmov pat pse36 clflush dts acpi mmx fxsr sse sse2 ss ht tm pbe syscall nx pdpe1gb rdtscp lm constant_tsc art arch_perfmon pebs bts rep_good nopl xtopology nonstop_tsc aperfmperf eagerfpu pni pclmulqdq dtes64 monitor ds_cpl vmx est tm2 ssse3 sdbg fma cx16 xtpr pdcm pcid sse4_1 sse4_2 x2apic movbe popcnt tsc_deadline_timer aes xsave avx f16c rdrand lahf_lm abm 3dnowprefetch epb intel_pt tpr_shadow vnmi flexpriority ept vpid fsgsbase tsc_adjust bmi1 avx2 smep bmi2 erms invpcid mpx rdseed adx smap clflushopt xsaveopt xsavec xgetbv1 xsaves dtherm ida arat pln pts hwp hwp_notify hwp_act_window hwp_epp
bugs		:
bogomips	: 5424.00
clflush size	: 64
cache_alignment	: 64
address sizes	: 39 bits physical, 48 bits virtual
power management:

processor	: 3
vendor_id	: GenuineIntel
cpu family	: 6
model		: 142
model name	: Intel(R) Core(TM) i5-7200U CPU @ 2.50GHz
stepping	: 9
microcode	: 0x4e
cpu MHz		: 3099.957
cache size	: 3072 KB
physical id	: 0
siblings	: 4
core id		: 1
cpu cores	: 2
apicid		: 3
initial apicid	: 3
fpu		: yes
fpu_exception	: yes
cpuid level	: 22
wp		: yes
flags		: fpu vme de pse tsc msr pae mce cx8 apic sep mtrr pge mca cmov pat pse36 clflush dts acpi mmx fxsr sse sse2 ss ht tm pbe syscall nx pdpe1gb rdtscp lm constant_tsc art arch_perfmon pebs bts rep_good nopl xtopology nonstop_tsc aperfmperf eagerfpu pni pclmulqdq dtes64 monitor ds_cpl vmx est tm2 ssse3 sdbg fma cx16 xtpr pdcm pcid sse4_1 sse4_2 x2apic movbe popcnt tsc_deadline_timer aes xsave avx f16c rdrand lahf_lm abm 3dnowprefetch epb intel_pt tpr_shadow vnmi flexpriority ept vpid fsgsbase tsc_adjust bmi1 avx2 smep bmi2 erms invpcid mpx rdseed adx smap clflushopt xsaveopt xsavec xgetbv1 xsaves dtherm ida arat pln pts hwp hwp_notify hwp_act_window hwp_epp
bugs		:
bogomips	: 5424.00
clflush size	: 64
cache_alignment	: 64
address sizes	: 39 bits physical, 48 bits virtual
power management:



Memory: 4k page, physical 3933408k(114124k free), swap 4400124k(105388k free)

vm_info: Java HotSpot(TM) 64-Bit Server VM (25.171-b11) for linux-amd64 JRE (1.8.0_171-b11), built on Mar 28 2018 17:07:08 by "java_re" with gcc 4.3.0 20080428 (Red Hat 4.3.0-8)

time: Thu Jul  5 17:05:46 2018
elapsed time: 0 seconds (0d 0h 0m 0s)

