#
# There is insufficient memory for the Java Runtime Environment to continue.
# Native memory allocation (mmap) failed to map 202899456 bytes for committing reserved memory.
# Possible reasons:
#   The system is out of physical RAM or swap space
#   In 32 bit mode, the process size limit was hit
# Possible solutions:
#   Reduce memory load on the system
#   Increase physical memory or swap space
#   Check if swap backing store is full
#   Use 64 bit Java on a 64 bit OS
#   Decrease Java heap size (-Xmx/-Xms)
#   Decrease number of Java threads
#   Decrease Java thread stack sizes (-Xss)
#   Set larger code cache with -XX:ReservedCodeCacheSize=
# This output file may be truncated or incomplete.
#
#  Out of Memory Error (os_linux.cpp:2640), pid=11663, tid=0x00007ff2e4c87700
#
# JRE version: Java(TM) SE Runtime Environment (8.0_171-b11) (build 1.8.0_171-b11)
# Java VM: Java HotSpot(TM) 64-Bit Server VM (25.171-b11 mixed mode linux-amd64 compressed oops)
# Failed to write core dump. Core dumps have been disabled. To enable core dumping, try "ulimit -c unlimited" before starting Java again
#

---------------  T H R E A D  ---------------

Current thread (0x00007ff2f8143000):  VMThread [stack: 0x00007ff2e4b87000,0x00007ff2e4c88000] [id=11671]

Stack: [0x00007ff2e4b87000,0x00007ff2e4c88000],  sp=0x00007ff2e4c86200,  free space=1020k
Native frames: (J=compiled Java code, j=interpreted, Vv=VM code, C=native code)
V  [libjvm.so+0xacfffa]  VMError::report_and_die()+0x2ba
V  [libjvm.so+0x5005cb]  report_vm_out_of_memory(char const*, int, unsigned long, VMErrorType, char const*)+0x8b
V  [libjvm.so+0x92dd93]  os::Linux::commit_memory_impl(char*, unsigned long, bool)+0x123
V  [libjvm.so+0x92dfb9]  os::pd_commit_memory(char*, unsigned long, unsigned long, bool)+0x29
V  [libjvm.so+0x92527a]  os::commit_memory(char*, unsigned long, unsigned long, bool)+0x2a
V  [libjvm.so+0x99b223]  PSVirtualSpace::expand_by(unsigned long)+0x53
V  [libjvm.so+0x98bae0]  PSOldGen::expand(unsigned long)+0x170
V  [libjvm.so+0x98bceb]  PSOldGen::resize(unsigned long)+0x1cb
V  [libjvm.so+0x9939f1]  PSParallelCompact::invoke_no_policy(bool)+0x991
V  [libjvm.so+0x993ce3]  PSParallelCompact::invoke(bool)+0x63
V  [libjvm.so+0x487124]  CollectedHeap::collect_as_vm_thread(GCCause::Cause)+0x114
V  [libjvm.so+0xad1481]  VM_CollectForMetadataAllocation::doit()+0x161
V  [libjvm.so+0xad9595]  VM_Operation::evaluate()+0x55
V  [libjvm.so+0xad795a]  VMThread::evaluate_operation(VM_Operation*)+0xba
V  [libjvm.so+0xad7cde]  VMThread::loop()+0x1ce
V  [libjvm.so+0xad8150]  VMThread::run()+0x70
V  [libjvm.so+0x92e0f8]  java_start(Thread*)+0x108

VM_Operation (0x00007ff2ffa87120): CollectForMetadataAllocation, mode: safepoint, requested by thread 0x00007ff2f800d800


---------------  P R O C E S S  ---------------

Java Threads: ( => current thread )
  0x00007ff2fb461000 JavaThread "process reaper" daemon [_thread_blocked, id=11700, stack(0x00007ff29f25d000,0x00007ff29f296000)]
  0x00007ff2fb45f000 JavaThread "process reaper" daemon [_thread_blocked, id=11698, stack(0x00007ff29f296000,0x00007ff29f2cf000)]
  0x00007ff2fa32c000 JavaThread "Log4j2-TF-1-AsyncLogger[AsyncContext@7ee955a8]-1" daemon [_thread_blocked, id=11695, stack(0x00007ff29faff000,0x00007ff29fc00000)]
  0x00007ff2f8209800 JavaThread "Service Thread" daemon [_thread_blocked, id=11691, stack(0x00007ff2d7eff000,0x00007ff2d8000000)]
  0x00007ff2f81ec000 JavaThread "C1 CompilerThread2" daemon [_thread_blocked, id=11690, stack(0x00007ff2e407a000,0x00007ff2e417b000)]
  0x00007ff2f81e8000 JavaThread "C2 CompilerThread1" daemon [_thread_blocked, id=11689, stack(0x00007ff2e417b000,0x00007ff2e427c000)]
  0x00007ff2f81e5800 JavaThread "C2 CompilerThread0" daemon [_thread_blocked, id=11688, stack(0x00007ff2e427c000,0x00007ff2e437d000)]
  0x00007ff2b8001000 JavaThread "JDWP Command Reader" daemon [_thread_in_native, id=11685, stack(0x00007ff2e437d000,0x00007ff2e447e000)]
  0x00007ff2f8191000 JavaThread "JDWP Event Helper Thread" daemon [_thread_blocked, id=11683, stack(0x00007ff2e447e000,0x00007ff2e457f000)]
  0x00007ff2f818d000 JavaThread "JDWP Transport Listener: dt_socket" daemon [_thread_blocked, id=11682, stack(0x00007ff2e457f000,0x00007ff2e4680000)]
  0x00007ff2f8181000 JavaThread "Signal Dispatcher" daemon [_thread_blocked, id=11681, stack(0x00007ff2e4884000,0x00007ff2e4985000)]
  0x00007ff2f814f000 JavaThread "Finalizer" daemon [_thread_blocked, id=11674, stack(0x00007ff2e4985000,0x00007ff2e4a86000)]
  0x00007ff2f814a800 JavaThread "Reference Handler" daemon [_thread_blocked, id=11673, stack(0x00007ff2e4a86000,0x00007ff2e4b87000)]
  0x00007ff2f800d800 JavaThread "main" [_thread_blocked, id=11666, stack(0x00007ff2ff98d000,0x00007ff2ffa8e000)]

Other Threads:
=>0x00007ff2f8143000 VMThread [stack: 0x00007ff2e4b87000,0x00007ff2e4c88000] [id=11671]
  0x00007ff2f820e800 WatcherThread [stack: 0x00007ff2d7dfe000,0x00007ff2d7eff000] [id=11692]

VM state:at safepoint (normal execution)

VM Mutex/Monitor currently owned by a thread:  ([mutex/lock_event])
[0x00007ff2f8009970] ExpandHeap_lock - owner thread: 0x00007ff2f8143000
[0x00007ff2f8009ff0] Threads_lock - owner thread: 0x00007ff2f8143000
[0x00007ff2f800a4f0] Heap_lock - owner thread: 0x00007ff2f800d800

Heap:
 PSYoungGen      total 187904K, used 0K [0x00000000eab00000, 0x00000000f8880000, 0x0000000100000000)
  eden space 166400K, 0% used [0x00000000eab00000,0x00000000eab00000,0x00000000f4d80000)
  from space 21504K, 0% used [0x00000000f6280000,0x00000000f6280000,0x00000000f7780000)
  to   space 21504K, 0% used [0x00000000f4d80000,0x00000000f4d80000,0x00000000f6280000)
 ParOldGen       total 425472K, used 31124K [0x00000000c0000000, 0x00000000d9f80000, 0x00000000eab00000)
  object space 425472K, 7% used [0x00000000c0000000,0x00000000c1e65300,0x00000000d9f80000)
 Metaspace       used 54058K, capacity 59114K, committed 59160K, reserved 1101824K
  class space    used 7411K, capacity 7706K, committed 7720K, reserved 1048576K

Card table byte_map: [0x00007ff2fc131000,0x00007ff2fc332000] byte_map_base: 0x00007ff2fbb31000

Marking Bits: (ParMarkBitMap*) 0x00007ff2fee86280
 Begin Bits: [0x00007ff2e67e7000, 0x00007ff2e77e7000)
 End Bits:   [0x00007ff2e77e7000, 0x00007ff2e87e7000)

Polling page: 0x00007ff2ffaa8000

CodeCache: size=245760Kb used=11707Kb max_used=12513Kb free=234052Kb
 bounds [0x00007ff2e9000000, 0x00007ff2e9c60000, 0x00007ff2f8000000]
 total_blobs=4230 nmethods=3708 adapters=440
 compilation: enabled

Compilation events (10 events):
Event: 17,660 Thread 0x00007ff2f81ec000 4031       1       sbt.internal.util.Init$DefaultSetting$::sbt$internal$util$Init$DefaultSetting$$$outer (5 bytes)
Event: 17,660 Thread 0x00007ff2f81ec000 nmethod 4031 0x00007ff2e955bd10 code [0x00007ff2e955be60, 0x00007ff2e955bf70]
Event: 17,671 Thread 0x00007ff2f81ec000 4032       3       sbt.ScopeAxis::$init$ (1 bytes)
Event: 17,671 Thread 0x00007ff2f81ec000 nmethod 4032 0x00007ff2e9637750 code [0x00007ff2e96378a0, 0x00007ff2e96379d0]
Event: 17,682 Thread 0x00007ff2f81ec000 4033       3       sbt.TaskKey$::apply (9 bytes)
Event: 17,682 Thread 0x00007ff2f81ec000 nmethod 4033 0x00007ff2e96d6f90 code [0x00007ff2e96d7180, 0x00007ff2e96d7a10]
Event: 17,682 Thread 0x00007ff2f81e8000 4034       4       java.lang.invoke.MemberName::initResolved (53 bytes)
Event: 17,683 Thread 0x00007ff2f81e8000 nmethod 4034 0x00007ff2e922b3d0 code [0x00007ff2e922b520, 0x00007ff2e922b598]
Event: 17,685 Thread 0x00007ff2f81e8000 4035       4       java.lang.invoke.AbstractValidatingLambdaMetafactory::isAdaptableTo (126 bytes)
Event: 17,686 Thread 0x00007ff2f81e8000 nmethod 4035 0x00007ff2e9233e10 code [0x00007ff2e9233f80, 0x00007ff2e9234198]

GC Heap History (10 events):
Event: 7,439 GC heap after
Heap after GC invocations=2 (full 1):
 PSYoungGen      total 153088K, used 0K [0x00000000eab00000, 0x00000000f5580000, 0x0000000100000000)
  eden space 131584K, 0% used [0x00000000eab00000,0x00000000eab00000,0x00000000f2b80000)
  from space 21504K, 0% used [0x00000000f2b80000,0x00000000f2b80000,0x00000000f4080000)
  to   space 21504K, 0% used [0x00000000f4080000,0x00000000f4080000,0x00000000f5580000)
 ParOldGen       total 349696K, used 14391K [0x00000000c0000000, 0x00000000d5580000, 0x00000000eab00000)
  object space 349696K, 4% used [0x00000000c0000000,0x00000000c0e0dcd0,0x00000000d5580000)
 Metaspace       used 20548K, capacity 21156K, committed 21296K, reserved 1067008K
  class space    used 2814K, capacity 2932K, committed 2944K, reserved 1048576K
}
Event: 11,839 GC heap before
{Heap before GC invocations=3 (full 1):
 PSYoungGen      total 153088K, used 90395K [0x00000000eab00000, 0x00000000f5580000, 0x0000000100000000)
  eden space 131584K, 68% used [0x00000000eab00000,0x00000000f0346cc0,0x00000000f2b80000)
  from space 21504K, 0% used [0x00000000f2b80000,0x00000000f2b80000,0x00000000f4080000)
  to   space 21504K, 0% used [0x00000000f4080000,0x00000000f4080000,0x00000000f5580000)
 ParOldGen       total 349696K, used 14391K [0x00000000c0000000, 0x00000000d5580000, 0x00000000eab00000)
  object space 349696K, 4% used [0x00000000c0000000,0x00000000c0e0dcd0,0x00000000d5580000)
 Metaspace       used 33828K, capacity 35462K, committed 35496K, reserved 1079296K
  class space    used 4788K, capacity 4999K, committed 5032K, reserved 1048576K
Event: 11,854 GC heap after
Heap after GC invocations=3 (full 1):
 PSYoungGen      total 153088K, used 13630K [0x00000000eab00000, 0x00000000f7600000, 0x0000000100000000)
  eden space 131584K, 0% used [0x00000000eab00000,0x00000000eab00000,0x00000000f2b80000)
  from space 21504K, 63% used [0x00000000f4080000,0x00000000f4dcfa88,0x00000000f5580000)
  to   space 21504K, 0% used [0x00000000f2b80000,0x00000000f2b80000,0x00000000f4080000)
 ParOldGen       total 349696K, used 14399K [0x00000000c0000000, 0x00000000d5580000, 0x00000000eab00000)
  object space 349696K, 4% used [0x00000000c0000000,0x00000000c0e0fcd0,0x00000000d5580000)
 Metaspace       used 33828K, capacity 35462K, committed 35496K, reserved 1079296K
  class space    used 4788K, capacity 4999K, committed 5032K, reserved 1048576K
}
Event: 11,854 GC heap before
{Heap before GC invocations=4 (full 2):
 PSYoungGen      total 153088K, used 13630K [0x00000000eab00000, 0x00000000f7600000, 0x0000000100000000)
  eden space 131584K, 0% used [0x00000000eab00000,0x00000000eab00000,0x00000000f2b80000)
  from space 21504K, 63% used [0x00000000f4080000,0x00000000f4dcfa88,0x00000000f5580000)
  to   space 21504K, 0% used [0x00000000f2b80000,0x00000000f2b80000,0x00000000f4080000)
 ParOldGen       total 349696K, used 14399K [0x00000000c0000000, 0x00000000d5580000, 0x00000000eab00000)
  object space 349696K, 4% used [0x00000000c0000000,0x00000000c0e0fcd0,0x00000000d5580000)
 Metaspace       used 33828K, capacity 35462K, committed 35496K, reserved 1079296K
  class space    used 4788K, capacity 4999K, committed 5032K, reserved 1048576K
Event: 11,918 GC heap after
Heap after GC invocations=4 (full 2):
 PSYoungGen      total 153088K, used 0K [0x00000000eab00000, 0x00000000f7600000, 0x0000000100000000)
  eden space 131584K, 0% used [0x00000000eab00000,0x00000000eab00000,0x00000000f2b80000)
  from space 21504K, 0% used [0x00000000f4080000,0x00000000f4080000,0x00000000f5580000)
  to   space 21504K, 0% used [0x00000000f2b80000,0x00000000f2b80000,0x00000000f4080000)
 ParOldGen       total 425472K, used 18551K [0x00000000c0000000, 0x00000000d9f80000, 0x00000000eab00000)
  object space 425472K, 4% used [0x00000000c0000000,0x00000000c121de80,0x00000000d9f80000)
 Metaspace       used 33828K, capacity 35462K, committed 35496K, reserved 1079296K
  class space    used 4788K, capacity 4999K, committed 5032K, reserved 1048576K
}
Event: 16,064 GC heap before
{Heap before GC invocations=5 (full 2):
 PSYoungGen      total 153088K, used 131584K [0x00000000eab00000, 0x00000000f7600000, 0x0000000100000000)
  eden space 131584K, 100% used [0x00000000eab00000,0x00000000f2b80000,0x00000000f2b80000)
  from space 21504K, 0% used [0x00000000f4080000,0x00000000f4080000,0x00000000f5580000)
  to   space 21504K, 0% used [0x00000000f2b80000,0x00000000f2b80000,0x00000000f4080000)
 ParOldGen       total 425472K, used 18551K [0x00000000c0000000, 0x00000000d9f80000, 0x00000000eab00000)
  object space 425472K, 4% used [0x00000000c0000000,0x00000000c121de80,0x00000000d9f80000)
 Metaspace       used 49825K, capacity 53244K, committed 53544K, reserved 1095680K
  class space    used 6624K, capacity 6883K, committed 6952K, reserved 1048576K
Event: 16,089 GC heap after
Heap after GC invocations=5 (full 2):
 PSYoungGen      total 153088K, used 21486K [0x00000000eab00000, 0x00000000f7780000, 0x0000000100000000)
  eden space 131584K, 0% used [0x00000000eab00000,0x00000000eab00000,0x00000000f2b80000)
  from space 21504K, 99% used [0x00000000f2b80000,0x00000000f407bbb8,0x00000000f4080000)
  to   space 21504K, 0% used [0x00000000f6280000,0x00000000f6280000,0x00000000f7780000)
 ParOldGen       total 425472K, used 24835K [0x00000000c0000000, 0x00000000d9f80000, 0x00000000eab00000)
  object space 425472K, 5% used [0x00000000c0000000,0x00000000c1840fa0,0x00000000d9f80000)
 Metaspace       used 49825K, capacity 53244K, committed 53544K, reserved 1095680K
  class space    used 6624K, capacity 6883K, committed 6952K, reserved 1048576K
}
Event: 17,693 GC heap before
{Heap before GC invocations=6 (full 2):
 PSYoungGen      total 153088K, used 57846K [0x00000000eab00000, 0x00000000f7780000, 0x0000000100000000)
  eden space 131584K, 27% used [0x00000000eab00000,0x00000000ece82028,0x00000000f2b80000)
  from space 21504K, 99% used [0x00000000f2b80000,0x00000000f407bbb8,0x00000000f4080000)
  to   space 21504K, 0% used [0x00000000f6280000,0x00000000f6280000,0x00000000f7780000)
 ParOldGen       total 425472K, used 24835K [0x00000000c0000000, 0x00000000d9f80000, 0x00000000eab00000)
  object space 425472K, 5% used [0x00000000c0000000,0x00000000c1840fa0,0x00000000d9f80000)
 Metaspace       used 54064K, capacity 59126K, committed 59160K, reserved 1101824K
  class space    used 7412K, capacity 7710K, committed 7720K, reserved 1048576K
Event: 17,724 GC heap after
Heap after GC invocations=6 (full 2):
 PSYoungGen      total 187904K, used 20840K [0x00000000eab00000, 0x00000000f8880000, 0x0000000100000000)
  eden space 166400K, 0% used [0x00000000eab00000,0x00000000eab00000,0x00000000f4d80000)
  from space 21504K, 96% used [0x00000000f6280000,0x00000000f76da3a0,0x00000000f7780000)
  to   space 21504K, 0% used [0x00000000f4d80000,0x00000000f4d80000,0x00000000f6280000)
 ParOldGen       total 425472K, used 24843K [0x00000000c0000000, 0x00000000d9f80000, 0x00000000eab00000)
  object space 425472K, 5% used [0x00000000c0000000,0x00000000c1842fa0,0x00000000d9f80000)
 Metaspace       used 54064K, capacity 59126K, committed 59160K, reserved 1101824K
  class space    used 7412K, capacity 7710K, committed 7720K, reserved 1048576K
}
Event: 17,724 GC heap before
{Heap before GC invocations=7 (full 3):
 PSYoungGen      total 187904K, used 20840K [0x00000000eab00000, 0x00000000f8880000, 0x0000000100000000)
  eden space 166400K, 0% used [0x00000000eab00000,0x00000000eab00000,0x00000000f4d80000)
  from space 21504K, 96% used [0x00000000f6280000,0x00000000f76da3a0,0x00000000f7780000)
  to   space 21504K, 0% used [0x00000000f4d80000,0x00000000f4d80000,0x00000000f6280000)
 ParOldGen       total 425472K, used 24843K [0x00000000c0000000, 0x00000000d9f80000, 0x00000000eab00000)
  object space 425472K, 5% used [0x00000000c0000000,0x00000000c1842fa0,0x00000000d9f80000)
 Metaspace       used 54064K, capacity 59126K, committed 59160K, reserved 1101824K
  class space    used 7412K, capacity 7710K, committed 7720K, reserved 1048576K

Deoptimization events (10 events):
Event: 15,819 Thread 0x00007ff2f800d800 Uncommon trap: reason=bimorphic action=maybe_recompile pc=0x00007ff2e96d9820 method=scala.collection.IndexedSeqOptimized.foreach(Lscala/Function1;)V @ 3
Event: 15,820 Thread 0x00007ff2f800d800 Uncommon trap: reason=bimorphic action=maybe_recompile pc=0x00007ff2e96d9820 method=scala.collection.IndexedSeqOptimized.foreach(Lscala/Function1;)V @ 3
Event: 15,853 Thread 0x00007ff2f800d800 Uncommon trap: reason=bimorphic action=maybe_recompile pc=0x00007ff2e96d9820 method=scala.collection.IndexedSeqOptimized.foreach(Lscala/Function1;)V @ 3
Event: 15,943 Thread 0x00007ff2f800d800 Uncommon trap: reason=class_check action=maybe_recompile pc=0x00007ff2e920f410 method=sun.misc.URLClassPath.getLoader(I)Lsun/misc/URLClassPath$Loader; @ 94
Event: 15,943 Thread 0x00007ff2f800d800 Uncommon trap: reason=class_check action=maybe_recompile pc=0x00007ff2e9a6cee0 method=sun.misc.URLClassPath.getResource(Ljava/lang/String;Z)Lsun/misc/Resource; @ 62
Event: 15,943 Thread 0x00007ff2f800d800 Uncommon trap: reason=unstable_if action=reinterpret pc=0x00007ff2e993fbc4 method=java.lang.String.regionMatches(ZILjava/lang/String;II)Z @ 41
Event: 15,970 Thread 0x00007ff2f800d800 Uncommon trap: reason=bimorphic action=maybe_recompile pc=0x00007ff2e96d9820 method=scala.collection.IndexedSeqOptimized.foreach(Lscala/Function1;)V @ 3
Event: 15,981 Thread 0x00007ff2f800d800 Uncommon trap: reason=class_check action=maybe_recompile pc=0x00007ff2e920f410 method=sun.misc.URLClassPath.getLoader(I)Lsun/misc/URLClassPath$Loader; @ 94
Event: 16,313 Thread 0x00007ff2f800d800 Uncommon trap: reason=unstable_if action=reinterpret pc=0x00007ff2e993676c method=java.lang.SecurityManager.checkPackageAccess(Ljava/lang/String;)V @ 85
Event: 17,107 Thread 0x00007ff2f800d800 Uncommon trap: reason=unstable_if action=reinterpret pc=0x00007ff2e9217094 method=java.net.URI.match(CJJ)Z @ 45

Classes redefined (0 events):
No events

Internal exceptions (10 events):
Event: 17,322 Thread 0x00007ff2f800d800 Exception <a 'java/lang/NoSuchMethodError': java.lang.Object.$anonfun$UnicodeEscape$1$adapted(Lscala/collection/Seq;)Ljava/lang/Object;> (0x00000000ec595308) thrown at [/HUDSON/workspace/8-2-build-linux-amd64/jdk8u171/10807/hotspot/src/share/vm/interprete
Event: 17,323 Thread 0x00007ff2f800d800 Exception <a 'java/lang/NoSuchMethodError': java.lang.Object.$anonfun$NotDQuoteSpaceClass$1$adapted(Lsbt/internal/util/complete/Parsers;Ljava/lang/Object;)Ljava/lang/Object;> (0x00000000ec599fa0) thrown at [/HUDSON/workspace/8-2-build-linux-amd64/jdk8u171
Event: 17,324 Thread 0x00007ff2f800d800 Exception <a 'java/lang/NoSuchMethodError': java.lang.Object.$anonfun$NotQuoted$1(Lscala/Tuple2;)Ljava/lang/String;> (0x00000000ec59e590) thrown at [/HUDSON/workspace/8-2-build-linux-amd64/jdk8u171/10807/hotspot/src/share/vm/interpreter/linkResolver.cpp, 
Event: 17,520 Thread 0x00007ff2f800d800 Exception <a 'java/lang/NoSuchMethodError': java.lang.Object.$anonfun$overrideConfigs$1(Lsbt/librarymanagement/Configuration;)Ljava/lang/String;> (0x00000000ec943df8) thrown at [/HUDSON/workspace/8-2-build-linux-amd64/jdk8u171/10807/hotspot/src/share/vm/i
Event: 17,521 Thread 0x00007ff2f800d800 Exception <a 'java/lang/NoSuchMethodError': java.lang.Object.$anonfun$overrideConfigs$2(Lsbt/librarymanagement/Configuration;)Lscala/Tuple2;> (0x00000000ec948980) thrown at [/HUDSON/workspace/8-2-build-linux-amd64/jdk8u171/10807/hotspot/src/share/vm/inter
Event: 17,522 Thread 0x00007ff2f800d800 Exception <a 'java/lang/NoSuchMethodError': java.lang.Object.$anonfun$overrideConfigs$3(Lscala/collection/immutable/Map;Lsbt/librarymanagement/Configuration;)Lsbt/librarymanagement/Configuration;> (0x00000000ec94d5e8) thrown at [/HUDSON/workspace/8-2-buil
Event: 17,523 Thread 0x00007ff2f800d800 Exception <a 'java/lang/NoSuchMethodError': java.lang.Object.$anonfun$overrideConfigs$4(Lsbt/librarymanagement/Configuration;)Lsbt/librarymanagement/Configuration;> (0x00000000ec953070) thrown at [/HUDSON/workspace/8-2-build-linux-amd64/jdk8u171/10807/hot
Event: 17,524 Thread 0x00007ff2f800d800 Exception <a 'java/lang/NoSuchMethodError': java.lang.Object.$anonfun$overrideConfigs$5$adapted(Lscala/collection/immutable/Set;Lsbt/librarymanagement/Configuration;)Ljava/lang/Object;> (0x00000000ec9581c0) thrown at [/HUDSON/workspace/8-2-build-linux-amd
Event: 17,557 Thread 0x00007ff2f800d800 Exception <a 'java/lang/NoSuchMethodError': java.lang.Object.$anonfun$resolveBuild$1(Lscala/Function1;Lsbt/ClasspathDep;)Lsbt/ClasspathDependency;> (0x00000000ec9f2018) thrown at [/HUDSON/workspace/8-2-build-linux-amd64/jdk8u171/10807/hotspot/src/share/vm
Event: 17,562 Thread 0x00007ff2f800d800 Exception <a 'java/lang/NoSuchMethodError': java.lang.Object.$anonfun$uses$1(Lsbt/ClasspathDep;)Lsbt/ProjectReference;> (0x00000000ec9fdef0) thrown at [/HUDSON/workspace/8-2-build-linux-amd64/jdk8u171/10807/hotspot/src/share/vm/interpreter/linkResolver.cp

Events (10 events):
Event: 17,691 Thread 0x00007ff2f800d800 DEOPT UNPACKING pc=0x00007ff2e9047784 sp=0x00007ff2ffa88cc0 mode 1
Event: 17,691 Thread 0x00007ff2f800d800 DEOPT PACKING pc=0x00007ff2e9555624 sp=0x00007ff2ffa89080
Event: 17,691 Thread 0x00007ff2f800d800 DEOPT UNPACKING pc=0x00007ff2e9047784 sp=0x00007ff2ffa88dc8 mode 1
Event: 17,691 Thread 0x00007ff2f800d800 DEOPT PACKING pc=0x00007ff2e9339668 sp=0x00007ff2ffa890d0
Event: 17,691 Thread 0x00007ff2f800d800 DEOPT UNPACKING pc=0x00007ff2e9047784 sp=0x00007ff2ffa88e10 mode 1
Event: 17,691 Thread 0x00007ff2f800d800 DEOPT PACKING pc=0x00007ff2e9339668 sp=0x00007ff2ffa89160
Event: 17,691 Thread 0x00007ff2f800d800 DEOPT UNPACKING pc=0x00007ff2e9047784 sp=0x00007ff2ffa88ea0 mode 1
Event: 17,691 Thread 0x00007ff2f800d800 DEOPT PACKING pc=0x00007ff2e9339668 sp=0x00007ff2ffa891f0
Event: 17,691 Thread 0x00007ff2f800d800 DEOPT UNPACKING pc=0x00007ff2e9047784 sp=0x00007ff2ffa88f30 mode 1
Event: 17,692 Executing VM operation: CollectForMetadataAllocation


Dynamic libraries:
00400000-00401000 r-xp 00000000 08:06 401093                             /usr/lib/jvm/java-8-oracle/bin/java
00600000-00601000 rw-p 00000000 08:06 401093                             /usr/lib/jvm/java-8-oracle/bin/java
01f16000-01f37000 rw-p 00000000 00:00 0                                  [heap]
c0000000-d9f80000 rw-p 00000000 00:00 0 
e6100000-eab00000 ---p 00000000 00:00 0 
eab00000-f8880000 rw-p 00000000 00:00 0 
f8880000-100000000 ---p 00000000 00:00 0 
100000000-10078a000 rw-p 00000000 00:00 0 
10078a000-140000000 ---p 00000000 00:00 0 
7ff290000000-7ff290021000 rw-p 00000000 00:00 0 
7ff290021000-7ff294000000 ---p 00000000 00:00 0 
7ff294000000-7ff294021000 rw-p 00000000 00:00 0 
7ff294021000-7ff298000000 ---p 00000000 00:00 0 
7ff298000000-7ff298092000 rw-p 00000000 00:00 0 
7ff298092000-7ff29c000000 ---p 00000000 00:00 0 
7ff29d4eb000-7ff29d527000 rw-p 00000000 00:00 0 
7ff29d527000-7ff29d6eb000 ---p 00000000 00:00 0 
7ff29d6eb000-7ff29d8eb000 rw-p 00000000 00:00 0 
7ff29d8eb000-7ff29daeb000 rw-p 00000000 00:00 0 
7ff29daeb000-7ff29dceb000 rw-p 00000000 00:00 0 
7ff29dceb000-7ff29deeb000 rw-p 00000000 00:00 0 
7ff29e0d1000-7ff29e2d1000 rw-p 00000000 00:00 0 
7ff29e2d1000-7ff29e366000 r--s 0110b000 08:06 403394                     /usr/lib/jvm/java-8-oracle/jre/lib/ext/jfxrt.jar
7ff29e366000-7ff29e566000 rw-p 00000000 00:00 0 
7ff29e566000-7ff29e766000 rw-p 00000000 00:00 0 
7ff29e766000-7ff29e966000 rw-p 00000000 00:00 0 
7ff29e966000-7ff29eb66000 rw-p 00000000 00:00 0 
7ff29eb66000-7ff29ed66000 rw-p 00000000 00:00 0 
7ff29ed66000-7ff29ef66000 rw-p 00000000 00:00 0 
7ff29ef66000-7ff29f166000 rw-p 00000000 00:00 0 
7ff29f1c4000-7ff29f1c6000 r--s 00001000 08:06 403392                     /usr/lib/jvm/java-8-oracle/jre/lib/ext/dnsns.jar
7ff29f1c6000-7ff29f1c8000 r--s 00009000 08:06 403391                     /usr/lib/jvm/java-8-oracle/jre/lib/ext/sunec.jar
7ff29f1c8000-7ff29f1cd000 r--s 0003f000 08:06 403401                     /usr/lib/jvm/java-8-oracle/jre/lib/ext/sunjce_provider.jar
7ff29f1cd000-7ff29f1d1000 r--s 0003a000 08:06 403398                     /usr/lib/jvm/java-8-oracle/jre/lib/ext/sunpkcs11.jar
7ff29f1d1000-7ff29f1e4000 r--s 00345000 08:06 403376                     /usr/lib/jvm/java-8-oracle/jre/lib/resources.jar
7ff29f1e4000-7ff29f25d000 r--s 010f9000 08:06 402064                     /usr/lib/jvm/java-8-oracle/lib/tools.jar
7ff29f25d000-7ff29f260000 ---p 00000000 00:00 0 
7ff29f260000-7ff29f296000 rw-p 00000000 00:00 0 
7ff29f296000-7ff29f299000 ---p 00000000 00:00 0 
7ff29f299000-7ff29f2cf000 rw-p 00000000 00:00 0 
7ff29f2cf000-7ff29f2ff000 r--p 00000000 08:06 2902531                    /usr/share/locale/ru/LC_MESSAGES/libc.mo
7ff29f2ff000-7ff29f4ff000 rw-p 00000000 00:00 0 
7ff29f4ff000-7ff29f6ff000 rw-p 00000000 00:00 0 
7ff29f6ff000-7ff29f8ff000 rw-p 00000000 00:00 0 
7ff29f8ff000-7ff29faff000 rw-p 00000000 00:00 0 
7ff29faff000-7ff29fb02000 ---p 00000000 00:00 0 
7ff29fb02000-7ff29fc00000 rw-p 00000000 00:00 0 
7ff29fc00000-7ff29fe00000 rw-p 00000000 00:00 0 
7ff29fe00000-7ff2a0000000 rw-p 00000000 00:00 0 
7ff2a0000000-7ff2a0021000 rw-p 00000000 00:00 0 
7ff2a0021000-7ff2a4000000 ---p 00000000 00:00 0 
7ff2a4000000-7ff2a4021000 rw-p 00000000 00:00 0 
7ff2a4021000-7ff2a8000000 ---p 00000000 00:00 0 
7ff2a8000000-7ff2aabce000 rw-p 00000000 00:00 0 
7ff2aabce000-7ff2ac000000 ---p 00000000 00:00 0 
7ff2ac000000-7ff2ac7bf000 rw-p 00000000 00:00 0 
7ff2ac7bf000-7ff2b0000000 ---p 00000000 00:00 0 
7ff2b0000000-7ff2b0021000 rw-p 00000000 00:00 0 
7ff2b0021000-7ff2b4000000 ---p 00000000 00:00 0 
7ff2b4000000-7ff2b4db6000 rw-p 00000000 00:00 0 
7ff2b4db6000-7ff2b8000000 ---p 00000000 00:00 0 
7ff2b8000000-7ff2b8021000 rw-p 00000000 00:00 0 
7ff2b8021000-7ff2bc000000 ---p 00000000 00:00 0 
7ff2bc000000-7ff2bc098000 rw-p 00000000 00:00 0 
7ff2bc098000-7ff2c0000000 ---p 00000000 00:00 0 
7ff2c0000000-7ff2c0021000 rw-p 00000000 00:00 0 
7ff2c0021000-7ff2c4000000 ---p 00000000 00:00 0 
7ff2c4000000-7ff2c4021000 rw-p 00000000 00:00 0 
7ff2c4021000-7ff2c8000000 ---p 00000000 00:00 0 
7ff2c8000000-7ff2c8332000 rw-p 00000000 00:00 0 
7ff2c8332000-7ff2cc000000 ---p 00000000 00:00 0 
7ff2cc000000-7ff2cc021000 rw-p 00000000 00:00 0 
7ff2cc021000-7ff2d0000000 ---p 00000000 00:00 0 
7ff2d0000000-7ff2d0021000 rw-p 00000000 00:00 0 
7ff2d0021000-7ff2d4000000 ---p 00000000 00:00 0 
7ff2d4001000-7ff2d4002000 r--s 0000a000 08:06 403395                     /usr/lib/jvm/java-8-oracle/jre/lib/ext/jaccess.jar
7ff2d4002000-7ff2d4003000 r--s 00010000 08:06 403397                     /usr/lib/jvm/java-8-oracle/jre/lib/ext/zipfs.jar
7ff2d4003000-7ff2d4008000 r--s 00084000 08:06 403290                     /usr/lib/jvm/java-8-oracle/jre/lib/jfr.jar
7ff2d4008000-7ff2d400d000 r--s 002f9000 08:06 403339                     /usr/lib/jvm/java-8-oracle/jre/lib/charsets.jar
7ff2d400d000-7ff2d4010000 r--s 0001a000 08:06 430425                     /usr/lib/jvm/java-8-oracle/jre/lib/jce.jar
7ff2d4010000-7ff2d4017000 r--s 00000000 08:06 2930995                    /usr/lib/x86_64-linux-gnu/gconv/gconv-modules.cache
7ff2d4017000-7ff2d401c000 r--s 0009d000 08:06 403390                     /usr/lib/jvm/java-8-oracle/jre/lib/jsse.jar
7ff2d401c000-7ff2d4037000 r--s 001d4000 08:06 403396                     /usr/lib/jvm/java-8-oracle/jre/lib/ext/nashorn.jar
7ff2d4037000-7ff2d4040000 r-xp 00000000 08:06 430417                     /usr/lib/jvm/java-8-oracle/jre/lib/amd64/libmanagement.so
7ff2d4040000-7ff2d423f000 ---p 00009000 08:06 430417                     /usr/lib/jvm/java-8-oracle/jre/lib/amd64/libmanagement.so
7ff2d423f000-7ff2d4240000 rw-p 00008000 08:06 430417                     /usr/lib/jvm/java-8-oracle/jre/lib/amd64/libmanagement.so
7ff2d4240000-7ff2d4242000 r--s 00009000 08:06 1940585                    /home/a1/.sbt/boot/scala-2.12.6/org.scala-sbt/sbt/1.1.6/slf4j-api-1.7.25.jar
7ff2d4242000-7ff2d4243000 r--s 00011000 08:06 1937493                    /home/a1/.sbt/boot/scala-2.12.6/org.scala-sbt/sbt/1.1.6/run_2.12-1.1.6.jar
7ff2d4243000-7ff2d4443000 rw-p 00000000 00:00 0 
7ff2d4443000-7ff2d444d000 r--s 00116000 08:06 403400                     /usr/lib/jvm/java-8-oracle/jre/lib/ext/localedata.jar
7ff2d444d000-7ff2d4469000 r--s 00393000 08:06 403393                     /usr/lib/jvm/java-8-oracle/jre/lib/ext/cldrdata.jar
7ff2d4469000-7ff2d4669000 rw-p 00000000 00:00 0 
7ff2d4669000-7ff2d4869000 rw-p 00000000 00:00 0 
7ff2d4869000-7ff2d486c000 r--s 0003f000 08:06 1931660                    /home/a1/.sbt/boot/scala-2.12.6/org.scala-sbt/sbt/1.1.6/command_2.12-1.1.6.jar
7ff2d486c000-7ff2d4871000 r--s 00048000 08:06 1932156                    /home/a1/.sbt/boot/scala-2.12.6/org.scala-sbt/sbt/1.1.6/io_2.12-1.1.10.jar
7ff2d4871000-7ff2d4873000 r--s 00007000 08:06 1940442                    /home/a1/.sbt/boot/scala-2.12.6/org.scala-sbt/sbt/1.1.6/lenses_2.12-0.4.12.jar
7ff2d4873000-7ff2d4874000 r--s 00009000 08:06 1928846                    /home/a1/.sbt/boot/scala-2.12.6/org.scala-sbt/sbt/1.1.6/gigahorse-okhttp_2.12-0.3.0.jar
7ff2d4874000-7ff2d487f000 r--s 0019b000 08:06 1940447                    /home/a1/.sbt/boot/scala-2.12.6/org.scala-sbt/sbt/1.1.6/main_2.12-1.1.6.jar
7ff2d487f000-7ff2d4882000 r--s 00022000 08:06 1939984                    /home/a1/.sbt/boot/scala-2.12.6/org.scala-sbt/sbt/1.1.6/sbinary_2.12-0.4.4.jar
7ff2d4882000-7ff2d4884000 r--s 00032000 08:06 1940595                    /home/a1/.sbt/boot/scala-2.12.6/org.scala-sbt/sbt/1.1.6/actions_2.12-1.1.6.jar
7ff2d4884000-7ff2d4886000 r--s 0000e000 08:06 1934125                    /home/a1/.sbt/boot/scala-2.12.6/org.scala-sbt/sbt/1.1.6/sbt-1.1.6.jar
7ff2d4886000-7ff2d4887000 r--s 00007000 08:06 1940438                    /home/a1/.sbt/boot/scala-2.12.6/org.scala-sbt/sbt/1.1.6/okhttp-urlconnection-3.7.0.jar
7ff2d4887000-7ff2d488b000 r--s 00013000 08:06 1935462                    /home/a1/.sbt/boot/scala-2.12.6/org.scala-sbt/sbt/1.1.6/compiler-interface-1.1.7.jar
7ff2d488b000-7ff2d488c000 r--s 0000b000 08:06 1940427                    /home/a1/.sbt/boot/scala-2.12.6/org.scala-sbt/sbt/1.1.6/zinc-ivy-integration_2.12-1.1.7.jar
7ff2d488c000-7ff2d488e000 r--s 0000e000 08:06 1940596                    /home/a1/.sbt/boot/scala-2.12.6/org.scala-sbt/sbt/1.1.6/fastparse-utils_2.12-0.4.2.jar
7ff2d488e000-7ff2d4890000 r--s 00012000 08:06 1940441                    /home/a1/.sbt/boot/scala-2.12.6/org.scala-sbt/sbt/1.1.6/core-macros_2.12-1.1.6.jar
7ff2d4890000-7ff2d4894000 r--s 00030000 08:06 1939982                    /home/a1/.sbt/boot/scala-2.12.6/org.scala-sbt/sbt/1.1.6/scala-parser-combinators_2.12-1.0.5.jar
7ff2d4894000-7ff2d4896000 r--s 00008000 08:06 1934134                    /home/a1/.sbt/boot/scala-2.12.6/org.scala-sbt/sbt/1.1.6/sjson-new-scalajson_2.12-0.8.2.jar
7ff2d4896000-7ff2d4897000 r--s 00003000 08:06 1932147                    /home/a1/.sbt/boot/scala-2.12.6/org.scala-sbt/sbt/1.1.6/zinc-compile_2.12-1.1.7.jar
7ff2d4897000-7ff2d4898000 r--s 00003000 08:06 1940516                    /home/a1/.sbt/boot/scala-2.12.6/org.scala-sbt/sbt/1.1.6/util-relation_2.12-1.1.3.jar
7ff2d4898000-7ff2d4899000 r--s 00000000 08:06 1933065                    /home/a1/.sbt/boot/scala-2.12.6/org.scala-sbt/sbt/1.1.6/util-interface-1.1.3.jar
7ff2d4899000-7ff2d489b000 r--s 00024000 08:06 1932151                    /home/a1/.sbt/boot/scala-2.12.6/org.scala-sbt/sbt/1.1.6/zinc-apiinfo_2.12-1.1.7.jar
7ff2d489b000-7ff2d489f000 r--s 00039000 08:06 1939997                    /home/a1/.sbt/boot/scala-2.12.6/org.scala-sbt/sbt/1.1.6/util-logging_2.12-1.1.3.jar
7ff2d489f000-7ff2d48a2000 r--s 0003d000 08:06 1932162                    /home/a1/.sbt/boot/scala-2.12.6/org.scala-sbt/sbt/1.1.6/completion_2.12-1.1.6.jar
7ff2d48a2000-7ff2d48a7000 r--s 00031000 08:06 1940446                    /home/a1/.sbt/boot/scala-2.12.6/org.scala-sbt/sbt/1.1.6/config-1.2.0.jar
7ff2d48a7000-7ff2d48a9000 r--s 0000b000 08:06 1932159                    /home/a1/.sbt/boot/scala-2.12.6/org.scala-sbt/sbt/1.1.6/logic_2.12-1.1.6.jar
7ff2d48a9000-7ff2d48ab000 r--s 0002d000 08:06 1940448                    /home/a1/.sbt/boot/scala-2.12.6/org.scala-sbt/sbt/1.1.6/util-cache_2.12-1.1.3.jar
7ff2d48ab000-7ff2d48ad000 r--s 00012000 08:06 1937974                    /home/a1/.sbt/boot/scala-2.12.6/org.scala-sbt/sbt/1.1.6/tasks_2.12-1.1.6.jar
7ff2d48ad000-7ff2d48b3000 r--s 00093000 08:06 1940582                    /home/a1/.sbt/boot/scala-2.12.6/org.scala-sbt/sbt/1.1.6/librarymanagement-ivy_2.12-1.1.5.jar
7ff2d48b3000-7ff2d48b7000 r--s 0015c000 08:06 1940434                    /home/a1/.sbt/boot/scala-2.12.6/org.scala-sbt/sbt/1.1.6/jna-4.5.0.jar
7ff2d48b7000-7ff2d48ba000 r--s 00033000 08:06 1940586                    /home/a1/.sbt/boot/scala-2.12.6/org.scala-sbt/sbt/1.1.6/zinc-compile-core_2.12-1.1.7.jar
7ff2d48ba000-7ff2d48bc000 r--s 00019000 08:06 1940552                    /home/a1/.sbt/boot/scala-2.12.6/org.scala-sbt/sbt/1.1.6/task-system_2.12-1.1.6.jar
7ff2d48bc000-7ff2d48c1000 r--s 0004c000 08:06 1940590                    /home/a1/.sbt/boot/scala-2.12.6/org.scala-sbt/sbt/1.1.6/collections_2.12-1.1.6.jar
7ff2d48c1000-7ff2d48c2000 r--s 0000e000 08:06 1940591                    /home/a1/.sbt/boot/scala-2.12.6/org.scala-sbt/sbt/1.1.6/zinc_2.12-1.1.7.jar
7ff2d48c2000-7ff2d48c6000 r--s 0004f000 08:06 1928860                    /home/a1/.sbt/boot/scala-2.12.6/org.scala-sbt/sbt/1.1.6/zinc-core_2.12-1.1.7.jar
7ff2d48c6000-7ff2d48c7000 r--s 00005000 08:06 1933066                    /home/a1/.sbt/boot/scala-2.12.6/org.scala-sbt/sbt/1.1.6/log4j-slf4j-impl-2.8.1.jar
7ff2d48c7000-7ff2d48c8000 r--s 00002000 08:06 1932078                    /home/a1/.sbt/boot/scala-2.12.6/org.scala-sbt/sbt/1.1.6/launcher-interface-1.0.4.jar
7ff2d48c8000-7ff2d48cc000 r--s 0003e000 08:06 1940426                    /home/a1/.sbt/boot/scala-2.12.6/org.scala-sbt/sbt/1.1.6/jline-2.14.6.jar
7ff2d48cc000-7ff2d48ce000 r--s 00011000 08:06 1934987                    /home/a1/.sbt/boot/scala-2.12.6/org.scala-sbt/sbt/1.1.6/jawn-parser_2.12-0.10.4.jar
7ff2d48ce000-7ff2d48d4000 r--s 000bb000 08:06 1940589                    /home/a1/.sbt/boot/scala-2.12.6/org.scala-sbt/sbt/1.1.6/sjson-new-core_2.12-0.8.2.jar
7ff2d48d4000-7ff2d48ee000 r--s 0021e000 08:06 1932148                    /home/a1/.sbt/boot/scala-2.12.6/org.scala-sbt/sbt/1.1.6/jna-platform-4.5.0.jar
7ff2d48ee000-7ff2d48f2000 r--s 00047000 08:06 1940587                    /home/a1/.sbt/boot/scala-2.12.6/org.scala-sbt/sbt/1.1.6/fastparse_2.12-0.4.2.jar
7ff2d48f2000-7ff2d48f7000 r--s 00062000 08:06 1940594                    /home/a1/.sbt/boot/scala-2.12.6/org.scala-sbt/sbt/1.1.6/protocol_2.12-1.1.6.jar
7ff2d48f7000-7ff2d48f9000 r--s 00004000 08:06 1940439                    /home/a1/.sbt/boot/scala-2.12.6/org.scala-sbt/sbt/1.1.6/ipcsocket-1.0.0.jar
7ff2d48f9000-7ff2d48fa000 r--s 00001000 08:06 1932155                    /home/a1/.sbt/boot/scala-2.12.6/org.scala-sbt/sbt/1.1.6/scalacache-caffeine_2.12-0.20.0.jar
7ff2d48fa000-7ff2d4907000 r--s 001ae000 08:06 1940440                    /home/a1/.sbt/boot/scala-2.12.6/org.scala-sbt/sbt/1.1.6/zinc-persist_2.12-1.1.7.jar
7ff2d4907000-7ff2d490d000 r--s 00080000 08:06 1930906                    /home/a1/.sbt/boot/scala-2.12.6/org.scala-sbt/sbt/1.1.6/scala-xml_2.12-1.0.6.jar
7ff2d490d000-7ff2d490e000 r--s 00000000 08:06 1939995                    /home/a1/.sbt/boot/scala-2.12.6/org.scala-sbt/sbt/1.1.6/reactive-streams-1.0.0.jar
7ff2d490e000-7ff2d490f000 r--s 00000000 08:06 1938335                    /home/a1/.sbt/boot/scala-2.12.6/org.scala-sbt/sbt/1.1.6/template-resolver-0.1.jar
7ff2d490f000-7ff2d4911000 r--s 00007000 08:06 1939988                    /home/a1/.sbt/boot/scala-2.12.6/org.scala-sbt/sbt/1.1.6/util-tracking_2.12-1.1.3.jar
7ff2d4911000-7ff2d4920000 r--s 0013d000 08:06 1928842                    /home/a1/.sbt/boot/scala-2.12.6/org.scala-sbt/sbt/1.1.6/protobuf-java-3.3.1.jar
7ff2d4920000-7ff2d4921000 r--s 0000c000 08:06 1940592                    /home/a1/.sbt/boot/scala-2.12.6/org.scala-sbt/sbt/1.1.6/zinc-classfile_2.12-1.1.7.jar
7ff2d4921000-7ff2d4925000 r--s 00038000 08:06 1931785                    /home/a1/.sbt/boot/scala-2.12.6/org.scala-sbt/sbt/1.1.6/ssl-config-core_2.12-0.2.2.jar
7ff2d4925000-7ff2d492c000 r--s 00095000 08:06 1938717                    /home/a1/.sbt/boot/scala-2.12.6/org.scala-sbt/sbt/1.1.6/main-settings_2.12-1.1.6.jar
7ff2d492c000-7ff2d4931000 r--s 00040000 08:06 1938367                    /home/a1/.sbt/boot/scala-2.12.6/org.scala-sbt/sbt/1.1.6/jsch-0.1.54.jar
7ff2d4931000-7ff2d493b000 r--s 000ac000 08:06 1932152                    /home/a1/.sbt/boot/scala-2.12.6/org.scala-sbt/sbt/1.1.6/librarymanagement-core_2.12-1.1.5.jar
7ff2d493b000-7ff2d493e000 r--s 00026000 08:06 1940445                    /home/a1/.sbt/boot/scala-2.12.6/org.scala-sbt/sbt/1.1.6/gigahorse-core_2.12-0.3.0.jar
7ff2d493e000-7ff2d4953000 r--s 00101000 08:06 1934120                    /home/a1/.sbt/boot/scala-2.12.6/org.scala-sbt/sbt/1.1.6/ivy-2.3.0-sbt-b18f59ea3bc914a297bb6f1a4f7fb0ace399e310.jar
7ff2d4953000-7ff2d4955000 r--s 00002000 08:06 1940444                    /home/a1/.sbt/boot/scala-2.12.6/org.scala-sbt/sbt/1.1.6/test-interface-1.0.jar
7ff2d4955000-7ff2d4971000 r--s 0013b000 08:06 1928831                    /home/a1/.sbt/boot/scala-2.12.6/org.scala-sbt/sbt/1.1.6/log4j-core-2.8.1.jar
7ff2d4971000-7ff2d4987000 r--s 000e0000 08:06 1934137                    /home/a1/.sbt/boot/scala-2.12.6/org.scala-sbt/sbt/1.1.6/caffeine-2.5.6.jar
7ff2d4987000-7ff2d49d5000 r--s 009a1000 08:06 1895455                    /home/a1/.sbt/boot/scala-2.12.6/lib/scala-compiler.jar
7ff2d49d5000-7ff2d49e6000 r-xp 00000000 08:06 430412                     /usr/lib/jvm/java-8-oracle/jre/lib/amd64/libnio.so
7ff2d49e6000-7ff2d4be5000 ---p 00011000 08:06 430412                     /usr/lib/jvm/java-8-oracle/jre/lib/amd64/libnio.so
7ff2d4be5000-7ff2d4be6000 rw-p 00010000 08:06 430412                     /usr/lib/jvm/java-8-oracle/jre/lib/amd64/libnio.so
7ff2d4be6000-7ff2d7be7000 rw-p 00000000 00:00 0 
7ff2d7be7000-7ff2d7bfd000 r-xp 00000000 08:06 403512                     /usr/lib/jvm/java-8-oracle/jre/lib/amd64/libnet.so
7ff2d7bfd000-7ff2d7dfd000 ---p 00016000 08:06 403512                     /usr/lib/jvm/java-8-oracle/jre/lib/amd64/libnet.so
7ff2d7dfd000-7ff2d7dfe000 rw-p 00016000 08:06 403512                     /usr/lib/jvm/java-8-oracle/jre/lib/amd64/libnet.so
7ff2d7dfe000-7ff2d7dff000 ---p 00000000 00:00 0 
7ff2d7dff000-7ff2d7eff000 rw-p 00000000 00:00 0 
7ff2d7eff000-7ff2d7f02000 ---p 00000000 00:00 0 
7ff2d7f02000-7ff2d8000000 rw-p 00000000 00:00 0 
7ff2d8000000-7ff2d8021000 rw-p 00000000 00:00 0 
7ff2d8021000-7ff2dc000000 ---p 00000000 00:00 0 
7ff2dc000000-7ff2dc021000 rw-p 00000000 00:00 0 
7ff2dc021000-7ff2e0000000 ---p 00000000 00:00 0 
7ff2e0000000-7ff2e0021000 rw-p 00000000 00:00 0 
7ff2e0021000-7ff2e4000000 ---p 00000000 00:00 0 
7ff2e4000000-7ff2e4001000 r--s 00003000 08:06 1940507                    /home/a1/.sbt/boot/scala-2.12.6/org.scala-sbt/sbt/1.1.6/util-position_2.12-1.1.3.jar
7ff2e4001000-7ff2e4004000 r--s 00012000 08:06 1934988                    /home/a1/.sbt/boot/scala-2.12.6/org.scala-sbt/sbt/1.1.6/disruptor-3.3.6.jar
7ff2e4004000-7ff2e4006000 r--s 00011000 08:06 1932142                    /home/a1/.sbt/boot/scala-2.12.6/org.scala-sbt/sbt/1.1.6/zinc-classpath_2.12-1.1.7.jar
7ff2e4006000-7ff2e4008000 r--s 00019000 08:06 1932150                    /home/a1/.sbt/boot/scala-2.12.6/org.scala-sbt/sbt/1.1.6/sourcecode_2.12-0.1.3.jar
7ff2e4008000-7ff2e400b000 r--s 0001c000 08:06 1940048                    /home/a1/.sbt/boot/scala-2.12.6/org.scala-sbt/sbt/1.1.6/scalacache-core_2.12-0.20.0.jar
7ff2e400b000-7ff2e400d000 r--s 0000f000 08:06 1940553                    /home/a1/.sbt/boot/scala-2.12.6/org.scala-sbt/sbt/1.1.6/shaded-scalajson_2.12-1.0.0-M4.jar
7ff2e400d000-7ff2e401a000 r--s 001a6000 08:06 1940437                    /home/a1/.sbt/boot/scala-2.12.6/org.scala-sbt/sbt/1.1.6/scalapb-runtime_2.12-0.6.0.jar
7ff2e401a000-7ff2e403d000 r--s 0034e000 08:06 1938714                    /home/a1/.sbt/boot/scala-2.12.6/org.scala-sbt/sbt/1.1.6/scala-reflect-2.12.6.jar
7ff2e403d000-7ff2e4043000 r--s 0005b000 08:06 1939985                    /home/a1/.sbt/boot/scala-2.12.6/org.scala-sbt/sbt/1.1.6/okhttp-3.7.0.jar
7ff2e4043000-7ff2e407a000 r--s 004cf000 08:06 1895295                    /home/a1/.sbt/boot/scala-2.12.6/lib/scala-library.jar
7ff2e407a000-7ff2e407d000 ---p 00000000 00:00 0 
7ff2e407d000-7ff2e417b000 rw-p 00000000 00:00 0 
7ff2e417b000-7ff2e417e000 ---p 00000000 00:00 0 
7ff2e417e000-7ff2e427c000 rw-p 00000000 00:00 0 
7ff2e427c000-7ff2e427f000 ---p 00000000 00:00 0 
7ff2e427f000-7ff2e437d000 rw-p 00000000 00:00 0 
7ff2e437d000-7ff2e4380000 ---p 00000000 00:00 0 
7ff2e4380000-7ff2e447e000 rw-p 00000000 00:00 0 
7ff2e447e000-7ff2e4481000 ---p 00000000 00:00 0 
7ff2e4481000-7ff2e457f000 rw-p 00000000 00:00 0 
7ff2e457f000-7ff2e4582000 ---p 00000000 00:00 0 
7ff2e4582000-7ff2e4680000 rw-p 00000000 00:00 0 
7ff2e4680000-7ff2e4684000 r-xp 00000000 08:06 403477                     /usr/lib/jvm/java-8-oracle/jre/lib/amd64/libdt_socket.so
7ff2e4684000-7ff2e4883000 ---p 00004000 08:06 403477                     /usr/lib/jvm/java-8-oracle/jre/lib/amd64/libdt_socket.so
7ff2e4883000-7ff2e4884000 rw-p 00003000 08:06 403477                     /usr/lib/jvm/java-8-oracle/jre/lib/amd64/libdt_socket.so
7ff2e4884000-7ff2e4887000 ---p 00000000 00:00 0 
7ff2e4887000-7ff2e4985000 rw-p 00000000 00:00 0 
7ff2e4985000-7ff2e4988000 ---p 00000000 00:00 0 
7ff2e4988000-7ff2e4a86000 rw-p 00000000 00:00 0 
7ff2e4a86000-7ff2e4a89000 ---p 00000000 00:00 0 
7ff2e4a89000-7ff2e4b87000 rw-p 00000000 00:00 0 
7ff2e4b87000-7ff2e4b88000 ---p 00000000 00:00 0 
7ff2e4b88000-7ff2e5b97000 rw-p 00000000 00:00 0 
7ff2e5b97000-7ff2e5d71000 r--s 03d68000 08:06 403341                     /usr/lib/jvm/java-8-oracle/jre/lib/rt.jar
7ff2e5d71000-7ff2e5de7000 rw-p 00000000 00:00 0 
7ff2e5de7000-7ff2e87e7000 rw-p 00000000 00:00 0 
7ff2e87e7000-7ff2e87e8000 ---p 00000000 00:00 0 
7ff2e87e8000-7ff2e88e8000 rw-p 00000000 00:00 0 
7ff2e88e8000-7ff2e88e9000 ---p 00000000 00:00 0 
7ff2e88e9000-7ff2e89e9000 rw-p 00000000 00:00 0 
7ff2e89e9000-7ff2e89ea000 ---p 00000000 00:00 0 
7ff2e89ea000-7ff2e8aea000 rw-p 00000000 00:00 0 
7ff2e8aea000-7ff2e8bba000 rw-p 00000000 00:00 0 
7ff2e8bba000-7ff2e8c40000 ---p 00000000 00:00 0 
7ff2e8c40000-7ff2e8c72000 rw-p 00000000 00:00 0 
7ff2e8c72000-7ff2e9000000 ---p 00000000 00:00 0 
7ff2e9000000-7ff2e9c60000 rwxp 00000000 00:00 0 
7ff2e9c60000-7ff2f8000000 ---p 00000000 00:00 0 
7ff2f8000000-7ff2fb729000 rw-p 00000000 00:00 0 
7ff2fb729000-7ff2fc000000 ---p 00000000 00:00 0 
7ff2fc000000-7ff2fc001000 r--s 00005000 08:06 1935796                    /home/a1/.sbt/boot/scala-2.12.6/org.scala-sbt/sbt/1.1.6/apple-file-events-1.3.2.jar
7ff2fc001000-7ff2fc003000 r--s 00012000 08:06 1940593                    /home/a1/.sbt/boot/scala-2.12.6/org.scala-sbt/sbt/1.1.6/okio-1.12.0.jar
7ff2fc003000-7ff2fc006000 r--s 0002d000 08:06 1940443                    /home/a1/.sbt/boot/scala-2.12.6/org.scala-sbt/sbt/1.1.6/testing_2.12-1.1.6.jar
7ff2fc006000-7ff2fc008000 r--s 00002000 08:06 1928830                    /home/a1/.sbt/boot/scala-2.12.6/org.scala-sbt/sbt/1.1.6/util-control_2.12-1.1.3.jar
7ff2fc008000-7ff2fc00d000 r--s 00033000 08:06 1931871                    /home/a1/.sbt/boot/scala-2.12.6/org.scala-sbt/sbt/1.1.6/log4j-api-2.8.1.jar
7ff2fc00d000-7ff2fc030000 r--s 0034e000 08:06 1895456                    /home/a1/.sbt/boot/scala-2.12.6/lib/scala-reflect.jar
7ff2fc030000-7ff2fc031000 ---p 00000000 00:00 0 
7ff2fc031000-7ff2fc131000 rw-p 00000000 00:00 0 
7ff2fc131000-7ff2fc201000 rw-p 00000000 00:00 0 
7ff2fc201000-7ff2fc286000 ---p 00000000 00:00 0 
7ff2fc286000-7ff2fc2f6000 rw-p 00000000 00:00 0 
7ff2fc2f6000-7ff2fc331000 ---p 00000000 00:00 0 
7ff2fc331000-7ff2fc332000 rw-p 00000000 00:00 0 
7ff2fc332000-7ff2fc34d000 r-xp 00000000 08:06 403508                     /usr/lib/jvm/java-8-oracle/jre/lib/amd64/libzip.so
7ff2fc34d000-7ff2fc54d000 ---p 0001b000 08:06 403508                     /usr/lib/jvm/java-8-oracle/jre/lib/amd64/libzip.so
7ff2fc54d000-7ff2fc54e000 rw-p 0001b000 08:06 403508                     /usr/lib/jvm/java-8-oracle/jre/lib/amd64/libzip.so
7ff2fc54e000-7ff2fc558000 r-xp 00000000 08:06 1576648                    /lib/x86_64-linux-gnu/libnss_files-2.24.so
7ff2fc558000-7ff2fc758000 ---p 0000a000 08:06 1576648                    /lib/x86_64-linux-gnu/libnss_files-2.24.so
7ff2fc758000-7ff2fc759000 r--p 0000a000 08:06 1576648                    /lib/x86_64-linux-gnu/libnss_files-2.24.so
7ff2fc759000-7ff2fc75a000 rw-p 0000b000 08:06 1576648                    /lib/x86_64-linux-gnu/libnss_files-2.24.so
7ff2fc75a000-7ff2fc760000 rw-p 00000000 00:00 0 
7ff2fc760000-7ff2fc76b000 r-xp 00000000 08:06 1576650                    /lib/x86_64-linux-gnu/libnss_nis-2.24.so
7ff2fc76b000-7ff2fc96a000 ---p 0000b000 08:06 1576650                    /lib/x86_64-linux-gnu/libnss_nis-2.24.so
7ff2fc96a000-7ff2fc96b000 r--p 0000a000 08:06 1576650                    /lib/x86_64-linux-gnu/libnss_nis-2.24.so
7ff2fc96b000-7ff2fc96c000 rw-p 0000b000 08:06 1576650                    /lib/x86_64-linux-gnu/libnss_nis-2.24.so
7ff2fc96c000-7ff2fc980000 r-xp 00000000 08:06 1576645                    /lib/x86_64-linux-gnu/libnsl-2.24.so
7ff2fc980000-7ff2fcb80000 ---p 00014000 08:06 1576645                    /lib/x86_64-linux-gnu/libnsl-2.24.so
7ff2fcb80000-7ff2fcb81000 r--p 00014000 08:06 1576645                    /lib/x86_64-linux-gnu/libnsl-2.24.so
7ff2fcb81000-7ff2fcb82000 rw-p 00015000 08:06 1576645                    /lib/x86_64-linux-gnu/libnsl-2.24.so
7ff2fcb82000-7ff2fcb84000 rw-p 00000000 00:00 0 
7ff2fcb84000-7ff2fcb8b000 r-xp 00000000 08:06 1576646                    /lib/x86_64-linux-gnu/libnss_compat-2.24.so
7ff2fcb8b000-7ff2fcd8a000 ---p 00007000 08:06 1576646                    /lib/x86_64-linux-gnu/libnss_compat-2.24.so
7ff2fcd8a000-7ff2fcd8b000 r--p 00006000 08:06 1576646                    /lib/x86_64-linux-gnu/libnss_compat-2.24.so
7ff2fcd8b000-7ff2fcd8c000 rw-p 00007000 08:06 1576646                    /lib/x86_64-linux-gnu/libnss_compat-2.24.so
7ff2fcd8c000-7ff2fcd96000 r-xp 00000000 08:06 430414                     /usr/lib/jvm/java-8-oracle/jre/lib/amd64/libinstrument.so
7ff2fcd96000-7ff2fcf95000 ---p 0000a000 08:06 430414                     /usr/lib/jvm/java-8-oracle/jre/lib/amd64/libinstrument.so
7ff2fcf95000-7ff2fcf96000 rw-p 00009000 08:06 430414                     /usr/lib/jvm/java-8-oracle/jre/lib/amd64/libinstrument.so
7ff2fcf96000-7ff2fd131000 r--p 00000000 08:06 2924692                    /usr/lib/locale/locale-archive
7ff2fd131000-7ff2fd133000 r-xp 00000000 08:06 403479                     /usr/lib/jvm/java-8-oracle/jre/lib/amd64/libnpt.so
7ff2fd133000-7ff2fd333000 ---p 00002000 08:06 403479                     /usr/lib/jvm/java-8-oracle/jre/lib/amd64/libnpt.so
7ff2fd333000-7ff2fd334000 rw-p 00002000 08:06 403479                     /usr/lib/jvm/java-8-oracle/jre/lib/amd64/libnpt.so
7ff2fd334000-7ff2fd36e000 r-xp 00000000 08:06 403495                     /usr/lib/jvm/java-8-oracle/jre/lib/amd64/libjdwp.so
7ff2fd36e000-7ff2fd56d000 ---p 0003a000 08:06 403495                     /usr/lib/jvm/java-8-oracle/jre/lib/amd64/libjdwp.so
7ff2fd56d000-7ff2fd56e000 rw-p 00039000 08:06 403495                     /usr/lib/jvm/java-8-oracle/jre/lib/amd64/libjdwp.so
7ff2fd56e000-7ff2fd56f000 rw-p 00000000 00:00 0 
7ff2fd56f000-7ff2fd59a000 r-xp 00000000 08:06 403502                     /usr/lib/jvm/java-8-oracle/jre/lib/amd64/libjava.so
7ff2fd59a000-7ff2fd799000 ---p 0002b000 08:06 403502                     /usr/lib/jvm/java-8-oracle/jre/lib/amd64/libjava.so
7ff2fd799000-7ff2fd79b000 rw-p 0002a000 08:06 403502                     /usr/lib/jvm/java-8-oracle/jre/lib/amd64/libjava.so
7ff2fd79b000-7ff2fd7a8000 r-xp 00000000 08:06 403507                     /usr/lib/jvm/java-8-oracle/jre/lib/amd64/libverify.so
7ff2fd7a8000-7ff2fd9a8000 ---p 0000d000 08:06 403507                     /usr/lib/jvm/java-8-oracle/jre/lib/amd64/libverify.so
7ff2fd9a8000-7ff2fd9aa000 rw-p 0000d000 08:06 403507                     /usr/lib/jvm/java-8-oracle/jre/lib/amd64/libverify.so
7ff2fd9aa000-7ff2fd9b1000 r-xp 00000000 08:06 1576655                    /lib/x86_64-linux-gnu/librt-2.24.so
7ff2fd9b1000-7ff2fdbb0000 ---p 00007000 08:06 1576655                    /lib/x86_64-linux-gnu/librt-2.24.so
7ff2fdbb0000-7ff2fdbb1000 r--p 00006000 08:06 1576655                    /lib/x86_64-linux-gnu/librt-2.24.so
7ff2fdbb1000-7ff2fdbb2000 rw-p 00007000 08:06 1576655                    /lib/x86_64-linux-gnu/librt-2.24.so
7ff2fdbb2000-7ff2fdcb5000 r-xp 00000000 08:06 1576642                    /lib/x86_64-linux-gnu/libm-2.24.so
7ff2fdcb5000-7ff2fdeb4000 ---p 00103000 08:06 1576642                    /lib/x86_64-linux-gnu/libm-2.24.so
7ff2fdeb4000-7ff2fdeb5000 r--p 00102000 08:06 1576642                    /lib/x86_64-linux-gnu/libm-2.24.so
7ff2fdeb5000-7ff2fdeb6000 rw-p 00103000 08:06 1576642                    /lib/x86_64-linux-gnu/libm-2.24.so
7ff2fdeb6000-7ff2feb8f000 r-xp 00000000 08:06 403484                     /usr/lib/jvm/java-8-oracle/jre/lib/amd64/server/libjvm.so
7ff2feb8f000-7ff2fed8e000 ---p 00cd9000 08:06 403484                     /usr/lib/jvm/java-8-oracle/jre/lib/amd64/server/libjvm.so
7ff2fed8e000-7ff2fee68000 rw-p 00cd8000 08:06 403484                     /usr/lib/jvm/java-8-oracle/jre/lib/amd64/server/libjvm.so
7ff2fee68000-7ff2feeb3000 rw-p 00000000 00:00 0 
7ff2feeb3000-7ff2ff048000 r-xp 00000000 08:06 1576040                    /lib/x86_64-linux-gnu/libc-2.24.so
7ff2ff048000-7ff2ff248000 ---p 00195000 08:06 1576040                    /lib/x86_64-linux-gnu/libc-2.24.so
7ff2ff248000-7ff2ff24c000 r--p 00195000 08:06 1576040                    /lib/x86_64-linux-gnu/libc-2.24.so
7ff2ff24c000-7ff2ff24e000 rw-p 00199000 08:06 1576040                    /lib/x86_64-linux-gnu/libc-2.24.so
7ff2ff24e000-7ff2ff252000 rw-p 00000000 00:00 0 
7ff2ff252000-7ff2ff255000 r-xp 00000000 08:06 1576641                    /lib/x86_64-linux-gnu/libdl-2.24.so
7ff2ff255000-7ff2ff454000 ---p 00003000 08:06 1576641                    /lib/x86_64-linux-gnu/libdl-2.24.so
7ff2ff454000-7ff2ff455000 r--p 00002000 08:06 1576641                    /lib/x86_64-linux-gnu/libdl-2.24.so
7ff2ff455000-7ff2ff456000 rw-p 00003000 08:06 1576641                    /lib/x86_64-linux-gnu/libdl-2.24.so
7ff2ff456000-7ff2ff46c000 r-xp 00000000 08:06 403211                     /usr/lib/jvm/java-8-oracle/lib/amd64/jli/libjli.so
7ff2ff46c000-7ff2ff66b000 ---p 00016000 08:06 403211                     /usr/lib/jvm/java-8-oracle/lib/amd64/jli/libjli.so
7ff2ff66b000-7ff2ff66c000 rw-p 00015000 08:06 403211                     /usr/lib/jvm/java-8-oracle/lib/amd64/jli/libjli.so
7ff2ff66c000-7ff2ff684000 r-xp 00000000 08:06 1576653                    /lib/x86_64-linux-gnu/libpthread-2.24.so
7ff2ff684000-7ff2ff883000 ---p 00018000 08:06 1576653                    /lib/x86_64-linux-gnu/libpthread-2.24.so
7ff2ff883000-7ff2ff884000 r--p 00017000 08:06 1576653                    /lib/x86_64-linux-gnu/libpthread-2.24.so
7ff2ff884000-7ff2ff885000 rw-p 00018000 08:06 1576653                    /lib/x86_64-linux-gnu/libpthread-2.24.so
7ff2ff885000-7ff2ff889000 rw-p 00000000 00:00 0 
7ff2ff889000-7ff2ff8ac000 r-xp 00000000 08:06 1576018                    /lib/x86_64-linux-gnu/ld-2.24.so
7ff2ff8ac000-7ff2ff8ad000 r--s 00005000 08:06 1940588                    /home/a1/.sbt/boot/scala-2.12.6/org.scala-sbt/sbt/1.1.6/test-agent-1.1.6.jar
7ff2ff8ad000-7ff2ff8b3000 r--s 00080000 08:06 1895296                    /home/a1/.sbt/boot/scala-2.12.6/lib/scala-xml_2.12.jar
7ff2ff8b3000-7ff2ff8cf000 r--s 0010e000 08:06 1731504                    /home/a1/.IdeaIC2018.1/config/plugins/Scala/launcher/sbt-launch.jar
7ff2ff8cf000-7ff2ff979000 rw-p 00000000 00:00 0 
7ff2ff979000-7ff2ff98d000 rw-p 00000000 00:00 0 
7ff2ff98d000-7ff2ff990000 ---p 00000000 00:00 0 
7ff2ff990000-7ff2ffa90000 rw-p 00000000 00:00 0 
7ff2ffa90000-7ff2ffa91000 r--s 00001000 08:06 1938045                    /home/a1/.sbt/boot/scala-2.12.6/org.scala-sbt/sbt/1.1.6/sjson-new-murmurhash_2.12-0.8.2.jar
7ff2ffa91000-7ff2ffa95000 r--s 0003e000 08:06 1895457                    /home/a1/.sbt/boot/scala-2.12.6/lib/jline.jar
7ff2ffa95000-7ff2ffa9c000 r--s 00064000 08:06 2258375                    /opt/idea-IC-181.5087.20/lib/rt/debugger-agent.jar
7ff2ffa9c000-7ff2ffa9e000 r--s 0001a000 08:06 2258305                    /opt/idea-IC-181.5087.20/lib/idea_rt.jar
7ff2ffa9e000-7ff2ffa9f000 r--s 00002000 08:06 2258374                    /opt/idea-IC-181.5087.20/lib/rt/debugger-agent-storage.jar
7ff2ffa9f000-7ff2ffaa7000 rw-s 00000000 08:06 2269172                    /tmp/hsperfdata_a1/11663
7ff2ffaa7000-7ff2ffaa8000 rw-p 00000000 00:00 0 
7ff2ffaa8000-7ff2ffaa9000 ---p 00000000 00:00 0 
7ff2ffaa9000-7ff2ffaac000 rw-p 00000000 00:00 0 
7ff2ffaac000-7ff2ffaad000 r--p 00023000 08:06 1576018                    /lib/x86_64-linux-gnu/ld-2.24.so
7ff2ffaad000-7ff2ffaae000 rw-p 00024000 08:06 1576018                    /lib/x86_64-linux-gnu/ld-2.24.so
7ff2ffaae000-7ff2ffaaf000 rw-p 00000000 00:00 0 
7fffefb21000-7fffefb42000 rw-p 00000000 00:00 0                          [stack]
7fffefb48000-7fffefb4a000 r--p 00000000 00:00 0                          [vvar]
7fffefb4a000-7fffefb4c000 r-xp 00000000 00:00 0                          [vdso]
ffffffffff600000-ffffffffff601000 r-xp 00000000 00:00 0                  [vsyscall]

VM Arguments:
jvm_args: -agentlib:jdwp=transport=dt_socket,address=127.0.0.1:42113,suspend=y,server=n -Xms512M -Xmx1024M -Xss1M -XX:+CMSClassUnloadingEnabled -javaagent:/opt/idea-IC-181.5087.20/lib/rt/debugger-agent.jar=file:/tmp/capture1.props -Dfile.encoding=UTF-8 
java_command: xsbt.boot.Boot runMain Hello
java_class_path (initial): /home/a1/.IdeaIC2018.1/config/plugins/Scala/launcher/sbt-launch.jar:/opt/idea-IC-181.5087.20/lib/idea_rt.jar:/opt/idea-IC-181.5087.20/lib/rt/debugger-agent.jar
Launcher Type: SUN_STANDARD

Environment Variables:
PATH=/usr/local/bin:/usr/bin:/bin:/usr/local/games:/usr/games
SHELL=/bin/bash
DISPLAY=:0.0

Signal Handlers:
SIGSEGV: [libjvm.so+0xad0890], sa_mask[0]=11111111011111111101111111111110, sa_flags=SA_RESTART|SA_SIGINFO
SIGBUS: [libjvm.so+0xad0890], sa_mask[0]=11111111011111111101111111111110, sa_flags=SA_RESTART|SA_SIGINFO
SIGFPE: [libjvm.so+0x928640], sa_mask[0]=11111111011111111101111111111110, sa_flags=SA_RESTART|SA_SIGINFO
SIGPIPE: [libjvm.so+0x928640], sa_mask[0]=11111111011111111101111111111110, sa_flags=SA_RESTART|SA_SIGINFO
SIGXFSZ: [libjvm.so+0x928640], sa_mask[0]=11111111011111111101111111111110, sa_flags=SA_RESTART|SA_SIGINFO
SIGILL: [libjvm.so+0x928640], sa_mask[0]=11111111011111111101111111111110, sa_flags=SA_RESTART|SA_SIGINFO
SIGUSR1: SIG_DFL, sa_mask[0]=00000000000000000000000000000000, sa_flags=none
SIGUSR2: [libjvm.so+0x929ea0], sa_mask[0]=00100000000000000000000000000000, sa_flags=SA_RESTART|SA_SIGINFO
SIGHUP: [libjvm.so+0x92b2a0], sa_mask[0]=11111111011111111101111111111110, sa_flags=SA_RESTART|SA_SIGINFO
SIGINT: [libjvm.so+0x92b2a0], sa_mask[0]=11111111011111111101111111111110, sa_flags=SA_RESTART|SA_SIGINFO
SIGTERM: [libjvm.so+0x92b2a0], sa_mask[0]=11111111011111111101111111111110, sa_flags=SA_RESTART|SA_SIGINFO
SIGQUIT: [libjvm.so+0x92b2a0], sa_mask[0]=11111111011111111101111111111110, sa_flags=SA_RESTART|SA_SIGINFO


---------------  S Y S T E M  ---------------

OS:PRETTY_NAME="Debian GNU/Linux 9 (stretch)"
NAME="Debian GNU/Linux"
VERSION_ID="9"
VERSION="9 (stretch)"
ID=debian
HOME_URL="https://www.debian.org/"
SUPPORT_URL="https://www.debian.org/support"
BUG_REPORT_URL="https://bugs.debian.org/"

uname:Linux 4.9.0-4-amd64 #1 SMP Debian 4.9.65-3+deb9u1 (2017-12-23) x86_64
libc:glibc 2.24 NPTL 2.24 
rlimit: STACK 8192k, CORE 0k, NPROC 14985, NOFILE 1048576, AS infinity
load average:2,97 2,45 2,44

/proc/meminfo:
MemTotal:        3933408 kB
MemFree:          129552 kB
MemAvailable:      61488 kB
Buffers:            1900 kB
Cached:           139916 kB
SwapCached:        19196 kB
Active:          2855808 kB
Inactive:         646380 kB
Active(anon):    2812716 kB
Inactive(anon):   616196 kB
Active(file):      43092 kB
Inactive(file):    30184 kB
Unevictable:         112 kB
Mlocked:             112 kB
SwapTotal:       4400124 kB
SwapFree:           5188 kB
Dirty:               512 kB
Writeback:          1068 kB
AnonPages:       3342956 kB
Mapped:            73300 kB
Shmem:             68308 kB
Slab:             106300 kB
SReclaimable:      27248 kB
SUnreclaim:        79052 kB
KernelStack:       16464 kB
PageTables:        79736 kB
NFS_Unstable:          0 kB
Bounce:                0 kB
WritebackTmp:          0 kB
CommitLimit:     6366828 kB
Committed_AS:   15699372 kB
VmallocTotal:   34359738367 kB
VmallocUsed:           0 kB
VmallocChunk:          0 kB
HardwareCorrupted:     0 kB
AnonHugePages:         0 kB
ShmemHugePages:        0 kB
ShmemPmdMapped:        0 kB
HugePages_Total:       0
HugePages_Free:        0
HugePages_Rsvd:        0
HugePages_Surp:        0
Hugepagesize:       2048 kB
DirectMap4k:      761568 kB
DirectMap2M:     3315712 kB
DirectMap1G:           0 kB


CPU:total 4 (initial active 4) (2 cores per cpu, 2 threads per core) family 6 model 142 stepping 9, cmov, cx8, fxsr, mmx, sse, sse2, sse3, ssse3, sse4.1, sse4.2, popcnt, avx, avx2, aes, clmul, erms, 3dnowpref, lzcnt, ht, tsc, tscinvbit, bmi1, bmi2, adx

/proc/cpuinfo:
processor	: 0
vendor_id	: GenuineIntel
cpu family	: 6
model		: 142
model name	: Intel(R) Core(TM) i5-7200U CPU @ 2.50GHz
stepping	: 9
microcode	: 0x4e
cpu MHz		: 3099.957
cache size	: 3072 KB
physical id	: 0
siblings	: 4
core id		: 0
cpu cores	: 2
apicid		: 0
initial apicid	: 0
fpu		: yes
fpu_exception	: yes
cpuid level	: 22
wp		: yes
flags		: fpu vme de pse tsc msr pae mce cx8 apic sep mtrr pge mca cmov pat pse36 clflush dts acpi mmx fxsr sse sse2 ss ht tm pbe syscall nx pdpe1gb rdtscp lm constant_tsc art arch_perfmon pebs bts rep_good nopl xtopology nonstop_tsc aperfmperf eagerfpu pni pclmulqdq dtes64 monitor ds_cpl vmx est tm2 ssse3 sdbg fma cx16 xtpr pdcm pcid sse4_1 sse4_2 x2apic movbe popcnt tsc_deadline_timer aes xsave avx f16c rdrand lahf_lm abm 3dnowprefetch epb intel_pt tpr_shadow vnmi flexpriority ept vpid fsgsbase tsc_adjust bmi1 avx2 smep bmi2 erms invpcid mpx rdseed adx smap clflushopt xsaveopt xsavec xgetbv1 xsaves dtherm ida arat pln pts hwp hwp_notify hwp_act_window hwp_epp
bugs		:
bogomips	: 5424.00
clflush size	: 64
cache_alignment	: 64
address sizes	: 39 bits physical, 48 bits virtual
power management:

processor	: 1
vendor_id	: GenuineIntel
cpu family	: 6
model		: 142
model name	: Intel(R) Core(TM) i5-7200U CPU @ 2.50GHz
stepping	: 9
microcode	: 0x4e
cpu MHz		: 3099.957
cache size	: 3072 KB
physical id	: 0
siblings	: 4
core id		: 1
cpu cores	: 2
apicid		: 2
initial apicid	: 2
fpu		: yes
fpu_exception	: yes
cpuid level	: 22
wp		: yes
flags		: fpu vme de pse tsc msr pae mce cx8 apic sep mtrr pge mca cmov pat pse36 clflush dts acpi mmx fxsr sse sse2 ss ht tm pbe syscall nx pdpe1gb rdtscp lm constant_tsc art arch_perfmon pebs bts rep_good nopl xtopology nonstop_tsc aperfmperf eagerfpu pni pclmulqdq dtes64 monitor ds_cpl vmx est tm2 ssse3 sdbg fma cx16 xtpr pdcm pcid sse4_1 sse4_2 x2apic movbe popcnt tsc_deadline_timer aes xsave avx f16c rdrand lahf_lm abm 3dnowprefetch epb intel_pt tpr_shadow vnmi flexpriority ept vpid fsgsbase tsc_adjust bmi1 avx2 smep bmi2 erms invpcid mpx rdseed adx smap clflushopt xsaveopt xsavec xgetbv1 xsaves dtherm ida arat pln pts hwp hwp_notify hwp_act_window hwp_epp
bugs		:
bogomips	: 5424.00
clflush size	: 64
cache_alignment	: 64
address sizes	: 39 bits physical, 48 bits virtual
power management:

processor	: 2
vendor_id	: GenuineIntel
cpu family	: 6
model		: 142
model name	: Intel(R) Core(TM) i5-7200U CPU @ 2.50GHz
stepping	: 9
microcode	: 0x4e
cpu MHz		: 3099.957
cache size	: 3072 KB
physical id	: 0
siblings	: 4
core id		: 0
cpu cores	: 2
apicid		: 1
initial apicid	: 1
fpu		: yes
fpu_exception	: yes
cpuid level	: 22
wp		: yes
flags		: fpu vme de pse tsc msr pae mce cx8 apic sep mtrr pge mca cmov pat pse36 clflush dts acpi mmx fxsr sse sse2 ss ht tm pbe syscall nx pdpe1gb rdtscp lm constant_tsc art arch_perfmon pebs bts rep_good nopl xtopology nonstop_tsc aperfmperf eagerfpu pni pclmulqdq dtes64 monitor ds_cpl vmx est tm2 ssse3 sdbg fma cx16 xtpr pdcm pcid sse4_1 sse4_2 x2apic movbe popcnt tsc_deadline_timer aes xsave avx f16c rdrand lahf_lm abm 3dnowprefetch epb intel_pt tpr_shadow vnmi flexpriority ept vpid fsgsbase tsc_adjust bmi1 avx2 smep bmi2 erms invpcid mpx rdseed adx smap clflushopt xsaveopt xsavec xgetbv1 xsaves dtherm ida arat pln pts hwp hwp_notify hwp_act_window hwp_epp
bugs		:
bogomips	: 5424.00
clflush size	: 64
cache_alignment	: 64
address sizes	: 39 bits physical, 48 bits virtual
power management:

processor	: 3
vendor_id	: GenuineIntel
cpu family	: 6
model		: 142
model name	: Intel(R) Core(TM) i5-7200U CPU @ 2.50GHz
stepping	: 9
microcode	: 0x4e
cpu MHz		: 3099.957
cache size	: 3072 KB
physical id	: 0
siblings	: 4
core id		: 1
cpu cores	: 2
apicid		: 3
initial apicid	: 3
fpu		: yes
fpu_exception	: yes
cpuid level	: 22
wp		: yes
flags		: fpu vme de pse tsc msr pae mce cx8 apic sep mtrr pge mca cmov pat pse36 clflush dts acpi mmx fxsr sse sse2 ss ht tm pbe syscall nx pdpe1gb rdtscp lm constant_tsc art arch_perfmon pebs bts rep_good nopl xtopology nonstop_tsc aperfmperf eagerfpu pni pclmulqdq dtes64 monitor ds_cpl vmx est tm2 ssse3 sdbg fma cx16 xtpr pdcm pcid sse4_1 sse4_2 x2apic movbe popcnt tsc_deadline_timer aes xsave avx f16c rdrand lahf_lm abm 3dnowprefetch epb intel_pt tpr_shadow vnmi flexpriority ept vpid fsgsbase tsc_adjust bmi1 avx2 smep bmi2 erms invpcid mpx rdseed adx smap clflushopt xsaveopt xsavec xgetbv1 xsaves dtherm ida arat pln pts hwp hwp_notify hwp_act_window hwp_epp
bugs		:
bogomips	: 5424.00
clflush size	: 64
cache_alignment	: 64
address sizes	: 39 bits physical, 48 bits virtual
power management:



Memory: 4k page, physical 3933408k(129552k free), swap 4400124k(5192k free)

vm_info: Java HotSpot(TM) 64-Bit Server VM (25.171-b11) for linux-amd64 JRE (1.8.0_171-b11), built on Mar 28 2018 17:07:08 by "java_re" with gcc 4.3.0 20080428 (Red Hat 4.3.0-8)

time: Thu Jul  5 00:30:33 2018
elapsed time: 18 seconds (0d 0h 0m 18s)

