#
# There is insufficient memory for the Java Runtime Environment to continue.
# Native memory allocation (mmap) failed to map 358088704 bytes for committing reserved memory.
# Possible reasons:
#   The system is out of physical RAM or swap space
#   In 32 bit mode, the process size limit was hit
# Possible solutions:
#   Reduce memory load on the system
#   Increase physical memory or swap space
#   Check if swap backing store is full
#   Use 64 bit Java on a 64 bit OS
#   Decrease Java heap size (-Xmx/-Xms)
#   Decrease number of Java threads
#   Decrease Java thread stack sizes (-Xss)
#   Set larger code cache with -XX:ReservedCodeCacheSize=
# This output file may be truncated or incomplete.
#
#  Out of Memory Error (os_linux.cpp:2640), pid=17537, tid=0x00007f4f49399700
#
# JRE version:  (8.0_171-b11) (build )
# Java VM: Java HotSpot(TM) 64-Bit Server VM (25.171-b11 mixed mode linux-amd64 compressed oops)
# Failed to write core dump. Core dumps have been disabled. To enable core dumping, try "ulimit -c unlimited" before starting Java again
#

---------------  T H R E A D  ---------------

Current thread (0x00007f4f4000b800):  JavaThread "Unknown thread" [_thread_in_vm, id=17540, stack(0x00007f4f49299000,0x00007f4f4939a000)]

Stack: [0x00007f4f49299000,0x00007f4f4939a000],  sp=0x00007f4f493983c0,  free space=1020k
Native frames: (J=compiled Java code, j=interpreted, Vv=VM code, C=native code)
V  [libjvm.so+0xacfffa]  VMError::report_and_die()+0x2ba
V  [libjvm.so+0x5005cb]  report_vm_out_of_memory(char const*, int, unsigned long, VMErrorType, char const*)+0x8b
V  [libjvm.so+0x92dd93]  os::Linux::commit_memory_impl(char*, unsigned long, bool)+0x123
V  [libjvm.so+0x92dfb9]  os::pd_commit_memory(char*, unsigned long, unsigned long, bool)+0x29
V  [libjvm.so+0x92527a]  os::commit_memory(char*, unsigned long, unsigned long, bool)+0x2a
V  [libjvm.so+0x99b223]  PSVirtualSpace::expand_by(unsigned long)+0x53
V  [libjvm.so+0x98b337]  PSOldGen::initialize(ReservedSpace, unsigned long, char const*, int)+0xb7
V  [libjvm.so+0x2db31a]  AdjoiningGenerations::AdjoiningGenerations(ReservedSpace, GenerationSizer*, unsigned long)+0x39a
V  [libjvm.so+0x94f366]  ParallelScavengeHeap::initialize()+0x1d6
V  [libjvm.so+0xa98033]  Universe::initialize_heap()+0xf3
V  [libjvm.so+0xa9859e]  universe_init()+0x3e
V  [libjvm.so+0x642105]  init_globals()+0x65
V  [libjvm.so+0xa7cd4e]  Threads::create_vm(JavaVMInitArgs*, bool*)+0x23e
V  [libjvm.so+0x6d6e44]  JNI_CreateJavaVM+0x74
C  [libjli.so+0x797e]  JavaMain+0x9e
C  [libpthread.so.0+0x7494]  start_thread+0xc4


---------------  P R O C E S S  ---------------

Java Threads: ( => current thread )

Other Threads:

=>0x00007f4f4000b800 (exited) JavaThread "Unknown thread" [_thread_in_vm, id=17540, stack(0x00007f4f49299000,0x00007f4f4939a000)]

VM state:not at safepoint (not fully initialized)

VM Mutex/Monitor currently owned by a thread: None

GC Heap History (0 events):
No events

Deoptimization events (0 events):
No events

Classes redefined (0 events):
No events

Internal exceptions (0 events):
No events

Events (0 events):
No events


Dynamic libraries:
00400000-00401000 r-xp 00000000 08:06 401093                             /usr/lib/jvm/java-8-oracle/bin/java
00600000-00601000 rw-p 00000000 08:06 401093                             /usr/lib/jvm/java-8-oracle/bin/java
02149000-0216a000 rw-p 00000000 00:00 0                                  [heap]
d5580000-eab00000 ---p 00000000 00:00 0 
eab00000-f5580000 rw-p 00000000 00:00 0 
f5580000-100000000 ---p 00000000 00:00 0 
7f4f31000000-7f4f31270000 rwxp 00000000 00:00 0 
7f4f31270000-7f4f40000000 ---p 00000000 00:00 0 
7f4f40000000-7f4f40036000 rw-p 00000000 00:00 0 
7f4f40036000-7f4f44000000 ---p 00000000 00:00 0 
7f4f459ce000-7f4f45c56000 rw-p 00000000 00:00 0 
7f4f45c56000-7f4f45dab000 ---p 00000000 00:00 0 
7f4f45dab000-7f4f45e01000 rw-p 00000000 00:00 0 
7f4f45e01000-7f4f45e56000 ---p 00000000 00:00 0 
7f4f45e56000-7f4f45e61000 rw-p 00000000 00:00 0 
7f4f45e61000-7f4f46217000 ---p 00000000 00:00 0 
7f4f46217000-7f4f46232000 r-xp 00000000 08:06 403508                     /usr/lib/jvm/java-8-oracle/jre/lib/amd64/libzip.so
7f4f46232000-7f4f46432000 ---p 0001b000 08:06 403508                     /usr/lib/jvm/java-8-oracle/jre/lib/amd64/libzip.so
7f4f46432000-7f4f46433000 rw-p 0001b000 08:06 403508                     /usr/lib/jvm/java-8-oracle/jre/lib/amd64/libzip.so
7f4f46433000-7f4f4643d000 r-xp 00000000 08:06 1576648                    /lib/x86_64-linux-gnu/libnss_files-2.24.so
7f4f4643d000-7f4f4663d000 ---p 0000a000 08:06 1576648                    /lib/x86_64-linux-gnu/libnss_files-2.24.so
7f4f4663d000-7f4f4663e000 r--p 0000a000 08:06 1576648                    /lib/x86_64-linux-gnu/libnss_files-2.24.so
7f4f4663e000-7f4f4663f000 rw-p 0000b000 08:06 1576648                    /lib/x86_64-linux-gnu/libnss_files-2.24.so
7f4f4663f000-7f4f46645000 rw-p 00000000 00:00 0 
7f4f46645000-7f4f46650000 r-xp 00000000 08:06 1576650                    /lib/x86_64-linux-gnu/libnss_nis-2.24.so
7f4f46650000-7f4f4684f000 ---p 0000b000 08:06 1576650                    /lib/x86_64-linux-gnu/libnss_nis-2.24.so
7f4f4684f000-7f4f46850000 r--p 0000a000 08:06 1576650                    /lib/x86_64-linux-gnu/libnss_nis-2.24.so
7f4f46850000-7f4f46851000 rw-p 0000b000 08:06 1576650                    /lib/x86_64-linux-gnu/libnss_nis-2.24.so
7f4f46851000-7f4f46865000 r-xp 00000000 08:06 1576645                    /lib/x86_64-linux-gnu/libnsl-2.24.so
7f4f46865000-7f4f46a65000 ---p 00014000 08:06 1576645                    /lib/x86_64-linux-gnu/libnsl-2.24.so
7f4f46a65000-7f4f46a66000 r--p 00014000 08:06 1576645                    /lib/x86_64-linux-gnu/libnsl-2.24.so
7f4f46a66000-7f4f46a67000 rw-p 00015000 08:06 1576645                    /lib/x86_64-linux-gnu/libnsl-2.24.so
7f4f46a67000-7f4f46a69000 rw-p 00000000 00:00 0 
7f4f46a69000-7f4f46a70000 r-xp 00000000 08:06 1576646                    /lib/x86_64-linux-gnu/libnss_compat-2.24.so
7f4f46a70000-7f4f46c6f000 ---p 00007000 08:06 1576646                    /lib/x86_64-linux-gnu/libnss_compat-2.24.so
7f4f46c6f000-7f4f46c70000 r--p 00006000 08:06 1576646                    /lib/x86_64-linux-gnu/libnss_compat-2.24.so
7f4f46c70000-7f4f46c71000 rw-p 00007000 08:06 1576646                    /lib/x86_64-linux-gnu/libnss_compat-2.24.so
7f4f46c71000-7f4f46c7b000 r-xp 00000000 08:06 430414                     /usr/lib/jvm/java-8-oracle/jre/lib/amd64/libinstrument.so
7f4f46c7b000-7f4f46e7a000 ---p 0000a000 08:06 430414                     /usr/lib/jvm/java-8-oracle/jre/lib/amd64/libinstrument.so
7f4f46e7a000-7f4f46e7b000 rw-p 00009000 08:06 430414                     /usr/lib/jvm/java-8-oracle/jre/lib/amd64/libinstrument.so
7f4f46e7b000-7f4f46ea6000 r-xp 00000000 08:06 403502                     /usr/lib/jvm/java-8-oracle/jre/lib/amd64/libjava.so
7f4f46ea6000-7f4f470a5000 ---p 0002b000 08:06 403502                     /usr/lib/jvm/java-8-oracle/jre/lib/amd64/libjava.so
7f4f470a5000-7f4f470a7000 rw-p 0002a000 08:06 403502                     /usr/lib/jvm/java-8-oracle/jre/lib/amd64/libjava.so
7f4f470a7000-7f4f470b4000 r-xp 00000000 08:06 403507                     /usr/lib/jvm/java-8-oracle/jre/lib/amd64/libverify.so
7f4f470b4000-7f4f472b4000 ---p 0000d000 08:06 403507                     /usr/lib/jvm/java-8-oracle/jre/lib/amd64/libverify.so
7f4f472b4000-7f4f472b6000 rw-p 0000d000 08:06 403507                     /usr/lib/jvm/java-8-oracle/jre/lib/amd64/libverify.so
7f4f472b6000-7f4f472bd000 r-xp 00000000 08:06 1576655                    /lib/x86_64-linux-gnu/librt-2.24.so
7f4f472bd000-7f4f474bc000 ---p 00007000 08:06 1576655                    /lib/x86_64-linux-gnu/librt-2.24.so
7f4f474bc000-7f4f474bd000 r--p 00006000 08:06 1576655                    /lib/x86_64-linux-gnu/librt-2.24.so
7f4f474bd000-7f4f474be000 rw-p 00007000 08:06 1576655                    /lib/x86_64-linux-gnu/librt-2.24.so
7f4f474be000-7f4f475c1000 r-xp 00000000 08:06 1576642                    /lib/x86_64-linux-gnu/libm-2.24.so
7f4f475c1000-7f4f477c0000 ---p 00103000 08:06 1576642                    /lib/x86_64-linux-gnu/libm-2.24.so
7f4f477c0000-7f4f477c1000 r--p 00102000 08:06 1576642                    /lib/x86_64-linux-gnu/libm-2.24.so
7f4f477c1000-7f4f477c2000 rw-p 00103000 08:06 1576642                    /lib/x86_64-linux-gnu/libm-2.24.so
7f4f477c2000-7f4f4849b000 r-xp 00000000 08:06 403484                     /usr/lib/jvm/java-8-oracle/jre/lib/amd64/server/libjvm.so
7f4f4849b000-7f4f4869a000 ---p 00cd9000 08:06 403484                     /usr/lib/jvm/java-8-oracle/jre/lib/amd64/server/libjvm.so
7f4f4869a000-7f4f48774000 rw-p 00cd8000 08:06 403484                     /usr/lib/jvm/java-8-oracle/jre/lib/amd64/server/libjvm.so
7f4f48774000-7f4f487bf000 rw-p 00000000 00:00 0 
7f4f487bf000-7f4f48954000 r-xp 00000000 08:06 1576040                    /lib/x86_64-linux-gnu/libc-2.24.so
7f4f48954000-7f4f48b54000 ---p 00195000 08:06 1576040                    /lib/x86_64-linux-gnu/libc-2.24.so
7f4f48b54000-7f4f48b58000 r--p 00195000 08:06 1576040                    /lib/x86_64-linux-gnu/libc-2.24.so
7f4f48b58000-7f4f48b5a000 rw-p 00199000 08:06 1576040                    /lib/x86_64-linux-gnu/libc-2.24.so
7f4f48b5a000-7f4f48b5e000 rw-p 00000000 00:00 0 
7f4f48b5e000-7f4f48b61000 r-xp 00000000 08:06 1576641                    /lib/x86_64-linux-gnu/libdl-2.24.so
7f4f48b61000-7f4f48d60000 ---p 00003000 08:06 1576641                    /lib/x86_64-linux-gnu/libdl-2.24.so
7f4f48d60000-7f4f48d61000 r--p 00002000 08:06 1576641                    /lib/x86_64-linux-gnu/libdl-2.24.so
7f4f48d61000-7f4f48d62000 rw-p 00003000 08:06 1576641                    /lib/x86_64-linux-gnu/libdl-2.24.so
7f4f48d62000-7f4f48d78000 r-xp 00000000 08:06 403211                     /usr/lib/jvm/java-8-oracle/lib/amd64/jli/libjli.so
7f4f48d78000-7f4f48f77000 ---p 00016000 08:06 403211                     /usr/lib/jvm/java-8-oracle/lib/amd64/jli/libjli.so
7f4f48f77000-7f4f48f78000 rw-p 00015000 08:06 403211                     /usr/lib/jvm/java-8-oracle/lib/amd64/jli/libjli.so
7f4f48f78000-7f4f48f90000 r-xp 00000000 08:06 1576653                    /lib/x86_64-linux-gnu/libpthread-2.24.so
7f4f48f90000-7f4f4918f000 ---p 00018000 08:06 1576653                    /lib/x86_64-linux-gnu/libpthread-2.24.so
7f4f4918f000-7f4f49190000 r--p 00017000 08:06 1576653                    /lib/x86_64-linux-gnu/libpthread-2.24.so
7f4f49190000-7f4f49191000 rw-p 00018000 08:06 1576653                    /lib/x86_64-linux-gnu/libpthread-2.24.so
7f4f49191000-7f4f49195000 rw-p 00000000 00:00 0 
7f4f49195000-7f4f491b8000 r-xp 00000000 08:06 1576018                    /lib/x86_64-linux-gnu/ld-2.24.so
7f4f49299000-7f4f4929c000 ---p 00000000 00:00 0 
7f4f4929c000-7f4f4939c000 rw-p 00000000 00:00 0 
7f4f493ab000-7f4f493b3000 rw-s 00000000 08:06 2252540                    /tmp/hsperfdata_a1/17537
7f4f493b3000-7f4f493b4000 rw-p 00000000 00:00 0 
7f4f493b4000-7f4f493b5000 r--p 00000000 00:00 0 
7f4f493b5000-7f4f493b8000 rw-p 00000000 00:00 0 
7f4f493b8000-7f4f493b9000 r--p 00023000 08:06 1576018                    /lib/x86_64-linux-gnu/ld-2.24.so
7f4f493b9000-7f4f493ba000 rw-p 00024000 08:06 1576018                    /lib/x86_64-linux-gnu/ld-2.24.so
7f4f493ba000-7f4f493bb000 rw-p 00000000 00:00 0 
7ffc98f55000-7ffc98f76000 rw-p 00000000 00:00 0                          [stack]
7ffc98ffa000-7ffc98ffc000 r--p 00000000 00:00 0                          [vvar]
7ffc98ffc000-7ffc98ffe000 r-xp 00000000 00:00 0                          [vdso]
ffffffffff600000-ffffffffff601000 r-xp 00000000 00:00 0                  [vsyscall]

VM Arguments:
jvm_args: -Xms512M -Xmx1024M -Xss1M -XX:+CMSClassUnloadingEnabled -javaagent:/opt/idea-IC-181.5087.20/lib/idea_rt.jar=34923:/opt/idea-IC-181.5087.20/bin -Dfile.encoding=UTF-8 
java_command: xsbt.boot.Boot runMain SortedArraysMerge
java_class_path (initial): /home/a1/.IdeaIC2018.1/config/plugins/Scala/launcher/sbt-launch.jar:/opt/idea-IC-181.5087.20/lib/idea_rt.jar
Launcher Type: SUN_STANDARD

Environment Variables:
PATH=/usr/local/bin:/usr/bin:/bin:/usr/local/games:/usr/games
SHELL=/bin/bash
DISPLAY=:0.0

Signal Handlers:
SIGSEGV: [libjvm.so+0xad0890], sa_mask[0]=11111111011111111101111111111110, sa_flags=SA_RESTART|SA_SIGINFO
SIGBUS: [libjvm.so+0xad0890], sa_mask[0]=11111111011111111101111111111110, sa_flags=SA_RESTART|SA_SIGINFO
SIGFPE: [libjvm.so+0x928640], sa_mask[0]=11111111011111111101111111111110, sa_flags=SA_RESTART|SA_SIGINFO
SIGPIPE: [libjvm.so+0x928640], sa_mask[0]=11111111011111111101111111111110, sa_flags=SA_RESTART|SA_SIGINFO
SIGXFSZ: [libjvm.so+0x928640], sa_mask[0]=11111111011111111101111111111110, sa_flags=SA_RESTART|SA_SIGINFO
SIGILL: [libjvm.so+0x928640], sa_mask[0]=11111111011111111101111111111110, sa_flags=SA_RESTART|SA_SIGINFO
SIGUSR1: SIG_DFL, sa_mask[0]=00000000000000000000000000000000, sa_flags=none
SIGUSR2: [libjvm.so+0x929ea0], sa_mask[0]=00100000000000000000000000000000, sa_flags=SA_RESTART|SA_SIGINFO
SIGHUP: SIG_DFL, sa_mask[0]=00000000000000000000000000000000, sa_flags=none
SIGINT: SIG_DFL, sa_mask[0]=00000000000000000000000000000000, sa_flags=none
SIGTERM: SIG_DFL, sa_mask[0]=00000000000000000000000000000000, sa_flags=none
SIGQUIT: SIG_DFL, sa_mask[0]=00000000000000000000000000000000, sa_flags=none


---------------  S Y S T E M  ---------------

OS:PRETTY_NAME="Debian GNU/Linux 9 (stretch)"
NAME="Debian GNU/Linux"
VERSION_ID="9"
VERSION="9 (stretch)"
ID=debian
HOME_URL="https://www.debian.org/"
SUPPORT_URL="https://www.debian.org/support"
BUG_REPORT_URL="https://bugs.debian.org/"

uname:Linux 4.9.0-4-amd64 #1 SMP Debian 4.9.65-3+deb9u1 (2017-12-23) x86_64
libc:glibc 2.24 NPTL 2.24 
rlimit: STACK 8192k, CORE 0k, NPROC 14985, NOFILE 1048576, AS infinity
load average:0.56 0.91 1.21

/proc/meminfo:
MemTotal:        3933408 kB
MemFree:          121236 kB
MemAvailable:      91652 kB
Buffers:            6884 kB
Cached:           237976 kB
SwapCached:        14888 kB
Active:          1623712 kB
Inactive:         630476 kB
Active(anon):    1534780 kB
Inactive(anon):   568260 kB
Active(file):      88932 kB
Inactive(file):    62216 kB
Unevictable:     1270676 kB
Mlocked:         1270676 kB
SwapTotal:       4400124 kB
SwapFree:         128712 kB
Dirty:             10800 kB
Writeback:             0 kB
AnonPages:       3267912 kB
Mapped:           150544 kB
Shmem:             70016 kB
Slab:              96484 kB
SReclaimable:      26332 kB
SUnreclaim:        70152 kB
KernelStack:       16848 kB
PageTables:        89060 kB
NFS_Unstable:          0 kB
Bounce:                0 kB
WritebackTmp:          0 kB
CommitLimit:     6366828 kB
Committed_AS:   16481272 kB
VmallocTotal:   34359738367 kB
VmallocUsed:           0 kB
VmallocChunk:          0 kB
HardwareCorrupted:     0 kB
AnonHugePages:         0 kB
ShmemHugePages:        0 kB
ShmemPmdMapped:        0 kB
HugePages_Total:       0
HugePages_Free:        0
HugePages_Rsvd:        0
HugePages_Surp:        0
Hugepagesize:       2048 kB
DirectMap4k:      370400 kB
DirectMap2M:     3706880 kB
DirectMap1G:           0 kB


CPU:total 4 (initial active 4) (2 cores per cpu, 2 threads per core) family 6 model 142 stepping 9, cmov, cx8, fxsr, mmx, sse, sse2, sse3, ssse3, sse4.1, sse4.2, popcnt, avx, avx2, aes, clmul, erms, 3dnowpref, lzcnt, ht, tsc, tscinvbit, bmi1, bmi2, adx

/proc/cpuinfo:
processor	: 0
vendor_id	: GenuineIntel
cpu family	: 6
model		: 142
model name	: Intel(R) Core(TM) i5-7200U CPU @ 2.50GHz
stepping	: 9
microcode	: 0x4e
cpu MHz		: 3020.690
cache size	: 3072 KB
physical id	: 0
siblings	: 4
core id		: 0
cpu cores	: 2
apicid		: 0
initial apicid	: 0
fpu		: yes
fpu_exception	: yes
cpuid level	: 22
wp		: yes
flags		: fpu vme de pse tsc msr pae mce cx8 apic sep mtrr pge mca cmov pat pse36 clflush dts acpi mmx fxsr sse sse2 ss ht tm pbe syscall nx pdpe1gb rdtscp lm constant_tsc art arch_perfmon pebs bts rep_good nopl xtopology nonstop_tsc aperfmperf eagerfpu pni pclmulqdq dtes64 monitor ds_cpl vmx est tm2 ssse3 sdbg fma cx16 xtpr pdcm pcid sse4_1 sse4_2 x2apic movbe popcnt tsc_deadline_timer aes xsave avx f16c rdrand lahf_lm abm 3dnowprefetch epb intel_pt tpr_shadow vnmi flexpriority ept vpid fsgsbase tsc_adjust bmi1 avx2 smep bmi2 erms invpcid mpx rdseed adx smap clflushopt xsaveopt xsavec xgetbv1 xsaves dtherm ida arat pln pts hwp hwp_notify hwp_act_window hwp_epp
bugs		:
bogomips	: 5424.00
clflush size	: 64
cache_alignment	: 64
address sizes	: 39 bits physical, 48 bits virtual
power management:

processor	: 1
vendor_id	: GenuineIntel
cpu family	: 6
model		: 142
model name	: Intel(R) Core(TM) i5-7200U CPU @ 2.50GHz
stepping	: 9
microcode	: 0x4e
cpu MHz		: 3055.627
cache size	: 3072 KB
physical id	: 0
siblings	: 4
core id		: 1
cpu cores	: 2
apicid		: 2
initial apicid	: 2
fpu		: yes
fpu_exception	: yes
cpuid level	: 22
wp		: yes
flags		: fpu vme de pse tsc msr pae mce cx8 apic sep mtrr pge mca cmov pat pse36 clflush dts acpi mmx fxsr sse sse2 ss ht tm pbe syscall nx pdpe1gb rdtscp lm constant_tsc art arch_perfmon pebs bts rep_good nopl xtopology nonstop_tsc aperfmperf eagerfpu pni pclmulqdq dtes64 monitor ds_cpl vmx est tm2 ssse3 sdbg fma cx16 xtpr pdcm pcid sse4_1 sse4_2 x2apic movbe popcnt tsc_deadline_timer aes xsave avx f16c rdrand lahf_lm abm 3dnowprefetch epb intel_pt tpr_shadow vnmi flexpriority ept vpid fsgsbase tsc_adjust bmi1 avx2 smep bmi2 erms invpcid mpx rdseed adx smap clflushopt xsaveopt xsavec xgetbv1 xsaves dtherm ida arat pln pts hwp hwp_notify hwp_act_window hwp_epp
bugs		:
bogomips	: 5424.00
clflush size	: 64
cache_alignment	: 64
address sizes	: 39 bits physical, 48 bits virtual
power management:

processor	: 2
vendor_id	: GenuineIntel
cpu family	: 6
model		: 142
model name	: Intel(R) Core(TM) i5-7200U CPU @ 2.50GHz
stepping	: 9
microcode	: 0x4e
cpu MHz		: 3010.144
cache size	: 3072 KB
physical id	: 0
siblings	: 4
core id		: 0
cpu cores	: 2
apicid		: 1
initial apicid	: 1
fpu		: yes
fpu_exception	: yes
cpuid level	: 22
wp		: yes
flags		: fpu vme de pse tsc msr pae mce cx8 apic sep mtrr pge mca cmov pat pse36 clflush dts acpi mmx fxsr sse sse2 ss ht tm pbe syscall nx pdpe1gb rdtscp lm constant_tsc art arch_perfmon pebs bts rep_good nopl xtopology nonstop_tsc aperfmperf eagerfpu pni pclmulqdq dtes64 monitor ds_cpl vmx est tm2 ssse3 sdbg fma cx16 xtpr pdcm pcid sse4_1 sse4_2 x2apic movbe popcnt tsc_deadline_timer aes xsave avx f16c rdrand lahf_lm abm 3dnowprefetch epb intel_pt tpr_shadow vnmi flexpriority ept vpid fsgsbase tsc_adjust bmi1 avx2 smep bmi2 erms invpcid mpx rdseed adx smap clflushopt xsaveopt xsavec xgetbv1 xsaves dtherm ida arat pln pts hwp hwp_notify hwp_act_window hwp_epp
bugs		:
bogomips	: 5424.00
clflush size	: 64
cache_alignment	: 64
address sizes	: 39 bits physical, 48 bits virtual
power management:

processor	: 3
vendor_id	: GenuineIntel
cpu family	: 6
model		: 142
model name	: Intel(R) Core(TM) i5-7200U CPU @ 2.50GHz
stepping	: 9
microcode	: 0x4e
cpu MHz		: 2907.312
cache size	: 3072 KB
physical id	: 0
siblings	: 4
core id		: 1
cpu cores	: 2
apicid		: 3
initial apicid	: 3
fpu		: yes
fpu_exception	: yes
cpuid level	: 22
wp		: yes
flags		: fpu vme de pse tsc msr pae mce cx8 apic sep mtrr pge mca cmov pat pse36 clflush dts acpi mmx fxsr sse sse2 ss ht tm pbe syscall nx pdpe1gb rdtscp lm constant_tsc art arch_perfmon pebs bts rep_good nopl xtopology nonstop_tsc aperfmperf eagerfpu pni pclmulqdq dtes64 monitor ds_cpl vmx est tm2 ssse3 sdbg fma cx16 xtpr pdcm pcid sse4_1 sse4_2 x2apic movbe popcnt tsc_deadline_timer aes xsave avx f16c rdrand lahf_lm abm 3dnowprefetch epb intel_pt tpr_shadow vnmi flexpriority ept vpid fsgsbase tsc_adjust bmi1 avx2 smep bmi2 erms invpcid mpx rdseed adx smap clflushopt xsaveopt xsavec xgetbv1 xsaves dtherm ida arat pln pts hwp hwp_notify hwp_act_window hwp_epp
bugs		:
bogomips	: 5424.00
clflush size	: 64
cache_alignment	: 64
address sizes	: 39 bits physical, 48 bits virtual
power management:



Memory: 4k page, physical 3933408k(121236k free), swap 4400124k(128712k free)

vm_info: Java HotSpot(TM) 64-Bit Server VM (25.171-b11) for linux-amd64 JRE (1.8.0_171-b11), built on Mar 28 2018 17:07:08 by "java_re" with gcc 4.3.0 20080428 (Red Hat 4.3.0-8)

time: Mon Jul  9 17:47:48 2018
elapsed time: 0 seconds (0d 0h 0m 0s)

