#
# There is insufficient memory for the Java Runtime Environment to continue.
# Native memory allocation (mmap) failed to map 178782208 bytes for committing reserved memory.
# Possible reasons:
#   The system is out of physical RAM or swap space
#   In 32 bit mode, the process size limit was hit
# Possible solutions:
#   Reduce memory load on the system
#   Increase physical memory or swap space
#   Check if swap backing store is full
#   Use 64 bit Java on a 64 bit OS
#   Decrease Java heap size (-Xmx/-Xms)
#   Decrease number of Java threads
#   Decrease Java thread stack sizes (-Xss)
#   Set larger code cache with -XX:ReservedCodeCacheSize=
# This output file may be truncated or incomplete.
#
#  Out of Memory Error (os_linux.cpp:2640), pid=4160, tid=0x00007f47218b2700
#
# JRE version:  (8.0_171-b11) (build )
# Java VM: Java HotSpot(TM) 64-Bit Server VM (25.171-b11 mixed mode linux-amd64 compressed oops)
# Failed to write core dump. Core dumps have been disabled. To enable core dumping, try "ulimit -c unlimited" before starting Java again
#

---------------  T H R E A D  ---------------

Current thread (0x00007f471800d800):  JavaThread "Unknown thread" [_thread_in_vm, id=4163, stack(0x00007f47217b2000,0x00007f47218b3000)]

Stack: [0x00007f47217b2000,0x00007f47218b3000],  sp=0x00007f47218b1400,  free space=1021k
Native frames: (J=compiled Java code, j=interpreted, Vv=VM code, C=native code)
V  [libjvm.so+0xacfffa]  VMError::report_and_die()+0x2ba
V  [libjvm.so+0x5005cb]  report_vm_out_of_memory(char const*, int, unsigned long, VMErrorType, char const*)+0x8b
V  [libjvm.so+0x92dd93]  os::Linux::commit_memory_impl(char*, unsigned long, bool)+0x123
V  [libjvm.so+0x92dfb9]  os::pd_commit_memory(char*, unsigned long, unsigned long, bool)+0x29
V  [libjvm.so+0x92527a]  os::commit_memory(char*, unsigned long, unsigned long, bool)+0x2a
V  [libjvm.so+0x99b223]  PSVirtualSpace::expand_by(unsigned long)+0x53
V  [libjvm.so+0x99c1e5]  PSYoungGen::initialize_virtual_space(ReservedSpace, unsigned long)+0x75
V  [libjvm.so+0x99cb4e]  PSYoungGen::initialize(ReservedSpace, unsigned long)+0x3e
V  [libjvm.so+0x2db2c5]  AdjoiningGenerations::AdjoiningGenerations(ReservedSpace, GenerationSizer*, unsigned long)+0x345
V  [libjvm.so+0x94f366]  ParallelScavengeHeap::initialize()+0x1d6
V  [libjvm.so+0xa98033]  Universe::initialize_heap()+0xf3
V  [libjvm.so+0xa9859e]  universe_init()+0x3e
V  [libjvm.so+0x642105]  init_globals()+0x65
V  [libjvm.so+0xa7cd4e]  Threads::create_vm(JavaVMInitArgs*, bool*)+0x23e
V  [libjvm.so+0x6d6e44]  JNI_CreateJavaVM+0x74
C  [libjli.so+0x797e]  JavaMain+0x9e
C  [libpthread.so.0+0x7494]  start_thread+0xc4


---------------  P R O C E S S  ---------------

Java Threads: ( => current thread )

Other Threads:

=>0x00007f471800d800 (exited) JavaThread "Unknown thread" [_thread_in_vm, id=4163, stack(0x00007f47217b2000,0x00007f47218b3000)]

VM state:not at safepoint (not fully initialized)

VM Mutex/Monitor currently owned by a thread: None

GC Heap History (0 events):
No events

Deoptimization events (0 events):
No events

Classes redefined (0 events):
No events

Internal exceptions (0 events):
No events

Events (0 events):
No events


Dynamic libraries:
00400000-00401000 r-xp 00000000 08:06 401093                             /usr/lib/jvm/java-8-oracle/bin/java
00600000-00601000 rw-p 00000000 08:06 401093                             /usr/lib/jvm/java-8-oracle/bin/java
00f47000-00f68000 rw-p 00000000 00:00 0                                  [heap]
c0000000-eab00000 ---p 00000000 00:00 0 
f5580000-100000000 ---p 00000000 00:00 0 
7f4709000000-7f4709270000 rwxp 00000000 00:00 0 
7f4709270000-7f4718000000 ---p 00000000 00:00 0 
7f4718000000-7f471803c000 rw-p 00000000 00:00 0 
7f471803c000-7f471c000000 ---p 00000000 00:00 0 
7f471d90e000-7f471db96000 rw-p 00000000 00:00 0 
7f471db96000-7f471dd96000 ---p 00000000 00:00 0 
7f471dd96000-7f471dda1000 rw-p 00000000 00:00 0 
7f471dda1000-7f471e157000 ---p 00000000 00:00 0 
7f471e157000-7f471e172000 r-xp 00000000 08:06 403508                     /usr/lib/jvm/java-8-oracle/jre/lib/amd64/libzip.so
7f471e172000-7f471e372000 ---p 0001b000 08:06 403508                     /usr/lib/jvm/java-8-oracle/jre/lib/amd64/libzip.so
7f471e372000-7f471e373000 rw-p 0001b000 08:06 403508                     /usr/lib/jvm/java-8-oracle/jre/lib/amd64/libzip.so
7f471e373000-7f471e37d000 r-xp 00000000 08:06 1576648                    /lib/x86_64-linux-gnu/libnss_files-2.24.so
7f471e37d000-7f471e57d000 ---p 0000a000 08:06 1576648                    /lib/x86_64-linux-gnu/libnss_files-2.24.so
7f471e57d000-7f471e57e000 r--p 0000a000 08:06 1576648                    /lib/x86_64-linux-gnu/libnss_files-2.24.so
7f471e57e000-7f471e57f000 rw-p 0000b000 08:06 1576648                    /lib/x86_64-linux-gnu/libnss_files-2.24.so
7f471e57f000-7f471e585000 rw-p 00000000 00:00 0 
7f471e585000-7f471e590000 r-xp 00000000 08:06 1576650                    /lib/x86_64-linux-gnu/libnss_nis-2.24.so
7f471e590000-7f471e78f000 ---p 0000b000 08:06 1576650                    /lib/x86_64-linux-gnu/libnss_nis-2.24.so
7f471e78f000-7f471e790000 r--p 0000a000 08:06 1576650                    /lib/x86_64-linux-gnu/libnss_nis-2.24.so
7f471e790000-7f471e791000 rw-p 0000b000 08:06 1576650                    /lib/x86_64-linux-gnu/libnss_nis-2.24.so
7f471e791000-7f471e7a5000 r-xp 00000000 08:06 1576645                    /lib/x86_64-linux-gnu/libnsl-2.24.so
7f471e7a5000-7f471e9a5000 ---p 00014000 08:06 1576645                    /lib/x86_64-linux-gnu/libnsl-2.24.so
7f471e9a5000-7f471e9a6000 r--p 00014000 08:06 1576645                    /lib/x86_64-linux-gnu/libnsl-2.24.so
7f471e9a6000-7f471e9a7000 rw-p 00015000 08:06 1576645                    /lib/x86_64-linux-gnu/libnsl-2.24.so
7f471e9a7000-7f471e9a9000 rw-p 00000000 00:00 0 
7f471e9a9000-7f471e9b0000 r-xp 00000000 08:06 1576646                    /lib/x86_64-linux-gnu/libnss_compat-2.24.so
7f471e9b0000-7f471ebaf000 ---p 00007000 08:06 1576646                    /lib/x86_64-linux-gnu/libnss_compat-2.24.so
7f471ebaf000-7f471ebb0000 r--p 00006000 08:06 1576646                    /lib/x86_64-linux-gnu/libnss_compat-2.24.so
7f471ebb0000-7f471ebb1000 rw-p 00007000 08:06 1576646                    /lib/x86_64-linux-gnu/libnss_compat-2.24.so
7f471ebb1000-7f471ebbb000 r-xp 00000000 08:06 430414                     /usr/lib/jvm/java-8-oracle/jre/lib/amd64/libinstrument.so
7f471ebbb000-7f471edba000 ---p 0000a000 08:06 430414                     /usr/lib/jvm/java-8-oracle/jre/lib/amd64/libinstrument.so
7f471edba000-7f471edbb000 rw-p 00009000 08:06 430414                     /usr/lib/jvm/java-8-oracle/jre/lib/amd64/libinstrument.so
7f471edbb000-7f471ef56000 r--p 00000000 08:06 2924692                    /usr/lib/locale/locale-archive
7f471ef56000-7f471ef58000 r-xp 00000000 08:06 403479                     /usr/lib/jvm/java-8-oracle/jre/lib/amd64/libnpt.so
7f471ef58000-7f471f158000 ---p 00002000 08:06 403479                     /usr/lib/jvm/java-8-oracle/jre/lib/amd64/libnpt.so
7f471f158000-7f471f159000 rw-p 00002000 08:06 403479                     /usr/lib/jvm/java-8-oracle/jre/lib/amd64/libnpt.so
7f471f159000-7f471f193000 r-xp 00000000 08:06 403495                     /usr/lib/jvm/java-8-oracle/jre/lib/amd64/libjdwp.so
7f471f193000-7f471f392000 ---p 0003a000 08:06 403495                     /usr/lib/jvm/java-8-oracle/jre/lib/amd64/libjdwp.so
7f471f392000-7f471f393000 rw-p 00039000 08:06 403495                     /usr/lib/jvm/java-8-oracle/jre/lib/amd64/libjdwp.so
7f471f393000-7f471f394000 rw-p 00000000 00:00 0 
7f471f394000-7f471f3bf000 r-xp 00000000 08:06 403502                     /usr/lib/jvm/java-8-oracle/jre/lib/amd64/libjava.so
7f471f3bf000-7f471f5be000 ---p 0002b000 08:06 403502                     /usr/lib/jvm/java-8-oracle/jre/lib/amd64/libjava.so
7f471f5be000-7f471f5c0000 rw-p 0002a000 08:06 403502                     /usr/lib/jvm/java-8-oracle/jre/lib/amd64/libjava.so
7f471f5c0000-7f471f5cd000 r-xp 00000000 08:06 403507                     /usr/lib/jvm/java-8-oracle/jre/lib/amd64/libverify.so
7f471f5cd000-7f471f7cd000 ---p 0000d000 08:06 403507                     /usr/lib/jvm/java-8-oracle/jre/lib/amd64/libverify.so
7f471f7cd000-7f471f7cf000 rw-p 0000d000 08:06 403507                     /usr/lib/jvm/java-8-oracle/jre/lib/amd64/libverify.so
7f471f7cf000-7f471f7d6000 r-xp 00000000 08:06 1576655                    /lib/x86_64-linux-gnu/librt-2.24.so
7f471f7d6000-7f471f9d5000 ---p 00007000 08:06 1576655                    /lib/x86_64-linux-gnu/librt-2.24.so
7f471f9d5000-7f471f9d6000 r--p 00006000 08:06 1576655                    /lib/x86_64-linux-gnu/librt-2.24.so
7f471f9d6000-7f471f9d7000 rw-p 00007000 08:06 1576655                    /lib/x86_64-linux-gnu/librt-2.24.so
7f471f9d7000-7f471fada000 r-xp 00000000 08:06 1576642                    /lib/x86_64-linux-gnu/libm-2.24.so
7f471fada000-7f471fcd9000 ---p 00103000 08:06 1576642                    /lib/x86_64-linux-gnu/libm-2.24.so
7f471fcd9000-7f471fcda000 r--p 00102000 08:06 1576642                    /lib/x86_64-linux-gnu/libm-2.24.so
7f471fcda000-7f471fcdb000 rw-p 00103000 08:06 1576642                    /lib/x86_64-linux-gnu/libm-2.24.so
7f471fcdb000-7f47209b4000 r-xp 00000000 08:06 403484                     /usr/lib/jvm/java-8-oracle/jre/lib/amd64/server/libjvm.so
7f47209b4000-7f4720bb3000 ---p 00cd9000 08:06 403484                     /usr/lib/jvm/java-8-oracle/jre/lib/amd64/server/libjvm.so
7f4720bb3000-7f4720c8d000 rw-p 00cd8000 08:06 403484                     /usr/lib/jvm/java-8-oracle/jre/lib/amd64/server/libjvm.so
7f4720c8d000-7f4720cd8000 rw-p 00000000 00:00 0 
7f4720cd8000-7f4720e6d000 r-xp 00000000 08:06 1576040                    /lib/x86_64-linux-gnu/libc-2.24.so
7f4720e6d000-7f472106d000 ---p 00195000 08:06 1576040                    /lib/x86_64-linux-gnu/libc-2.24.so
7f472106d000-7f4721071000 r--p 00195000 08:06 1576040                    /lib/x86_64-linux-gnu/libc-2.24.so
7f4721071000-7f4721073000 rw-p 00199000 08:06 1576040                    /lib/x86_64-linux-gnu/libc-2.24.so
7f4721073000-7f4721077000 rw-p 00000000 00:00 0 
7f4721077000-7f472107a000 r-xp 00000000 08:06 1576641                    /lib/x86_64-linux-gnu/libdl-2.24.so
7f472107a000-7f4721279000 ---p 00003000 08:06 1576641                    /lib/x86_64-linux-gnu/libdl-2.24.so
7f4721279000-7f472127a000 r--p 00002000 08:06 1576641                    /lib/x86_64-linux-gnu/libdl-2.24.so
7f472127a000-7f472127b000 rw-p 00003000 08:06 1576641                    /lib/x86_64-linux-gnu/libdl-2.24.so
7f472127b000-7f4721291000 r-xp 00000000 08:06 403211                     /usr/lib/jvm/java-8-oracle/lib/amd64/jli/libjli.so
7f4721291000-7f4721490000 ---p 00016000 08:06 403211                     /usr/lib/jvm/java-8-oracle/lib/amd64/jli/libjli.so
7f4721490000-7f4721491000 rw-p 00015000 08:06 403211                     /usr/lib/jvm/java-8-oracle/lib/amd64/jli/libjli.so
7f4721491000-7f47214a9000 r-xp 00000000 08:06 1576653                    /lib/x86_64-linux-gnu/libpthread-2.24.so
7f47214a9000-7f47216a8000 ---p 00018000 08:06 1576653                    /lib/x86_64-linux-gnu/libpthread-2.24.so
7f47216a8000-7f47216a9000 r--p 00017000 08:06 1576653                    /lib/x86_64-linux-gnu/libpthread-2.24.so
7f47216a9000-7f47216aa000 rw-p 00018000 08:06 1576653                    /lib/x86_64-linux-gnu/libpthread-2.24.so
7f47216aa000-7f47216ae000 rw-p 00000000 00:00 0 
7f47216ae000-7f47216d1000 r-xp 00000000 08:06 1576018                    /lib/x86_64-linux-gnu/ld-2.24.so
7f4721782000-7f47217b2000 r--p 00000000 08:06 2902531                    /usr/share/locale/ru/LC_MESSAGES/libc.mo
7f47217b2000-7f47217b5000 ---p 00000000 00:00 0 
7f47217b5000-7f47218b5000 rw-p 00000000 00:00 0 
7f47218bd000-7f47218c4000 r--s 00000000 08:06 2930995                    /usr/lib/x86_64-linux-gnu/gconv/gconv-modules.cache
7f47218c4000-7f47218cc000 rw-s 00000000 08:06 2258053                    /tmp/hsperfdata_a1/4160
7f47218cc000-7f47218cd000 rw-p 00000000 00:00 0 
7f47218cd000-7f47218ce000 r--p 00000000 00:00 0 
7f47218ce000-7f47218d1000 rw-p 00000000 00:00 0 
7f47218d1000-7f47218d2000 r--p 00023000 08:06 1576018                    /lib/x86_64-linux-gnu/ld-2.24.so
7f47218d2000-7f47218d3000 rw-p 00024000 08:06 1576018                    /lib/x86_64-linux-gnu/ld-2.24.so
7f47218d3000-7f47218d4000 rw-p 00000000 00:00 0 
7ffeb1f0a000-7ffeb1f2b000 rw-p 00000000 00:00 0                          [stack]
7ffeb1f90000-7ffeb1f92000 r--p 00000000 00:00 0                          [vvar]
7ffeb1f92000-7ffeb1f94000 r-xp 00000000 00:00 0                          [vdso]
ffffffffff600000-ffffffffff601000 r-xp 00000000 00:00 0                  [vsyscall]

VM Arguments:
jvm_args: -agentlib:jdwp=transport=dt_socket,address=127.0.0.1:35345,suspend=y,server=n -Xms512M -Xmx1024M -Xss1M -XX:+CMSClassUnloadingEnabled -javaagent:/opt/idea-IC-181.5087.20/lib/rt/debugger-agent.jar=file:/tmp/capture.props -Dfile.encoding=UTF-8 
java_command: xsbt.boot.Boot run
java_class_path (initial): /home/a1/.IdeaIC2018.1/config/plugins/Scala/launcher/sbt-launch.jar:/opt/idea-IC-181.5087.20/lib/idea_rt.jar:/opt/idea-IC-181.5087.20/lib/rt/debugger-agent.jar
Launcher Type: SUN_STANDARD

Environment Variables:
PATH=/usr/local/bin:/usr/bin:/bin:/usr/local/games:/usr/games
SHELL=/bin/bash
DISPLAY=:0.0

Signal Handlers:
SIGSEGV: [libjvm.so+0xad0890], sa_mask[0]=11111111011111111101111111111110, sa_flags=SA_RESTART|SA_SIGINFO
SIGBUS: [libjvm.so+0xad0890], sa_mask[0]=11111111011111111101111111111110, sa_flags=SA_RESTART|SA_SIGINFO
SIGFPE: [libjvm.so+0x928640], sa_mask[0]=11111111011111111101111111111110, sa_flags=SA_RESTART|SA_SIGINFO
SIGPIPE: [libjvm.so+0x928640], sa_mask[0]=11111111011111111101111111111110, sa_flags=SA_RESTART|SA_SIGINFO
SIGXFSZ: [libjvm.so+0x928640], sa_mask[0]=11111111011111111101111111111110, sa_flags=SA_RESTART|SA_SIGINFO
SIGILL: [libjvm.so+0x928640], sa_mask[0]=11111111011111111101111111111110, sa_flags=SA_RESTART|SA_SIGINFO
SIGUSR1: SIG_DFL, sa_mask[0]=00000000000000000000000000000000, sa_flags=none
SIGUSR2: [libjvm.so+0x929ea0], sa_mask[0]=00100000000000000000000000000000, sa_flags=SA_RESTART|SA_SIGINFO
SIGHUP: SIG_DFL, sa_mask[0]=00000000000000000000000000000000, sa_flags=none
SIGINT: SIG_DFL, sa_mask[0]=00000000000000000000000000000000, sa_flags=none
SIGTERM: SIG_DFL, sa_mask[0]=00000000000000000000000000000000, sa_flags=none
SIGQUIT: SIG_DFL, sa_mask[0]=00000000000000000000000000000000, sa_flags=none


---------------  S Y S T E M  ---------------

OS:PRETTY_NAME="Debian GNU/Linux 9 (stretch)"
NAME="Debian GNU/Linux"
VERSION_ID="9"
VERSION="9 (stretch)"
ID=debian
HOME_URL="https://www.debian.org/"
SUPPORT_URL="https://www.debian.org/support"
BUG_REPORT_URL="https://bugs.debian.org/"

uname:Linux 4.9.0-4-amd64 #1 SMP Debian 4.9.65-3+deb9u1 (2017-12-23) x86_64
libc:glibc 2.24 NPTL 2.24 
rlimit: STACK 8192k, CORE 0k, NPROC 14985, NOFILE 1048576, AS infinity
load average:1,32 0,98 1,25

/proc/meminfo:
MemTotal:        3933408 kB
MemFree:          116656 kB
MemAvailable:      28612 kB
Buffers:            1076 kB
Cached:           105112 kB
SwapCached:         9956 kB
Active:          2837180 kB
Inactive:         645424 kB
Active(anon):    2820404 kB
Inactive(anon):   629556 kB
Active(file):      16776 kB
Inactive(file):    15868 kB
Unevictable:         112 kB
Mlocked:             112 kB
SwapTotal:       4400124 kB
SwapFree:              0 kB
Dirty:               152 kB
Writeback:            20 kB
AnonPages:       3367596 kB
Mapped:            42264 kB
Shmem:             72768 kB
Slab:             113104 kB
SReclaimable:      27916 kB
SUnreclaim:        85188 kB
KernelStack:       17392 kB
PageTables:        94460 kB
NFS_Unstable:          0 kB
Bounce:                0 kB
WritebackTmp:          0 kB
CommitLimit:     6366828 kB
Committed_AS:   18183528 kB
VmallocTotal:   34359738367 kB
VmallocUsed:           0 kB
VmallocChunk:          0 kB
HardwareCorrupted:     0 kB
AnonHugePages:         0 kB
ShmemHugePages:        0 kB
ShmemPmdMapped:        0 kB
HugePages_Total:       0
HugePages_Free:        0
HugePages_Rsvd:        0
HugePages_Surp:        0
Hugepagesize:       2048 kB
DirectMap4k:      761568 kB
DirectMap2M:     3315712 kB
DirectMap1G:           0 kB


CPU:total 4 (initial active 4) (2 cores per cpu, 2 threads per core) family 6 model 142 stepping 9, cmov, cx8, fxsr, mmx, sse, sse2, sse3, ssse3, sse4.1, sse4.2, popcnt, avx, avx2, aes, clmul, erms, 3dnowpref, lzcnt, ht, tsc, tscinvbit, bmi1, bmi2, adx

/proc/cpuinfo:
processor	: 0
vendor_id	: GenuineIntel
cpu family	: 6
model		: 142
model name	: Intel(R) Core(TM) i5-7200U CPU @ 2.50GHz
stepping	: 9
microcode	: 0x4e
cpu MHz		: 3099.957
cache size	: 3072 KB
physical id	: 0
siblings	: 4
core id		: 0
cpu cores	: 2
apicid		: 0
initial apicid	: 0
fpu		: yes
fpu_exception	: yes
cpuid level	: 22
wp		: yes
flags		: fpu vme de pse tsc msr pae mce cx8 apic sep mtrr pge mca cmov pat pse36 clflush dts acpi mmx fxsr sse sse2 ss ht tm pbe syscall nx pdpe1gb rdtscp lm constant_tsc art arch_perfmon pebs bts rep_good nopl xtopology nonstop_tsc aperfmperf eagerfpu pni pclmulqdq dtes64 monitor ds_cpl vmx est tm2 ssse3 sdbg fma cx16 xtpr pdcm pcid sse4_1 sse4_2 x2apic movbe popcnt tsc_deadline_timer aes xsave avx f16c rdrand lahf_lm abm 3dnowprefetch epb intel_pt tpr_shadow vnmi flexpriority ept vpid fsgsbase tsc_adjust bmi1 avx2 smep bmi2 erms invpcid mpx rdseed adx smap clflushopt xsaveopt xsavec xgetbv1 xsaves dtherm ida arat pln pts hwp hwp_notify hwp_act_window hwp_epp
bugs		:
bogomips	: 5424.00
clflush size	: 64
cache_alignment	: 64
address sizes	: 39 bits physical, 48 bits virtual
power management:

processor	: 1
vendor_id	: GenuineIntel
cpu family	: 6
model		: 142
model name	: Intel(R) Core(TM) i5-7200U CPU @ 2.50GHz
stepping	: 9
microcode	: 0x4e
cpu MHz		: 3099.957
cache size	: 3072 KB
physical id	: 0
siblings	: 4
core id		: 1
cpu cores	: 2
apicid		: 2
initial apicid	: 2
fpu		: yes
fpu_exception	: yes
cpuid level	: 22
wp		: yes
flags		: fpu vme de pse tsc msr pae mce cx8 apic sep mtrr pge mca cmov pat pse36 clflush dts acpi mmx fxsr sse sse2 ss ht tm pbe syscall nx pdpe1gb rdtscp lm constant_tsc art arch_perfmon pebs bts rep_good nopl xtopology nonstop_tsc aperfmperf eagerfpu pni pclmulqdq dtes64 monitor ds_cpl vmx est tm2 ssse3 sdbg fma cx16 xtpr pdcm pcid sse4_1 sse4_2 x2apic movbe popcnt tsc_deadline_timer aes xsave avx f16c rdrand lahf_lm abm 3dnowprefetch epb intel_pt tpr_shadow vnmi flexpriority ept vpid fsgsbase tsc_adjust bmi1 avx2 smep bmi2 erms invpcid mpx rdseed adx smap clflushopt xsaveopt xsavec xgetbv1 xsaves dtherm ida arat pln pts hwp hwp_notify hwp_act_window hwp_epp
bugs		:
bogomips	: 5424.00
clflush size	: 64
cache_alignment	: 64
address sizes	: 39 bits physical, 48 bits virtual
power management:

processor	: 2
vendor_id	: GenuineIntel
cpu family	: 6
model		: 142
model name	: Intel(R) Core(TM) i5-7200U CPU @ 2.50GHz
stepping	: 9
microcode	: 0x4e
cpu MHz		: 3099.957
cache size	: 3072 KB
physical id	: 0
siblings	: 4
core id		: 0
cpu cores	: 2
apicid		: 1
initial apicid	: 1
fpu		: yes
fpu_exception	: yes
cpuid level	: 22
wp		: yes
flags		: fpu vme de pse tsc msr pae mce cx8 apic sep mtrr pge mca cmov pat pse36 clflush dts acpi mmx fxsr sse sse2 ss ht tm pbe syscall nx pdpe1gb rdtscp lm constant_tsc art arch_perfmon pebs bts rep_good nopl xtopology nonstop_tsc aperfmperf eagerfpu pni pclmulqdq dtes64 monitor ds_cpl vmx est tm2 ssse3 sdbg fma cx16 xtpr pdcm pcid sse4_1 sse4_2 x2apic movbe popcnt tsc_deadline_timer aes xsave avx f16c rdrand lahf_lm abm 3dnowprefetch epb intel_pt tpr_shadow vnmi flexpriority ept vpid fsgsbase tsc_adjust bmi1 avx2 smep bmi2 erms invpcid mpx rdseed adx smap clflushopt xsaveopt xsavec xgetbv1 xsaves dtherm ida arat pln pts hwp hwp_notify hwp_act_window hwp_epp
bugs		:
bogomips	: 5424.00
clflush size	: 64
cache_alignment	: 64
address sizes	: 39 bits physical, 48 bits virtual
power management:

processor	: 3
vendor_id	: GenuineIntel
cpu family	: 6
model		: 142
model name	: Intel(R) Core(TM) i5-7200U CPU @ 2.50GHz
stepping	: 9
microcode	: 0x4e
cpu MHz		: 3099.957
cache size	: 3072 KB
physical id	: 0
siblings	: 4
core id		: 1
cpu cores	: 2
apicid		: 3
initial apicid	: 3
fpu		: yes
fpu_exception	: yes
cpuid level	: 22
wp		: yes
flags		: fpu vme de pse tsc msr pae mce cx8 apic sep mtrr pge mca cmov pat pse36 clflush dts acpi mmx fxsr sse sse2 ss ht tm pbe syscall nx pdpe1gb rdtscp lm constant_tsc art arch_perfmon pebs bts rep_good nopl xtopology nonstop_tsc aperfmperf eagerfpu pni pclmulqdq dtes64 monitor ds_cpl vmx est tm2 ssse3 sdbg fma cx16 xtpr pdcm pcid sse4_1 sse4_2 x2apic movbe popcnt tsc_deadline_timer aes xsave avx f16c rdrand lahf_lm abm 3dnowprefetch epb intel_pt tpr_shadow vnmi flexpriority ept vpid fsgsbase tsc_adjust bmi1 avx2 smep bmi2 erms invpcid mpx rdseed adx smap clflushopt xsaveopt xsavec xgetbv1 xsaves dtherm ida arat pln pts hwp hwp_notify hwp_act_window hwp_epp
bugs		:
bogomips	: 5424.00
clflush size	: 64
cache_alignment	: 64
address sizes	: 39 bits physical, 48 bits virtual
power management:



Memory: 4k page, physical 3933408k(116656k free), swap 4400124k(0k free)

vm_info: Java HotSpot(TM) 64-Bit Server VM (25.171-b11) for linux-amd64 JRE (1.8.0_171-b11), built on Mar 28 2018 17:07:08 by "java_re" with gcc 4.3.0 20080428 (Red Hat 4.3.0-8)

time: Wed Jul  4 15:34:00 2018
elapsed time: 0 seconds (0d 0h 0m 0s)

